[0.108s] DEBUG:colcon:Command line arguments: ['/usr/bin/colcon', 'build']
[0.108s] DEBUG:colcon:Parsed command line arguments: Namespace(allow_overriding=[], ament_cmake_args=None, base_paths=['.'], build_base='build', catkin_cmake_args=None, catkin_skip_building_tests=False, cmake_args=None, cmake_clean_cache=False, cmake_clean_first=False, cmake_force_configure=False, cmake_target=None, cmake_target_skip_unavailable=False, continue_on_error=False, event_handlers=None, executor='parallel', ignore_user_meta=False, install_base='install', log_base=None, log_level=None, main=<bound method BuildVerb.main of <colcon_core.verb.build.BuildVerb object at 0x7ff7fe089be0>>, merge_install=False, metas=['./colcon.meta'], packages_above=None, packages_above_and_dependencies=None, packages_above_depth=None, packages_end=None, packages_ignore=None, packages_ignore_regex=None, packages_select=None, packages_select_build_failed=False, packages_select_by_dep=None, packages_select_regex=None, packages_select_test_failures=False, packages_skip=None, packages_skip_build_finished=False, packages_skip_by_dep=None, packages_skip_regex=None, packages_skip_test_passed=False, packages_skip_up_to=None, packages_start=None, packages_up_to=None, packages_up_to_regex=None, parallel_workers=16, paths=None, symlink_install=False, test_result_base=None, verb_extension=<colcon_core.verb.build.BuildVerb object at 0x7ff7fe089be0>, verb_name='build', verb_parser=<colcon_defaults.argument_parser.defaults.DefaultArgumentsDecorator object at 0x7ff7fe095190>)
[0.124s] Level 1:colcon.colcon_core.package_discovery:discover_packages(colcon_meta) check parameters
[0.124s] Level 1:colcon.colcon_core.package_discovery:discover_packages(recursive) check parameters
[0.124s] Level 1:colcon.colcon_core.package_discovery:discover_packages(ignore) check parameters
[0.124s] Level 1:colcon.colcon_core.package_discovery:discover_packages(path) check parameters
[0.124s] Level 1:colcon.colcon_core.package_discovery:discover_packages(colcon_meta) discover
[0.124s] Level 1:colcon.colcon_core.package_discovery:discover_packages(recursive) discover
[0.124s] INFO:colcon.colcon_core.package_discovery:Crawling recursively for packages in '/home/zain/Documents/1st_semester/Embedded_Systems/Assignments/MiniProject/EmbeddedSystem-miniProject/Task3_ROSToMotors'
[0.124s] Level 1:colcon.colcon_core.package_identification:_identify(.) by extensions ['ignore', 'ignore_ament_install']
[0.125s] Level 1:colcon.colcon_core.package_identification:_identify(.) by extension 'ignore'
[0.125s] Level 1:colcon.colcon_core.package_identification:_identify(.) by extension 'ignore_ament_install'
[0.125s] Level 1:colcon.colcon_core.package_identification:_identify(.) by extensions ['colcon_pkg']
[0.125s] Level 1:colcon.colcon_core.package_identification:_identify(.) by extension 'colcon_pkg'
[0.125s] Level 1:colcon.colcon_core.package_identification:_identify(.) by extensions ['colcon_meta']
[0.125s] Level 1:colcon.colcon_core.package_identification:_identify(.) by extension 'colcon_meta'
[0.125s] Level 1:colcon.colcon_core.package_identification:_identify(.) by extensions ['ros']
[0.125s] Level 1:colcon.colcon_core.package_identification:_identify(.) by extension 'ros'
[0.132s] Level 1:colcon.colcon_core.package_identification:_identify(.) by extensions ['cmake', 'python']
[0.132s] Level 1:colcon.colcon_core.package_identification:_identify(.) by extension 'cmake'
[0.132s] Level 1:colcon.colcon_core.package_identification:_identify(.) by extension 'python'
[0.132s] Level 1:colcon.colcon_core.package_identification:_identify(.) by extensions ['python_setup_py']
[0.132s] Level 1:colcon.colcon_core.package_identification:_identify(.) by extension 'python_setup_py'
[0.132s] Level 1:colcon.colcon_core.package_identification:_identify(ROS2Motors) by extensions ['ignore', 'ignore_ament_install']
[0.132s] Level 1:colcon.colcon_core.package_identification:_identify(ROS2Motors) by extension 'ignore'
[0.132s] Level 1:colcon.colcon_core.package_identification:_identify(ROS2Motors) by extension 'ignore_ament_install'
[0.133s] Level 1:colcon.colcon_core.package_identification:_identify(ROS2Motors) by extensions ['colcon_pkg']
[0.133s] Level 1:colcon.colcon_core.package_identification:_identify(ROS2Motors) by extension 'colcon_pkg'
[0.133s] Level 1:colcon.colcon_core.package_identification:_identify(ROS2Motors) by extensions ['colcon_meta']
[0.133s] Level 1:colcon.colcon_core.package_identification:_identify(ROS2Motors) by extension 'colcon_meta'
[0.133s] Level 1:colcon.colcon_core.package_identification:_identify(ROS2Motors) by extensions ['ros']
[0.133s] Level 1:colcon.colcon_core.package_identification:_identify(ROS2Motors) by extension 'ros'
[0.135s] DEBUG:colcon.colcon_core.package_identification:Package 'ROS2Motors' with type 'ros.ament_cmake' and name 'ROS2Motors'
[0.135s] Level 1:colcon.colcon_core.package_identification:_identify(build) by extensions ['ignore', 'ignore_ament_install']
[0.135s] Level 1:colcon.colcon_core.package_identification:_identify(build) by extension 'ignore'
[0.135s] Level 1:colcon.colcon_core.package_identification:_identify(build) ignored
[0.135s] Level 1:colcon.colcon_core.package_identification:_identify(install) by extensions ['ignore', 'ignore_ament_install']
[0.135s] Level 1:colcon.colcon_core.package_identification:_identify(install) by extension 'ignore'
[0.135s] Level 1:colcon.colcon_core.package_identification:_identify(install) ignored
[0.135s] Level 1:colcon.colcon_core.package_identification:_identify(log) by extensions ['ignore', 'ignore_ament_install']
[0.135s] Level 1:colcon.colcon_core.package_identification:_identify(log) by extension 'ignore'
[0.135s] Level 1:colcon.colcon_core.package_identification:_identify(log) ignored
[0.135s] Level 1:colcon.colcon_core.package_identification:_identify(src) by extensions ['ignore', 'ignore_ament_install']
[0.135s] Level 1:colcon.colcon_core.package_identification:_identify(src) by extension 'ignore'
[0.135s] Level 1:colcon.colcon_core.package_identification:_identify(src) by extension 'ignore_ament_install'
[0.135s] Level 1:colcon.colcon_core.package_identification:_identify(src) by extensions ['colcon_pkg']
[0.135s] Level 1:colcon.colcon_core.package_identification:_identify(src) by extension 'colcon_pkg'
[0.135s] Level 1:colcon.colcon_core.package_identification:_identify(src) by extensions ['colcon_meta']
[0.136s] Level 1:colcon.colcon_core.package_identification:_identify(src) by extension 'colcon_meta'
[0.136s] Level 1:colcon.colcon_core.package_identification:_identify(src) by extensions ['ros']
[0.136s] Level 1:colcon.colcon_core.package_identification:_identify(src) by extension 'ros'
[0.136s] Level 1:colcon.colcon_core.package_identification:_identify(src) by extensions ['cmake', 'python']
[0.136s] Level 1:colcon.colcon_core.package_identification:_identify(src) by extension 'cmake'
[0.136s] Level 1:colcon.colcon_core.package_identification:_identify(src) by extension 'python'
[0.136s] Level 1:colcon.colcon_core.package_identification:_identify(src) by extensions ['python_setup_py']
[0.136s] Level 1:colcon.colcon_core.package_identification:_identify(src) by extension 'python_setup_py'
[0.136s] Level 1:colcon.colcon_core.package_discovery:discover_packages(recursive) using defaults
[0.136s] Level 1:colcon.colcon_core.package_discovery:discover_packages(ignore) discover
[0.136s] Level 1:colcon.colcon_core.package_discovery:discover_packages(ignore) using defaults
[0.136s] Level 1:colcon.colcon_core.package_discovery:discover_packages(path) discover
[0.136s] Level 1:colcon.colcon_core.package_discovery:discover_packages(path) using defaults
[0.154s] Level 1:colcon.colcon_core.package_discovery:discover_packages(prefix_path) check parameters
[0.154s] Level 1:colcon.colcon_core.package_discovery:discover_packages(prefix_path) discover
[0.156s] DEBUG:colcon.colcon_installed_package_information.package_discovery:Found 1 installed packages in /home/zain/Documents/1st_semester/Embedded_Systems/Assignments/MiniProject/EmbeddedSystem-miniProject/Task3_ROSToMotors/install
[0.157s] DEBUG:colcon.colcon_installed_package_information.package_discovery:Found 262 installed packages in /opt/ros/foxy
[0.158s] Level 1:colcon.colcon_core.package_discovery:discover_packages(prefix_path) using defaults
[0.208s] Level 5:colcon.colcon_core.verb:set package 'ROS2Motors' build argument 'cmake_args' from command line to 'None'
[0.208s] Level 5:colcon.colcon_core.verb:set package 'ROS2Motors' build argument 'cmake_target' from command line to 'None'
[0.208s] Level 5:colcon.colcon_core.verb:set package 'ROS2Motors' build argument 'cmake_target_skip_unavailable' from command line to 'False'
[0.208s] Level 5:colcon.colcon_core.verb:set package 'ROS2Motors' build argument 'cmake_clean_cache' from command line to 'False'
[0.208s] Level 5:colcon.colcon_core.verb:set package 'ROS2Motors' build argument 'cmake_clean_first' from command line to 'False'
[0.209s] Level 5:colcon.colcon_core.verb:set package 'ROS2Motors' build argument 'cmake_force_configure' from command line to 'False'
[0.209s] Level 5:colcon.colcon_core.verb:set package 'ROS2Motors' build argument 'ament_cmake_args' from command line to 'None'
[0.209s] Level 5:colcon.colcon_core.verb:set package 'ROS2Motors' build argument 'catkin_cmake_args' from command line to 'None'
[0.209s] Level 5:colcon.colcon_core.verb:set package 'ROS2Motors' build argument 'catkin_skip_building_tests' from command line to 'False'
[0.209s] DEBUG:colcon.colcon_core.verb:Building package 'ROS2Motors' with the following arguments: {'ament_cmake_args': None, 'build_base': '/home/zain/Documents/1st_semester/Embedded_Systems/Assignments/MiniProject/EmbeddedSystem-miniProject/Task3_ROSToMotors/build/ROS2Motors', 'catkin_cmake_args': None, 'catkin_skip_building_tests': False, 'cmake_args': None, 'cmake_clean_cache': False, 'cmake_clean_first': False, 'cmake_force_configure': False, 'cmake_target': None, 'cmake_target_skip_unavailable': False, 'install_base': '/home/zain/Documents/1st_semester/Embedded_Systems/Assignments/MiniProject/EmbeddedSystem-miniProject/Task3_ROSToMotors/install/ROS2Motors', 'merge_install': False, 'path': '/home/zain/Documents/1st_semester/Embedded_Systems/Assignments/MiniProject/EmbeddedSystem-miniProject/Task3_ROSToMotors/ROS2Motors', 'symlink_install': False, 'test_result_base': None}
[0.209s] INFO:colcon.colcon_core.executor:Executing jobs using 'parallel' executor
[0.212s] DEBUG:colcon.colcon_parallel_executor.executor.parallel:run_until_complete
[0.212s] INFO:colcon.colcon_ros.task.ament_cmake.build:Building ROS package in '/home/zain/Documents/1st_semester/Embedded_Systems/Assignments/MiniProject/EmbeddedSystem-miniProject/Task3_ROSToMotors/ROS2Motors' with build type 'ament_cmake'
[0.212s] INFO:colcon.colcon_cmake.task.cmake.build:Building CMake package in '/home/zain/Documents/1st_semester/Embedded_Systems/Assignments/MiniProject/EmbeddedSystem-miniProject/Task3_ROSToMotors/ROS2Motors'
[0.215s] INFO:colcon.colcon_core.plugin_system:Skipping extension 'colcon_core.shell.bat': Not used on non-Windows systems
[0.215s] INFO:colcon.colcon_core.shell:Skip shell extension 'powershell' for command environment: Not usable outside of PowerShell
[0.215s] DEBUG:colcon.colcon_core.shell:Skip shell extension 'dsv' for command environment
[0.225s] DEBUG:colcon.colcon_core.event_handler.log_command:Invoking command in '/home/zain/Documents/1st_semester/Embedded_Systems/Assignments/MiniProject/EmbeddedSystem-miniProject/Task3_ROSToMotors/build/ROS2Motors': CMAKE_PREFIX_PATH=${CMAKE_PREFIX_PATH}:/opt/ros/foxy COMP_WORDBREAKS=
"'><=;|&( CONDA_PROMPT_MODIFIER=(base) /usr/bin/cmake --build /home/zain/Documents/1st_semester/Embedded_Systems/Assignments/MiniProject/EmbeddedSystem-miniProject/Task3_ROSToMotors/build/ROS2Motors -- -j16 -l16
[0.259s] DEBUG:colcon.colcon_core.event_handler.log_command:Invoked command in '/home/zain/Documents/1st_semester/Embedded_Systems/Assignments/MiniProject/EmbeddedSystem-miniProject/Task3_ROSToMotors/build/ROS2Motors' returned '0': CMAKE_PREFIX_PATH=${CMAKE_PREFIX_PATH}:/opt/ros/foxy COMP_WORDBREAKS=
"'><=;|&( CONDA_PROMPT_MODIFIER=(base) /usr/bin/cmake --build /home/zain/Documents/1st_semester/Embedded_Systems/Assignments/MiniProject/EmbeddedSystem-miniProject/Task3_ROSToMotors/build/ROS2Motors -- -j16 -l16
[0.280s] DEBUG:colcon.colcon_core.event_handler.log_command:Invoking command in '/home/zain/Documents/1st_semester/Embedded_Systems/Assignments/MiniProject/EmbeddedSystem-miniProject/Task3_ROSToMotors/build/ROS2Motors': CMAKE_PREFIX_PATH=${CMAKE_PREFIX_PATH}:/opt/ros/foxy COMP_WORDBREAKS=
"'><=;|&( CONDA_PROMPT_MODIFIER=(base) /usr/bin/cmake --install /home/zain/Documents/1st_semester/Embedded_Systems/Assignments/MiniProject/EmbeddedSystem-miniProject/Task3_ROSToMotors/build/ROS2Motors
[0.286s] Level 1:colcon.colcon_core.environment:create_environment_scripts_only(ROS2Motors)
[0.286s] DEBUG:colcon.colcon_core.event_handler.log_command:Invoked command in '/home/zain/Documents/1st_semester/Embedded_Systems/Assignments/MiniProject/EmbeddedSystem-miniProject/Task3_ROSToMotors/build/ROS2Motors' returned '0': CMAKE_PREFIX_PATH=${CMAKE_PREFIX_PATH}:/opt/ros/foxy COMP_WORDBREAKS=
"'><=;|&( CONDA_PROMPT_MODIFIER=(base) /usr/bin/cmake --install /home/zain/Documents/1st_semester/Embedded_Systems/Assignments/MiniProject/EmbeddedSystem-miniProject/Task3_ROSToMotors/build/ROS2Motors
[0.290s] Level 1:colcon.colcon_core.environment:checking '/home/zain/Documents/1st_semester/Embedded_Systems/Assignments/MiniProject/EmbeddedSystem-miniProject/Task3_ROSToMotors/install/ROS2Motors' for CMake module files
[0.290s] Level 1:colcon.colcon_core.environment:checking '/home/zain/Documents/1st_semester/Embedded_Systems/Assignments/MiniProject/EmbeddedSystem-miniProject/Task3_ROSToMotors/install/ROS2Motors' for CMake config files
[0.290s] Level 1:colcon.colcon_core.shell:create_environment_hook('ROS2Motors', 'cmake_prefix_path')
[0.291s] INFO:colcon.colcon_core.shell:Creating environment hook '/home/zain/Documents/1st_semester/Embedded_Systems/Assignments/MiniProject/EmbeddedSystem-miniProject/Task3_ROSToMotors/install/ROS2Motors/share/ROS2Motors/hook/cmake_prefix_path.ps1'
[0.291s] INFO:colcon.colcon_core.shell:Creating environment descriptor '/home/zain/Documents/1st_semester/Embedded_Systems/Assignments/MiniProject/EmbeddedSystem-miniProject/Task3_ROSToMotors/install/ROS2Motors/share/ROS2Motors/hook/cmake_prefix_path.dsv'
[0.292s] INFO:colcon.colcon_core.shell:Creating environment hook '/home/zain/Documents/1st_semester/Embedded_Systems/Assignments/MiniProject/EmbeddedSystem-miniProject/Task3_ROSToMotors/install/ROS2Motors/share/ROS2Motors/hook/cmake_prefix_path.sh'
[0.292s] Level 1:colcon.colcon_core.environment:checking '/home/zain/Documents/1st_semester/Embedded_Systems/Assignments/MiniProject/EmbeddedSystem-miniProject/Task3_ROSToMotors/install/ROS2Motors/lib'
[0.292s] Level 1:colcon.colcon_core.environment:checking '/home/zain/Documents/1st_semester/Embedded_Systems/Assignments/MiniProject/EmbeddedSystem-miniProject/Task3_ROSToMotors/install/ROS2Motors/bin'
[0.292s] Level 1:colcon.colcon_core.environment:checking '/home/zain/Documents/1st_semester/Embedded_Systems/Assignments/MiniProject/EmbeddedSystem-miniProject/Task3_ROSToMotors/install/ROS2Motors/lib/pkgconfig/ROS2Motors.pc'
[0.293s] Level 1:colcon.colcon_core.environment:checking '/home/zain/Documents/1st_semester/Embedded_Systems/Assignments/MiniProject/EmbeddedSystem-miniProject/Task3_ROSToMotors/install/ROS2Motors/lib/python3.8/site-packages'
[0.293s] Level 1:colcon.colcon_core.environment:checking '/home/zain/Documents/1st_semester/Embedded_Systems/Assignments/MiniProject/EmbeddedSystem-miniProject/Task3_ROSToMotors/install/ROS2Motors/bin'
[0.294s] INFO:colcon.colcon_core.shell:Creating package script '/home/zain/Documents/1st_semester/Embedded_Systems/Assignments/MiniProject/EmbeddedSystem-miniProject/Task3_ROSToMotors/install/ROS2Motors/share/ROS2Motors/package.ps1'
[0.294s] INFO:colcon.colcon_core.shell:Creating package descriptor '/home/zain/Documents/1st_semester/Embedded_Systems/Assignments/MiniProject/EmbeddedSystem-miniProject/Task3_ROSToMotors/install/ROS2Motors/share/ROS2Motors/package.dsv'
[0.295s] INFO:colcon.colcon_core.shell:Creating package script '/home/zain/Documents/1st_semester/Embedded_Systems/Assignments/MiniProject/EmbeddedSystem-miniProject/Task3_ROSToMotors/install/ROS2Motors/share/ROS2Motors/package.sh'
[0.295s] INFO:colcon.colcon_core.shell:Creating package script '/home/zain/Documents/1st_semester/Embedded_Systems/Assignments/MiniProject/EmbeddedSystem-miniProject/Task3_ROSToMotors/install/ROS2Motors/share/ROS2Motors/package.bash'
[0.295s] INFO:colcon.colcon_core.shell:Creating package script '/home/zain/Documents/1st_semester/Embedded_Systems/Assignments/MiniProject/EmbeddedSystem-miniProject/Task3_ROSToMotors/install/ROS2Motors/share/ROS2Motors/package.zsh'
[0.296s] Level 1:colcon.colcon_core.environment:create_file_with_runtime_dependencies(/home/zain/Documents/1st_semester/Embedded_Systems/Assignments/MiniProject/EmbeddedSystem-miniProject/Task3_ROSToMotors/install/ROS2Motors/share/colcon-core/packages/ROS2Motors)
[0.310s] Level 1:colcon.colcon_core.environment:create_environment_scripts_only(ROS2Motors)
[0.311s] Level 1:colcon.colcon_core.environment:checking '/home/zain/Documents/1st_semester/Embedded_Systems/Assignments/MiniProject/EmbeddedSystem-miniProject/Task3_ROSToMotors/install/ROS2Motors' for CMake module files
[0.312s] Level 1:colcon.colcon_core.environment:checking '/home/zain/Documents/1st_semester/Embedded_Systems/Assignments/MiniProject/EmbeddedSystem-miniProject/Task3_ROSToMotors/install/ROS2Motors' for CMake config files
[0.312s] Level 1:colcon.colcon_core.shell:create_environment_hook('ROS2Motors', 'cmake_prefix_path')
[0.313s] INFO:colcon.colcon_core.shell:Creating environment hook '/home/zain/Documents/1st_semester/Embedded_Systems/Assignments/MiniProject/EmbeddedSystem-miniProject/Task3_ROSToMotors/install/ROS2Motors/share/ROS2Motors/hook/cmake_prefix_path.ps1'
[0.313s] INFO:colcon.colcon_core.shell:Creating environment descriptor '/home/zain/Documents/1st_semester/Embedded_Systems/Assignments/MiniProject/EmbeddedSystem-miniProject/Task3_ROSToMotors/install/ROS2Motors/share/ROS2Motors/hook/cmake_prefix_path.dsv'
[0.313s] INFO:colcon.colcon_core.shell:Creating environment hook '/home/zain/Documents/1st_semester/Embedded_Systems/Assignments/MiniProject/EmbeddedSystem-miniProject/Task3_ROSToMotors/install/ROS2Motors/share/ROS2Motors/hook/cmake_prefix_path.sh'
[0.314s] Level 1:colcon.colcon_core.environment:checking '/home/zain/Documents/1st_semester/Embedded_Systems/Assignments/MiniProject/EmbeddedSystem-miniProject/Task3_ROSToMotors/install/ROS2Motors/lib'
[0.314s] Level 1:colcon.colcon_core.environment:checking '/home/zain/Documents/1st_semester/Embedded_Systems/Assignments/MiniProject/EmbeddedSystem-miniProject/Task3_ROSToMotors/install/ROS2Motors/bin'
[0.314s] Level 1:colcon.colcon_core.environment:checking '/home/zain/Documents/1st_semester/Embedded_Systems/Assignments/MiniProject/EmbeddedSystem-miniProject/Task3_ROSToMotors/install/ROS2Motors/lib/pkgconfig/ROS2Motors.pc'
[0.314s] Level 1:colcon.colcon_core.environment:checking '/home/zain/Documents/1st_semester/Embedded_Systems/Assignments/MiniProject/EmbeddedSystem-miniProject/Task3_ROSToMotors/install/ROS2Motors/lib/python3.8/site-packages'
[0.314s] Level 1:colcon.colcon_core.environment:checking '/home/zain/Documents/1st_semester/Embedded_Systems/Assignments/MiniProject/EmbeddedSystem-miniProject/Task3_ROSToMotors/install/ROS2Motors/bin'
[0.315s] INFO:colcon.colcon_core.shell:Creating package script '/home/zain/Documents/1st_semester/Embedded_Systems/Assignments/MiniProject/EmbeddedSystem-miniProject/Task3_ROSToMotors/install/ROS2Motors/share/ROS2Motors/package.ps1'
[0.315s] INFO:colcon.colcon_core.shell:Creating package descriptor '/home/zain/Documents/1st_semester/Embedded_Systems/Assignments/MiniProject/EmbeddedSystem-miniProject/Task3_ROSToMotors/install/ROS2Motors/share/ROS2Motors/package.dsv'
[0.316s] INFO:colcon.colcon_core.shell:Creating package script '/home/zain/Documents/1st_semester/Embedded_Systems/Assignments/MiniProject/EmbeddedSystem-miniProject/Task3_ROSToMotors/install/ROS2Motors/share/ROS2Motors/package.sh'
[0.316s] INFO:colcon.colcon_core.shell:Creating package script '/home/zain/Documents/1st_semester/Embedded_Systems/Assignments/MiniProject/EmbeddedSystem-miniProject/Task3_ROSToMotors/install/ROS2Motors/share/ROS2Motors/package.bash'
[0.316s] INFO:colcon.colcon_core.shell:Creating package script '/home/zain/Documents/1st_semester/Embedded_Systems/Assignments/MiniProject/EmbeddedSystem-miniProject/Task3_ROSToMotors/install/ROS2Motors/share/ROS2Motors/package.zsh'
[0.316s] Level 1:colcon.colcon_core.environment:create_file_with_runtime_dependencies(/home/zain/Documents/1st_semester/Embedded_Systems/Assignments/MiniProject/EmbeddedSystem-miniProject/Task3_ROSToMotors/install/ROS2Motors/share/colcon-core/packages/ROS2Motors)
[0.317s] DEBUG:colcon.colcon_parallel_executor.executor.parallel:closing loop
[0.317s] DEBUG:colcon.colcon_parallel_executor.executor.parallel:loop closed
[0.317s] DEBUG:colcon.colcon_parallel_executor.executor.parallel:run_until_complete finished with '0'
[0.317s] DEBUG:colcon.colcon_core.event_reactor:joining thread
[0.321s] INFO:colcon.colcon_core.plugin_system:Skipping extension 'colcon_notification.desktop_notification.terminal_notifier': Not used on non-Darwin systems
[0.321s] INFO:colcon.colcon_core.plugin_system:Skipping extension 'colcon_notification.desktop_notification.win32': Not used on non-Windows systems
[0.321s] INFO:colcon.colcon_notification.desktop_notification:Sending desktop notification using 'notify2'
[0.323s] DEBUG:colcon.colcon_core.event_reactor:joined thread
[0.324s] INFO:colcon.colcon_core.shell:Creating prefix script '/home/zain/Documents/1st_semester/Embedded_Systems/Assignments/MiniProject/EmbeddedSystem-miniProject/Task3_ROSToMotors/install/local_setup.ps1'
[0.325s] INFO:colcon.colcon_core.shell:Creating prefix util module '/home/zain/Documents/1st_semester/Embedded_Systems/Assignments/MiniProject/EmbeddedSystem-miniProject/Task3_ROSToMotors/install/_local_setup_util_ps1.py'
[0.326s] INFO:colcon.colcon_core.shell:Creating prefix chain script '/home/zain/Documents/1st_semester/Embedded_Systems/Assignments/MiniProject/EmbeddedSystem-miniProject/Task3_ROSToMotors/install/setup.ps1'
[0.327s] INFO:colcon.colcon_core.shell:Creating prefix script '/home/zain/Documents/1st_semester/Embedded_Systems/Assignments/MiniProject/EmbeddedSystem-miniProject/Task3_ROSToMotors/install/local_setup.sh'
[0.327s] INFO:colcon.colcon_core.shell:Creating prefix util module '/home/zain/Documents/1st_semester/Embedded_Systems/Assignments/MiniProject/EmbeddedSystem-miniProject/Task3_ROSToMotors/install/_local_setup_util_sh.py'
[0.327s] INFO:colcon.colcon_core.shell:Creating prefix chain script '/home/zain/Documents/1st_semester/Embedded_Systems/Assignments/MiniProject/EmbeddedSystem-miniProject/Task3_ROSToMotors/install/setup.sh'
[0.328s] INFO:colcon.colcon_core.shell:Creating prefix script '/home/zain/Documents/1st_semester/Embedded_Systems/Assignments/MiniProject/EmbeddedSystem-miniProject/Task3_ROSToMotors/install/local_setup.bash'
[0.328s] INFO:colcon.colcon_core.shell:Creating prefix chain script '/home/zain/Documents/1st_semester/Embedded_Systems/Assignments/MiniProject/EmbeddedSystem-miniProject/Task3_ROSToMotors/install/setup.bash'
[0.329s] INFO:colcon.colcon_core.shell:Creating prefix script '/home/zain/Documents/1st_semester/Embedded_Systems/Assignments/MiniProject/EmbeddedSystem-miniProject/Task3_ROSToMotors/install/local_setup.zsh'
[0.329s] INFO:colcon.colcon_core.shell:Creating prefix chain script '/home/zain/Documents/1st_semester/Embedded_Systems/Assignments/MiniProject/EmbeddedSystem-miniProject/Task3_ROSToMotors/install/setup.zsh'
