

================================================================
== Vitis HLS Report for 'inversekinematics'
================================================================
* Date:           Wed Dec 14 18:16:43 2022

* Version:        2020.2 (Build 3064766 on Wed Nov 18 09:12:47 MST 2020)
* Project:        inversekinematics
* Solution:       solution1 (Vivado IP Flow Target)
* Product family: zynquplus
* Target device:  xczu3eg-sbva484-1-i


================================================================
== Performance Estimates
================================================================
+ Timing: 
    * Summary: 
    +--------+----------+----------+------------+
    |  Clock |  Target  | Estimated| Uncertainty|
    +--------+----------+----------+------------+
    |ap_clk  |  10.00 ns|  7.317 ns|     2.70 ns|
    +--------+----------+----------+------------+

+ Latency: 
    * Summary: 
    +---------+---------+----------+----------+-----+-----+---------+
    |  Latency (cycles) |  Latency (absolute) |  Interval | Pipeline|
    |   min   |   max   |    min   |    max   | min | max |   Type  |
    +---------+---------+----------+----------+-----+-----+---------+
    |      142|      339|  1.420 us|  3.390 us|  143|  340|     none|
    +---------+---------+----------+----------+-----+-----+---------+

    + Detail: 
        * Instance: 
        +----------------------------------+-----------------------+---------+---------+-----------+----------+-----+-----+---------+
        |                                  |                       |  Latency (cycles) |  Latency (absolute)  |  Interval | Pipeline|
        |             Instance             |         Module        |   min   |   max   |    min    |    max   | min | max |   Type  |
        +----------------------------------+-----------------------+---------+---------+-----------+----------+-----+-----+---------+
        |grp_pow_generic_double_s_fu_169   |pow_generic_double_s   |       23|       23|   0.230 us|  0.230 us|    1|    1|      yes|
        |grp_pow_generic_double_s_fu_198   |pow_generic_double_s   |       23|       23|   0.230 us|  0.230 us|    1|    1|      yes|
        |grp_atan2_cordic_double_s_fu_227  |atan2_cordic_double_s  |        1|      109|  10.000 ns|  1.090 us|    1|  109|     none|
        |grp_generic_asin_double_s_fu_235  |generic_asin_double_s  |        1|       90|  10.000 ns|  0.900 us|    1|   90|     none|
        +----------------------------------+-----------------------+---------+---------+-----------+----------+-----+-----+---------+

        * Loop: 
        +-------------------+---------+---------+----------+-----------+-----------+------+----------+
        |                   |  Latency (cycles) | Iteration|  Initiation Interval  | Trip |          |
        |     Loop Name     |   min   |   max   |  Latency |  achieved |   target  | Count| Pipelined|
        +-------------------+---------+---------+----------+-----------+-----------+------+----------+
        |- VITIS_LOOP_15_1  |        2|        2|         2|          1|          1|     2|       yes|
        +-------------------+---------+---------+----------+-----------+-----------+------+----------+



================================================================
== Utilization Estimates
================================================================
* Summary: 
+-----------------+---------+-----+--------+-------+-----+
|       Name      | BRAM_18K| DSP |   FF   |  LUT  | URAM|
+-----------------+---------+-----+--------+-------+-----+
|DSP              |        -|    -|       -|      -|    -|
|Expression       |        -|    -|       0|     87|    -|
|FIFO             |        -|    -|       -|      -|    -|
|Instance         |       68|   97|   12991|  26464|    -|
|Memory           |        -|    -|       -|      -|    -|
|Multiplexer      |        -|    -|       -|    974|    -|
|Register         |        -|    -|    1109|      -|    -|
+-----------------+---------+-----+--------+-------+-----+
|Total            |       68|   97|   14100|  27525|    0|
+-----------------+---------+-----+--------+-------+-----+
|Available        |      432|  360|  141120|  70560|    0|
+-----------------+---------+-----+--------+-------+-----+
|Utilization (%)  |       15|   26|       9|     39|    0|
+-----------------+---------+-----+--------+-------+-----+

+ Detail: 
    * Instance: 
    +----------------------------------------+------------------------------------+---------+----+------+------+-----+
    |                Instance                |               Module               | BRAM_18K| DSP|  FF  |  LUT | URAM|
    +----------------------------------------+------------------------------------+---------+----+------+------+-----+
    |grp_atan2_cordic_double_s_fu_227        |atan2_cordic_double_s               |        4|   0|  1264|  5118|    0|
    |dadd_64ns_64ns_64_5_full_dsp_1_U63      |dadd_64ns_64ns_64_5_full_dsp_1      |        0|   3|   445|   781|    0|
    |dadddsub_64ns_64ns_64_5_full_dsp_1_U62  |dadddsub_64ns_64ns_64_5_full_dsp_1  |        0|   3|   445|   781|    0|
    |ddiv_64ns_64ns_64_22_no_dsp_1_U65       |ddiv_64ns_64ns_64_22_no_dsp_1       |        0|   0|     0|     0|    0|
    |dmul_64ns_64ns_64_6_max_dsp_1_U64       |dmul_64ns_64ns_64_6_max_dsp_1       |        0|  11|   317|   208|    0|
    |dsqrt_64ns_64ns_64_30_no_dsp_1_U66      |dsqrt_64ns_64ns_64_30_no_dsp_1      |        0|   0|     0|     0|    0|
    |fmul_32ns_32ns_32_4_max_dsp_1_U57       |fmul_32ns_32ns_32_4_max_dsp_1       |        0|   3|   143|   140|    0|
    |fmul_32ns_32ns_32_4_max_dsp_1_U58       |fmul_32ns_32ns_32_4_max_dsp_1       |        0|   3|   143|   140|    0|
    |fpext_32ns_64_2_no_dsp_1_U60            |fpext_32ns_64_2_no_dsp_1            |        0|   0|     0|     0|    0|
    |fpext_32ns_64_2_no_dsp_1_U61            |fpext_32ns_64_2_no_dsp_1            |        0|   0|     0|     0|    0|
    |fptrunc_64ns_32_2_no_dsp_1_U59          |fptrunc_64ns_32_2_no_dsp_1          |        0|   0|     0|     0|    0|
    |fsub_32ns_32ns_32_5_full_dsp_1_U56      |fsub_32ns_32ns_32_5_full_dsp_1      |        0|   2|   205|   206|    0|
    |grp_generic_asin_double_s_fu_235        |generic_asin_double_s               |        4|   0|   879|  6876|    0|
    |grp_pow_generic_double_s_fu_169         |pow_generic_double_s                |       30|  36|  4575|  6107|    0|
    |grp_pow_generic_double_s_fu_198         |pow_generic_double_s                |       30|  36|  4575|  6107|    0|
    +----------------------------------------+------------------------------------+---------+----+------+------+-----+
    |Total                                   |                                    |       68|  97| 12991| 26464|    0|
    +----------------------------------------+------------------------------------+---------+----+------+------+-----+

    * DSP: 
    N/A

    * Memory: 
    N/A

    * FIFO: 
    N/A

    * Expression: 
    +-----------------------------------+----------+----+---+----+------------+------------+
    |           Variable Name           | Operation| DSP| FF| LUT| Bitwidth P0| Bitwidth P1|
    +-----------------------------------+----------+----+---+----+------------+------------+
    |add_ln15_fu_335_p2                 |         +|   0|  0|   9|           2|           1|
    |icmp_ln15_fu_341_p2                |      icmp|   0|  0|   8|           2|           3|
    |ap_block_state118_on_subcall_done  |        or|   0|  0|   2|           1|           1|
    |din_1_1_fu_367_p3                  |    select|   0|  0|  32|           1|          32|
    |y_1_fu_360_p3                      |    select|   0|  0|  32|           1|          32|
    |ap_enable_pp0                      |       xor|   0|  0|   2|           1|           2|
    |ap_enable_reg_pp0_iter1            |       xor|   0|  0|   2|           2|           1|
    +-----------------------------------+----------+----+---+----+------------+------------+
    |Total                              |          |   0|  0|  87|          10|          72|
    +-----------------------------------+----------+----+---+----+------------+------------+

    * Multiplexer: 
    +-------------------------+-----+-----------+-----+-----------+
    |           Name          | LUT | Input Size| Bits| Total Bits|
    +-------------------------+-----+-----------+-----+-----------+
    |ap_NS_fsm                |  737|        140|    1|        140|
    |ap_enable_reg_pp0_iter1  |   14|          3|    1|          3|
    |dout_address0            |   14|          3|   11|         33|
    |dout_d0                  |   14|          3|   32|         96|
    |grp_fu_242_p0            |   14|          3|   32|         96|
    |grp_fu_242_p1            |   14|          3|   32|         96|
    |grp_fu_257_p0            |   20|          4|   64|        256|
    |grp_fu_261_p0            |   14|          3|   32|         96|
    |grp_fu_272_ce            |   14|          3|    1|          3|
    |grp_fu_272_opcode        |   20|          4|    2|          8|
    |grp_fu_272_p0            |   31|          6|   64|        384|
    |grp_fu_272_p1            |   31|          6|   64|        384|
    |grp_fu_289_p0            |   14|          3|   64|        192|
    |grp_fu_289_p1            |   14|          3|   64|        192|
    |i_reg_158                |    9|          2|    2|          4|
    +-------------------------+-----+-----------+-----+-----------+
    |Total                    |  974|        189|  466|       1983|
    +-------------------------+-----+-----------+-----+-----------+

    * Register: 
    +-----------------------------------------------+-----+----+-----+-----------+
    |                      Name                     |  FF | LUT| Bits| Const Bits|
    +-----------------------------------------------+-----+----+-----+-----------+
    |ap_CS_fsm                                      |  139|   0|  139|          0|
    |ap_enable_reg_pp0_iter0                        |    1|   0|    1|          0|
    |ap_enable_reg_pp0_iter1                        |    1|   0|    1|          0|
    |grp_atan2_cordic_double_s_fu_227_ap_start_reg  |    1|   0|    1|          0|
    |grp_generic_asin_double_s_fu_235_ap_start_reg  |    1|   0|    1|          0|
    |grp_pow_generic_double_s_fu_169_ap_start_reg   |    1|   0|    1|          0|
    |grp_pow_generic_double_s_fu_198_ap_start_reg   |    1|   0|    1|          0|
    |i_reg_158                                      |    2|   0|    2|          0|
    |icmp_ln15_reg_389                              |    1|   0|    1|          0|
    |mul2_reg_467                                   |   32|   0|   32|          0|
    |mul_reg_442                                    |   64|   0|   64|          0|
    |phi_1_reg_462                                  |   32|   0|   32|          0|
    |reg_299                                        |   64|   0|   64|          0|
    |reg_306                                        |   64|   0|   64|          0|
    |reg_313                                        |   32|   0|   32|          0|
    |reg_320                                        |   64|   0|   64|          0|
    |reg_325                                        |   64|   0|   64|          0|
    |reg_330                                        |   32|   0|   32|          0|
    |sub2_reg_447                                   |   64|   0|   64|          0|
    |sub3_reg_452                                   |   64|   0|   64|          0|
    |tmp_8_reg_431                                  |   64|   0|   64|          0|
    |tmp_s_reg_426                                  |   64|   0|   64|          0|
    |trunc_ln16_reg_398                             |    1|   0|    1|          0|
    |x_assign_2_reg_436                             |   64|   0|   64|          0|
    |x_assign_5_reg_420                             |   64|   0|   64|          0|
    |x_assign_reg_414                               |   64|   0|   64|          0|
    |x_reg_146                                      |   32|   0|   32|          0|
    |y_reg_134                                      |   32|   0|   32|          0|
    +-----------------------------------------------+-----+----+-----+-----------+
    |Total                                          | 1109|   0| 1109|          0|
    +-----------------------------------------------+-----+----+-----+-----------+



================================================================
== Interface
================================================================
* Summary: 
+---------------+-----+-----+------------+-------------------+--------------+
|   RTL Ports   | Dir | Bits|  Protocol  |   Source Object   |    C Type    |
+---------------+-----+-----+------------+-------------------+--------------+
|ap_clk         |   in|    1|  ap_ctrl_hs|  inversekinematics|  return value|
|ap_rst         |   in|    1|  ap_ctrl_hs|  inversekinematics|  return value|
|ap_start       |   in|    1|  ap_ctrl_hs|  inversekinematics|  return value|
|ap_done        |  out|    1|  ap_ctrl_hs|  inversekinematics|  return value|
|ap_idle        |  out|    1|  ap_ctrl_hs|  inversekinematics|  return value|
|ap_ready       |  out|    1|  ap_ctrl_hs|  inversekinematics|  return value|
|din_address0   |  out|   11|   ap_memory|                din|         array|
|din_ce0        |  out|    1|   ap_memory|                din|         array|
|din_q0         |   in|   32|   ap_memory|                din|         array|
|dout_address0  |  out|   11|   ap_memory|               dout|         array|
|dout_ce0       |  out|    1|   ap_memory|               dout|         array|
|dout_we0       |  out|    1|   ap_memory|               dout|         array|
|dout_d0        |  out|   32|   ap_memory|               dout|         array|
+---------------+-----+-----+------------+-------------------+--------------+

