[0.010s] Invoking command in '/home/zain/Documents/1st_semester/Embedded_Systems/Assignments/MiniProject/EmbeddedSystem-miniProject/Task3_ROSToMotors/build/ROS2Motors': CMAKE_PREFIX_PATH=/opt/ros/foxy COMP_WORDBREAKS=
"'><=;|&( CONDA_PROMPT_MODIFIER=(base) /usr/bin/cmake /home/zain/Documents/1st_semester/Embedded_Systems/Assignments/MiniProject/EmbeddedSystem-miniProject/Task3_ROSToMotors/ROS2Motors -DCMAKE_INSTALL_PREFIX=/home/zain/Documents/1st_semester/Embedded_Systems/Assignments/MiniProject/EmbeddedSystem-miniProject/Task3_ROSToMotors/install/ROS2Motors
[0.100s] -- The C compiler identification is GNU 9.4.0
[0.162s] -- The CXX compiler identification is GNU 9.4.0
[0.166s] -- Check for working C compiler: /usr/bin/cc
[0.208s] -- Check for working C compiler: /usr/bin/cc -- works
[0.209s] -- Detecting C compiler ABI info
[0.267s] -- Detecting C compiler ABI info - done
[0.283s] -- Detecting C compile features
[0.283s] -- Detecting C compile features - done
[0.287s] -- Check for working CXX compiler: /usr/bin/c++
[0.352s] -- Check for working CXX compiler: /usr/bin/c++ -- works
[0.353s] -- Detecting CXX compiler ABI info
[0.408s] -- Detecting CXX compiler ABI info - done
[0.417s] -- Detecting CXX compile features
[0.418s] -- Detecting CXX compile features - done
[0.422s] -- Found ament_cmake: 0.9.11 (/opt/ros/foxy/share/ament_cmake/cmake)
[0.447s] -- Found PythonInterp: /opt/anaconda3/bin/python3 (found suitable version "3.9.15", minimum required is "3") 
[0.447s] -- Using PYTHON_EXECUTABLE: /opt/anaconda3/bin/python3
[0.670s] -- Found ament_lint_auto: 0.9.7 (/opt/ros/foxy/share/ament_lint_auto/cmake)
[0.722s] WARNING: Package name "ROS2Motors" does not follow the naming conventions. It should start with a lower case letter and only contain lower case letters, digits, underscores, and dashes.
[0.743s] -- Added test 'copyright' to check source files copyright and LICENSE
[0.744s] -- Added test 'cppcheck' to perform static code analysis on C / C++ code
[0.744s] -- Configured cppcheck include dirs: $<BUILD_INTERFACE:/home/zain/Documents/1st_semester/Embedded_Systems/Assignments/MiniProject/EmbeddedSystem-miniProject/Task3_ROSToMotors/ROS2Motors/include>
[0.744s] -- Configured cppcheck exclude dirs and/or files: 
[0.745s] -- Added test 'cpplint' to check C / C++ code against the Google style
[0.745s] -- Configured cpplint exclude dirs and/or files: 
[0.746s] -- Added test 'lint_cmake' to check CMake code style
[0.746s] -- Added test 'uncrustify' to check C / C++ code style
[0.746s] -- Configured uncrustify additional arguments: 
[0.747s] -- Added test 'xmllint' to check XML markup files
[0.748s] -- Configuring done
[0.750s] -- Generating done
[0.751s] -- Build files have been written to: /home/zain/Documents/1st_semester/Embedded_Systems/Assignments/MiniProject/EmbeddedSystem-miniProject/Task3_ROSToMotors/build/ROS2Motors
[0.753s] Invoked command in '/home/zain/Documents/1st_semester/Embedded_Systems/Assignments/MiniProject/EmbeddedSystem-miniProject/Task3_ROSToMotors/build/ROS2Motors' returned '0': CMAKE_PREFIX_PATH=/opt/ros/foxy COMP_WORDBREAKS=
"'><=;|&( CONDA_PROMPT_MODIFIER=(base) /usr/bin/cmake /home/zain/Documents/1st_semester/Embedded_Systems/Assignments/MiniProject/EmbeddedSystem-miniProject/Task3_ROSToMotors/ROS2Motors -DCMAKE_INSTALL_PREFIX=/home/zain/Documents/1st_semester/Embedded_Systems/Assignments/MiniProject/EmbeddedSystem-miniProject/Task3_ROSToMotors/install/ROS2Motors
[0.756s] Invoking command in '/home/zain/Documents/1st_semester/Embedded_Systems/Assignments/MiniProject/EmbeddedSystem-miniProject/Task3_ROSToMotors/build/ROS2Motors': CMAKE_PREFIX_PATH=/opt/ros/foxy COMP_WORDBREAKS=
"'><=;|&( CONDA_PROMPT_MODIFIER=(base) /usr/bin/cmake --build /home/zain/Documents/1st_semester/Embedded_Systems/Assignments/MiniProject/EmbeddedSystem-miniProject/Task3_ROSToMotors/build/ROS2Motors -- -j16 -l16
[0.778s] [35m[1mScanning dependencies of target ROS2Motors_node[0m
[0.784s] [ 50%] [32mBuilding CXX object CMakeFiles/ROS2Motors_node.dir/src/ROS2Motors_node.cpp.o[0m
[0.804s] [100%] [32m[1mLinking CXX executable ROS2Motors_node[0m
[0.832s] [100%] Built target ROS2Motors_node
[0.839s] Invoked command in '/home/zain/Documents/1st_semester/Embedded_Systems/Assignments/MiniProject/EmbeddedSystem-miniProject/Task3_ROSToMotors/build/ROS2Motors' returned '0': CMAKE_PREFIX_PATH=/opt/ros/foxy COMP_WORDBREAKS=
"'><=;|&( CONDA_PROMPT_MODIFIER=(base) /usr/bin/cmake --build /home/zain/Documents/1st_semester/Embedded_Systems/Assignments/MiniProject/EmbeddedSystem-miniProject/Task3_ROSToMotors/build/ROS2Motors -- -j16 -l16
[0.862s] Invoking command in '/home/zain/Documents/1st_semester/Embedded_Systems/Assignments/MiniProject/EmbeddedSystem-miniProject/Task3_ROSToMotors/build/ROS2Motors': CMAKE_PREFIX_PATH=/opt/ros/foxy COMP_WORDBREAKS=
"'><=;|&( CONDA_PROMPT_MODIFIER=(base) /usr/bin/cmake --install /home/zain/Documents/1st_semester/Embedded_Systems/Assignments/MiniProject/EmbeddedSystem-miniProject/Task3_ROSToMotors/build/ROS2Motors
[0.868s] -- Install configuration: ""
[0.868s] -- Installing: /home/zain/Documents/1st_semester/Embedded_Systems/Assignments/MiniProject/EmbeddedSystem-miniProject/Task3_ROSToMotors/install/ROS2Motors/lib/ROS2Motors/ROS2Motors_node
[0.868s] -- Installing: /home/zain/Documents/1st_semester/Embedded_Systems/Assignments/MiniProject/EmbeddedSystem-miniProject/Task3_ROSToMotors/install/ROS2Motors/share/ament_index/resource_index/package_run_dependencies/ROS2Motors
[0.868s] -- Installing: /home/zain/Documents/1st_semester/Embedded_Systems/Assignments/MiniProject/EmbeddedSystem-miniProject/Task3_ROSToMotors/install/ROS2Motors/share/ament_index/resource_index/parent_prefix_path/ROS2Motors
[0.868s] -- Installing: /home/zain/Documents/1st_semester/Embedded_Systems/Assignments/MiniProject/EmbeddedSystem-miniProject/Task3_ROSToMotors/install/ROS2Motors/share/ROS2Motors/environment/ament_prefix_path.sh
[0.868s] -- Installing: /home/zain/Documents/1st_semester/Embedded_Systems/Assignments/MiniProject/EmbeddedSystem-miniProject/Task3_ROSToMotors/install/ROS2Motors/share/ROS2Motors/environment/ament_prefix_path.dsv
[0.869s] -- Installing: /home/zain/Documents/1st_semester/Embedded_Systems/Assignments/MiniProject/EmbeddedSystem-miniProject/Task3_ROSToMotors/install/ROS2Motors/share/ROS2Motors/environment/path.sh
[0.869s] -- Installing: /home/zain/Documents/1st_semester/Embedded_Systems/Assignments/MiniProject/EmbeddedSystem-miniProject/Task3_ROSToMotors/install/ROS2Motors/share/ROS2Motors/environment/path.dsv
[0.869s] -- Installing: /home/zain/Documents/1st_semester/Embedded_Systems/Assignments/MiniProject/EmbeddedSystem-miniProject/Task3_ROSToMotors/install/ROS2Motors/share/ROS2Motors/local_setup.bash
[0.869s] -- Installing: /home/zain/Documents/1st_semester/Embedded_Systems/Assignments/MiniProject/EmbeddedSystem-miniProject/Task3_ROSToMotors/install/ROS2Motors/share/ROS2Motors/local_setup.sh
[0.869s] -- Installing: /home/zain/Documents/1st_semester/Embedded_Systems/Assignments/MiniProject/EmbeddedSystem-miniProject/Task3_ROSToMotors/install/ROS2Motors/share/ROS2Motors/local_setup.zsh
[0.869s] -- Installing: /home/zain/Documents/1st_semester/Embedded_Systems/Assignments/MiniProject/EmbeddedSystem-miniProject/Task3_ROSToMotors/install/ROS2Motors/share/ROS2Motors/local_setup.dsv
[0.869s] -- Installing: /home/zain/Documents/1st_semester/Embedded_Systems/Assignments/MiniProject/EmbeddedSystem-miniProject/Task3_ROSToMotors/install/ROS2Motors/share/ROS2Motors/package.dsv
[0.869s] -- Installing: /home/zain/Documents/1st_semester/Embedded_Systems/Assignments/MiniProject/EmbeddedSystem-miniProject/Task3_ROSToMotors/install/ROS2Motors/share/ament_index/resource_index/packages/ROS2Motors
[0.869s] -- Installing: /home/zain/Documents/1st_semester/Embedded_Systems/Assignments/MiniProject/EmbeddedSystem-miniProject/Task3_ROSToMotors/install/ROS2Motors/share/ROS2Motors/cmake/ROS2MotorsConfig.cmake
[0.870s] -- Installing: /home/zain/Documents/1st_semester/Embedded_Systems/Assignments/MiniProject/EmbeddedSystem-miniProject/Task3_ROSToMotors/install/ROS2Motors/share/ROS2Motors/cmake/ROS2MotorsConfig-version.cmake
[0.870s] -- Installing: /home/zain/Documents/1st_semester/Embedded_Systems/Assignments/MiniProject/EmbeddedSystem-miniProject/Task3_ROSToMotors/install/ROS2Motors/share/ROS2Motors/package.xml
[0.871s] Invoked command in '/home/zain/Documents/1st_semester/Embedded_Systems/Assignments/MiniProject/EmbeddedSystem-miniProject/Task3_ROSToMotors/build/ROS2Motors' returned '0': CMAKE_PREFIX_PATH=/opt/ros/foxy COMP_WORDBREAKS=
"'><=;|&( CONDA_PROMPT_MODIFIER=(base) /usr/bin/cmake --install /home/zain/Documents/1st_semester/Embedded_Systems/Assignments/MiniProject/EmbeddedSystem-miniProject/Task3_ROSToMotors/build/ROS2Motors
