

================================================================
== Vitis HLS Report for 'converter'
================================================================
* Date:           Wed Dec 29 18:23:13 2021

* Version:        2020.2 (Build 3064766 on Wed Nov 18 09:12:47 MST 2020)
* Project:        converter
* Solution:       solution1 (Vivado IP Flow Target)
* Product family: zynquplus
* Target device:  xczu3eg-sbva484-1-i


================================================================
== Performance Estimates
================================================================
+ Timing: 
    * Summary: 
    +--------+----------+----------+------------+
    |  Clock |  Target  | Estimated| Uncertainty|
    +--------+----------+----------+------------+
    |ap_clk  |  10.00 ns|  5.556 ns|     2.70 ns|
    +--------+----------+----------+------------+

+ Latency: 
    * Summary: 
    +---------+---------+-----------+-----------+-----+-----+---------+
    |  Latency (cycles) |   Latency (absolute)  |  Interval | Pipeline|
    |   min   |   max   |    min    |    max    | min | max |   Type  |
    +---------+---------+-----------+-----------+-----+-----+---------+
    |        2|        2|  20.000 ns|  20.000 ns|    3|    3|     none|
    +---------+---------+-----------+-----------+-----+-----+---------+

    + Detail: 
        * Instance: 
        N/A

        * Loop: 
        N/A



================================================================
== Utilization Estimates
================================================================
* Summary: 
+-----------------+---------+-----+--------+-------+-----+
|       Name      | BRAM_18K| DSP |   FF   |  LUT  | URAM|
+-----------------+---------+-----+--------+-------+-----+
|DSP              |        -|    -|       -|      -|    -|
|Expression       |        -|    -|       0|     91|    -|
|FIFO             |        -|    -|       -|      -|    -|
|Instance         |        -|    -|       -|      -|    -|
|Memory           |        -|    -|       -|      -|    -|
|Multiplexer      |        -|    -|       -|     20|    -|
|Register         |        -|    -|       5|      -|    -|
+-----------------+---------+-----+--------+-------+-----+
|Total            |        0|    0|       5|    111|    0|
+-----------------+---------+-----+--------+-------+-----+
|Available        |      432|  360|  141120|  70560|    0|
+-----------------+---------+-----+--------+-------+-----+
|Utilization (%)  |        0|    0|      ~0|     ~0|    0|
+-----------------+---------+-----+--------+-------+-----+

+ Detail: 
    * Instance: 
    +--------------------------------+-----------------------------+---------+----+---+----+-----+
    |            Instance            |            Module           | BRAM_18K| DSP| FF| LUT| URAM|
    +--------------------------------+-----------------------------+---------+----+---+----+-----+
    |fcmp_32ns_32ns_1_2_no_dsp_1_U1  |fcmp_32ns_32ns_1_2_no_dsp_1  |        0|   0|  0|   0|    0|
    +--------------------------------+-----------------------------+---------+----+---+----+-----+
    |Total                           |                             |        0|   0|  0|   0|    0|
    +--------------------------------+-----------------------------+---------+----+---+----+-----+

    * DSP: 
    N/A

    * Memory: 
    N/A

    * FIFO: 
    N/A

    * Expression: 
    +-----------------------+----------+----+---+----+------------+------------+
    |     Variable Name     | Operation| DSP| FF| LUT| Bitwidth P0| Bitwidth P1|
    +-----------------------+----------+----+---+----+------------+------------+
    |and_ln14_fu_123_p2     |       and|   0|  0|   2|           1|           1|
    |icmp_ln14_1_fu_113_p2  |      icmp|   0|  0|  16|          23|           1|
    |icmp_ln14_fu_107_p2    |      icmp|   0|  0|  11|           8|           2|
    |or_ln14_fu_119_p2      |        or|   0|  0|   2|           1|           1|
    |dout_d0                |    select|   0|  0|  30|           1|          31|
    |dout_d1                |    select|   0|  0|  30|           1|           1|
    +-----------------------+----------+----+---+----+------------+------------+
    |Total                  |          |   0|  0|  91|          35|          37|
    +-----------------------+----------+----+---+----+------------+------------+

    * Multiplexer: 
    +-----------+----+-----------+-----+-----------+
    |    Name   | LUT| Input Size| Bits| Total Bits|
    +-----------+----+-----------+-----+-----------+
    |ap_NS_fsm  |  20|          4|    1|          4|
    +-----------+----+-----------+-----+-----------+
    |Total      |  20|          4|    1|          4|
    +-----------+----+-----------+-----+-----------+

    * Register: 
    +---------------------+---+----+-----+-----------+
    |         Name        | FF| LUT| Bits| Const Bits|
    +---------------------+---+----+-----+-----------+
    |ap_CS_fsm            |  3|   0|    3|          0|
    |icmp_ln14_1_reg_162  |  1|   0|    1|          0|
    |icmp_ln14_reg_157    |  1|   0|    1|          0|
    +---------------------+---+----+-----+-----------+
    |Total                |  5|   0|    5|          0|
    +---------------------+---+----+-----+-----------+



================================================================
== Interface
================================================================
* Summary: 
+---------------+-----+-----+------------+--------------+--------------+
|   RTL Ports   | Dir | Bits|  Protocol  | Source Object|    C Type    |
+---------------+-----+-----+------------+--------------+--------------+
|ap_clk         |   in|    1|  ap_ctrl_hs|     converter|  return value|
|ap_rst         |   in|    1|  ap_ctrl_hs|     converter|  return value|
|ap_start       |   in|    1|  ap_ctrl_hs|     converter|  return value|
|ap_done        |  out|    1|  ap_ctrl_hs|     converter|  return value|
|ap_idle        |  out|    1|  ap_ctrl_hs|     converter|  return value|
|ap_ready       |  out|    1|  ap_ctrl_hs|     converter|  return value|
|din_address0   |  out|   11|   ap_memory|           din|         array|
|din_ce0        |  out|    1|   ap_memory|           din|         array|
|din_q0         |   in|   32|   ap_memory|           din|         array|
|dout_address0  |  out|   11|   ap_memory|          dout|         array|
|dout_ce0       |  out|    1|   ap_memory|          dout|         array|
|dout_we0       |  out|    1|   ap_memory|          dout|         array|
|dout_d0        |  out|   32|   ap_memory|          dout|         array|
|dout_address1  |  out|   11|   ap_memory|          dout|         array|
|dout_ce1       |  out|    1|   ap_memory|          dout|         array|
|dout_we1       |  out|    1|   ap_memory|          dout|         array|
|dout_d1        |  out|   32|   ap_memory|          dout|         array|
+---------------+-----+-----+------------+--------------+--------------+

