[0.012s] Invoking command in '/home/zain/Documents/1st_semester/Embedded_Systems/Assignments/MiniProject/EmbeddedSystem-miniProject/Task3_ROSToMotors/build/ROS2Motors': CMAKE_PREFIX_PATH=${CMAKE_PREFIX_PATH}:/opt/ros/foxy COMP_WORDBREAKS=
"'><=;|&( CONDA_PROMPT_MODIFIER=(base) /usr/bin/cmake --build /home/zain/Documents/1st_semester/Embedded_Systems/Assignments/MiniProject/EmbeddedSystem-miniProject/Task3_ROSToMotors/build/ROS2Motors -- -j16 -l16
[0.041s] [100%] Built target ROS2Motors_node
[0.047s] Invoked command in '/home/zain/Documents/1st_semester/Embedded_Systems/Assignments/MiniProject/EmbeddedSystem-miniProject/Task3_ROSToMotors/build/ROS2Motors' returned '0': CMAKE_PREFIX_PATH=${CMAKE_PREFIX_PATH}:/opt/ros/foxy COMP_WORDBREAKS=
"'><=;|&( CONDA_PROMPT_MODIFIER=(base) /usr/bin/cmake --build /home/zain/Documents/1st_semester/Embedded_Systems/Assignments/MiniProject/EmbeddedSystem-miniProject/Task3_ROSToMotors/build/ROS2Motors -- -j16 -l16
[0.067s] Invoking command in '/home/zain/Documents/1st_semester/Embedded_Systems/Assignments/MiniProject/EmbeddedSystem-miniProject/Task3_ROSToMotors/build/ROS2Motors': CMAKE_PREFIX_PATH=${CMAKE_PREFIX_PATH}:/opt/ros/foxy COMP_WORDBREAKS=
"'><=;|&( CONDA_PROMPT_MODIFIER=(base) /usr/bin/cmake --install /home/zain/Documents/1st_semester/Embedded_Systems/Assignments/MiniProject/EmbeddedSystem-miniProject/Task3_ROSToMotors/build/ROS2Motors
[0.072s] -- Install configuration: ""
[0.072s] -- Up-to-date: /home/zain/Documents/1st_semester/Embedded_Systems/Assignments/MiniProject/EmbeddedSystem-miniProject/Task3_ROSToMotors/install/ROS2Motors/lib/ROS2Motors/ROS2Motors_node
[0.072s] -- Up-to-date: /home/zain/Documents/1st_semester/Embedded_Systems/Assignments/MiniProject/EmbeddedSystem-miniProject/Task3_ROSToMotors/install/ROS2Motors/share/ament_index/resource_index/package_run_dependencies/ROS2Motors
[0.072s] -- Up-to-date: /home/zain/Documents/1st_semester/Embedded_Systems/Assignments/MiniProject/EmbeddedSystem-miniProject/Task3_ROSToMotors/install/ROS2Motors/share/ament_index/resource_index/parent_prefix_path/ROS2Motors
[0.072s] -- Up-to-date: /home/zain/Documents/1st_semester/Embedded_Systems/Assignments/MiniProject/EmbeddedSystem-miniProject/Task3_ROSToMotors/install/ROS2Motors/share/ROS2Motors/environment/ament_prefix_path.sh
[0.072s] -- Up-to-date: /home/zain/Documents/1st_semester/Embedded_Systems/Assignments/MiniProject/EmbeddedSystem-miniProject/Task3_ROSToMotors/install/ROS2Motors/share/ROS2Motors/environment/ament_prefix_path.dsv
[0.072s] -- Up-to-date: /home/zain/Documents/1st_semester/Embedded_Systems/Assignments/MiniProject/EmbeddedSystem-miniProject/Task3_ROSToMotors/install/ROS2Motors/share/ROS2Motors/environment/path.sh
[0.072s] -- Up-to-date: /home/zain/Documents/1st_semester/Embedded_Systems/Assignments/MiniProject/EmbeddedSystem-miniProject/Task3_ROSToMotors/install/ROS2Motors/share/ROS2Motors/environment/path.dsv
[0.072s] -- Up-to-date: /home/zain/Documents/1st_semester/Embedded_Systems/Assignments/MiniProject/EmbeddedSystem-miniProject/Task3_ROSToMotors/install/ROS2Motors/share/ROS2Motors/local_setup.bash
[0.072s] -- Up-to-date: /home/zain/Documents/1st_semester/Embedded_Systems/Assignments/MiniProject/EmbeddedSystem-miniProject/Task3_ROSToMotors/install/ROS2Motors/share/ROS2Motors/local_setup.sh
[0.072s] -- Up-to-date: /home/zain/Documents/1st_semester/Embedded_Systems/Assignments/MiniProject/EmbeddedSystem-miniProject/Task3_ROSToMotors/install/ROS2Motors/share/ROS2Motors/local_setup.zsh
[0.072s] -- Up-to-date: /home/zain/Documents/1st_semester/Embedded_Systems/Assignments/MiniProject/EmbeddedSystem-miniProject/Task3_ROSToMotors/install/ROS2Motors/share/ROS2Motors/local_setup.dsv
[0.072s] -- Up-to-date: /home/zain/Documents/1st_semester/Embedded_Systems/Assignments/MiniProject/EmbeddedSystem-miniProject/Task3_ROSToMotors/install/ROS2Motors/share/ROS2Motors/package.dsv
[0.072s] -- Up-to-date: /home/zain/Documents/1st_semester/Embedded_Systems/Assignments/MiniProject/EmbeddedSystem-miniProject/Task3_ROSToMotors/install/ROS2Motors/share/ament_index/resource_index/packages/ROS2Motors
[0.072s] -- Up-to-date: /home/zain/Documents/1st_semester/Embedded_Systems/Assignments/MiniProject/EmbeddedSystem-miniProject/Task3_ROSToMotors/install/ROS2Motors/share/ROS2Motors/cmake/ROS2MotorsConfig.cmake
[0.072s] -- Up-to-date: /home/zain/Documents/1st_semester/Embedded_Systems/Assignments/MiniProject/EmbeddedSystem-miniProject/Task3_ROSToMotors/install/ROS2Motors/share/ROS2Motors/cmake/ROS2MotorsConfig-version.cmake
[0.073s] -- Up-to-date: /home/zain/Documents/1st_semester/Embedded_Systems/Assignments/MiniProject/EmbeddedSystem-miniProject/Task3_ROSToMotors/install/ROS2Motors/share/ROS2Motors/package.xml
[0.073s] Invoked command in '/home/zain/Documents/1st_semester/Embedded_Systems/Assignments/MiniProject/EmbeddedSystem-miniProject/Task3_ROSToMotors/build/ROS2Motors' returned '0': CMAKE_PREFIX_PATH=${CMAKE_PREFIX_PATH}:/opt/ros/foxy COMP_WORDBREAKS=
"'><=;|&( CONDA_PROMPT_MODIFIER=(base) /usr/bin/cmake --install /home/zain/Documents/1st_semester/Embedded_Systems/Assignments/MiniProject/EmbeddedSystem-miniProject/Task3_ROSToMotors/build/ROS2Motors
