

================================================================
== Vitis HLS Report for 'atan2_cordic_double_s'
================================================================
* Date:           Wed Dec 14 18:16:36 2022

* Version:        2020.2 (Build 3064766 on Wed Nov 18 09:12:47 MST 2020)
* Project:        inversekinematics
* Solution:       solution1 (Vivado IP Flow Target)
* Product family: zynquplus
* Target device:  xczu3eg-sbva484-1-i


================================================================
== Performance Estimates
================================================================
+ Timing: 
    * Summary: 
    +--------+----------+----------+------------+
    |  Clock |  Target  | Estimated| Uncertainty|
    +--------+----------+----------+------------+
    |ap_clk  |  10.00 ns|  7.300 ns|     2.70 ns|
    +--------+----------+----------+------------+

+ Latency: 
    * Summary: 
    +---------+---------+-----------+----------+-----+-----+---------+
    |  Latency (cycles) |  Latency (absolute)  |  Interval | Pipeline|
    |   min   |   max   |    min    |    max   | min | max |   Type  |
    +---------+---------+-----------+----------+-----+-----+---------+
    |        1|      109|  10.000 ns|  1.090 us|    1|  109|     none|
    +---------+---------+-----------+----------+-----+-----+---------+

    + Detail: 
        * Instance: 
        N/A

        * Loop: 
        N/A

============================================================
+ Verbose Summary: Synthesis Manager
============================================================
InlineROM: 1
ExposeGlobal: 0
============================================================
+ Verbose Summary: CDFG Model
============================================================
IsTopModel: 0
ResetActiveHigh: 1
IsCombinational: 0
IsDatapathOnly: 0
HasWiredReturn: 1
HasMFsm: 0
HasVarLatency: 1
IsPipeline: 0
IsRtlPipelined: 0
IsInstanceOverlapped: 0
IsDontTouch: 0
HasImplIP: 0
IsGatedGlobalClock: 0


============================================================
+ Verbose Summary: Schedule
============================================================
* Number of FSM states : 25
* Pipeline : 0
* Dataflow Pipeline: 0

* FSM state transitions: 
1 --> 18 23 20 19 2 13 21 22 24 25 
2 --> 3 5 
3 --> 4 
4 --> 13 
5 --> 6 
6 --> 7 
7 --> 8 
8 --> 9 
9 --> 10 
10 --> 11 
11 --> 12 
12 --> 13 
13 --> 14 
14 --> 15 
15 --> 16 
16 --> 17 
17 --> 18 
18 --> 
19 --> 18 
20 --> 18 
21 --> 18 
22 --> 18 
23 --> 18 
24 --> 18 
25 --> 18 

* FSM state operations: 

State 1 <SV = 0> <Delay = 3.61>
ST_1 : Operation 26 [1/1] (0.00ns)   --->   "%x_in_read = read i64 @_ssdm_op_Read.ap_auto.double, i64 %x_in" [/wrk/ci/prod/2020.2/rdi_builds/continuous/2020_11_18_3064766/src/shared/hls/clib/hlsmath/include/FloatingPoint/hls_cordic.h:754]   --->   Operation 26 'read' 'x_in_read' <Predicate = true> <Delay = 0.00>
ST_1 : Operation 27 [1/1] (0.00ns)   --->   "%y_in_read = read i64 @_ssdm_op_Read.ap_auto.double, i64 %y_in" [/wrk/ci/prod/2020.2/rdi_builds/continuous/2020_11_18_3064766/src/shared/hls/clib/hlsmath/include/FloatingPoint/hls_cordic.h:754]   --->   Operation 27 'read' 'y_in_read' <Predicate = true> <Delay = 0.00>
ST_1 : Operation 28 [1/1] (0.00ns)   --->   "%data_V = bitcast i64 %x_in_read" [/wrk/ci/prod/2020.2/rdi_builds/continuous/2020_11_18_3064766/src/shared/hls/clib/src/hls/utils/x_hls_utils.h:483]   --->   Operation 28 'bitcast' 'data_V' <Predicate = true> <Delay = 0.00>
ST_1 : Operation 29 [1/1] (0.00ns)   --->   "%p_Result_s = bitselect i1 @_ssdm_op_BitSelect.i1.i64.i32, i64 %data_V, i32 63"   --->   Operation 29 'bitselect' 'p_Result_s' <Predicate = true> <Delay = 0.00>
ST_1 : Operation 30 [1/1] (0.00ns)   --->   "%tmp = partselect i11 @_ssdm_op_PartSelect.i11.i64.i32.i32, i64 %data_V, i32 52, i32 62"   --->   Operation 30 'partselect' 'tmp' <Predicate = true> <Delay = 0.00>
ST_1 : Operation 31 [1/1] (0.00ns)   --->   "%tmp_51 = trunc i64 %data_V"   --->   Operation 31 'trunc' 'tmp_51' <Predicate = true> <Delay = 0.00>
ST_1 : Operation 32 [1/1] (0.00ns)   --->   "%data_V_2 = bitcast i64 %y_in_read" [/wrk/ci/prod/2020.2/rdi_builds/continuous/2020_11_18_3064766/src/shared/hls/clib/src/hls/utils/x_hls_utils.h:483]   --->   Operation 32 'bitcast' 'data_V_2' <Predicate = true> <Delay = 0.00>
ST_1 : Operation 33 [1/1] (0.00ns)   --->   "%p_Result_32 = bitselect i1 @_ssdm_op_BitSelect.i1.i64.i32, i64 %data_V_2, i32 63"   --->   Operation 33 'bitselect' 'p_Result_32' <Predicate = true> <Delay = 0.00>
ST_1 : Operation 34 [1/1] (0.00ns)   --->   "%tmp_52 = partselect i11 @_ssdm_op_PartSelect.i11.i64.i32.i32, i64 %data_V_2, i32 52, i32 62"   --->   Operation 34 'partselect' 'tmp_52' <Predicate = true> <Delay = 0.00>
ST_1 : Operation 35 [1/1] (0.00ns)   --->   "%tmp_53 = trunc i64 %data_V_2"   --->   Operation 35 'trunc' 'tmp_53' <Predicate = true> <Delay = 0.00>
ST_1 : Operation 36 [1/1] (0.85ns)   --->   "%icmp_ln824 = icmp_eq  i11 %tmp_52, i11 2047"   --->   Operation 36 'icmp' 'icmp_ln824' <Predicate = true> <Delay = 0.85> <CoreInst = "Cmp">   --->   Core 9 'Cmp' <Latency = 0> <II = 1> <Delay = 0.85> <FuncUnit> <Opcode : 'icmp'> <InPorts = 2> <OutPorts = 1>
ST_1 : Operation 37 [1/1] (1.34ns)   --->   "%icmp_ln828 = icmp_eq  i52 %tmp_53, i52 0"   --->   Operation 37 'icmp' 'icmp_ln828' <Predicate = true> <Delay = 1.34> <CoreInst = "Cmp">   --->   Core 9 'Cmp' <Latency = 0> <II = 1> <Delay = 0.85> <FuncUnit> <Opcode : 'icmp'> <InPorts = 2> <OutPorts = 1>
ST_1 : Operation 38 [1/1] (0.00ns) (grouped into LUT with out node and_ln18)   --->   "%xor_ln828 = xor i1 %icmp_ln828, i1 1"   --->   Operation 38 'xor' 'xor_ln828' <Predicate = true> <Delay = 0.00> <CoreInst = "LogicGate">   --->   Core 74 'LogicGate' <Latency = 0> <II = 1> <Delay = 0.44> <FuncUnit> <Opcode : 'and' 'or' 'xor'> <InPorts = 2> <OutPorts = 1>
ST_1 : Operation 39 [1/1] (0.33ns) (out node of the LUT)   --->   "%and_ln18 = and i1 %icmp_ln824, i1 %xor_ln828" [/wrk/ci/prod/2020.2/rdi_builds/continuous/2020_11_18_3064766/src/shared/hls/clib/hlsmath/include/FloatingPoint/hls_isnan.h:18]   --->   Operation 39 'and' 'and_ln18' <Predicate = true> <Delay = 0.33> <CoreInst = "LogicGate">   --->   Core 74 'LogicGate' <Latency = 0> <II = 1> <Delay = 0.44> <FuncUnit> <Opcode : 'and' 'or' 'xor'> <InPorts = 2> <OutPorts = 1>
ST_1 : Operation 40 [1/1] (0.88ns)   --->   "%br_ln18 = br i1 %and_ln18, void %.critedge378, void %UnifiedReturnBlock" [/wrk/ci/prod/2020.2/rdi_builds/continuous/2020_11_18_3064766/src/shared/hls/clib/hlsmath/include/FloatingPoint/hls_isnan.h:18]   --->   Operation 40 'br' 'br_ln18' <Predicate = true> <Delay = 0.88>
ST_1 : Operation 41 [1/1] (0.85ns)   --->   "%icmp_ln824_2 = icmp_eq  i11 %tmp, i11 2047"   --->   Operation 41 'icmp' 'icmp_ln824_2' <Predicate = (!and_ln18)> <Delay = 0.85> <CoreInst = "Cmp">   --->   Core 9 'Cmp' <Latency = 0> <II = 1> <Delay = 0.85> <FuncUnit> <Opcode : 'icmp'> <InPorts = 2> <OutPorts = 1>
ST_1 : Operation 42 [1/1] (1.34ns)   --->   "%icmp_ln828_1 = icmp_eq  i52 %tmp_51, i52 0"   --->   Operation 42 'icmp' 'icmp_ln828_1' <Predicate = (!and_ln18)> <Delay = 1.34> <CoreInst = "Cmp">   --->   Core 9 'Cmp' <Latency = 0> <II = 1> <Delay = 0.85> <FuncUnit> <Opcode : 'icmp'> <InPorts = 2> <OutPorts = 1>
ST_1 : Operation 43 [1/1] (0.00ns) (grouped into LUT with out node and_ln18_1)   --->   "%xor_ln828_1 = xor i1 %icmp_ln828_1, i1 1"   --->   Operation 43 'xor' 'xor_ln828_1' <Predicate = (!and_ln18)> <Delay = 0.00> <CoreInst = "LogicGate">   --->   Core 74 'LogicGate' <Latency = 0> <II = 1> <Delay = 0.44> <FuncUnit> <Opcode : 'and' 'or' 'xor'> <InPorts = 2> <OutPorts = 1>
ST_1 : Operation 44 [1/1] (0.33ns) (out node of the LUT)   --->   "%and_ln18_1 = and i1 %icmp_ln824_2, i1 %xor_ln828_1" [/wrk/ci/prod/2020.2/rdi_builds/continuous/2020_11_18_3064766/src/shared/hls/clib/hlsmath/include/FloatingPoint/hls_isnan.h:18]   --->   Operation 44 'and' 'and_ln18_1' <Predicate = (!and_ln18)> <Delay = 0.33> <CoreInst = "LogicGate">   --->   Core 74 'LogicGate' <Latency = 0> <II = 1> <Delay = 0.44> <FuncUnit> <Opcode : 'and' 'or' 'xor'> <InPorts = 2> <OutPorts = 1>
ST_1 : Operation 45 [1/1] (0.88ns)   --->   "%br_ln18 = br i1 %and_ln18_1, void %.critedge379, void %UnifiedReturnBlock" [/wrk/ci/prod/2020.2/rdi_builds/continuous/2020_11_18_3064766/src/shared/hls/clib/hlsmath/include/FloatingPoint/hls_isnan.h:18]   --->   Operation 45 'br' 'br_ln18' <Predicate = (!and_ln18)> <Delay = 0.88>
ST_1 : Operation 46 [1/1] (0.85ns)   --->   "%icmp_ln824_3 = icmp_eq  i11 %tmp_52, i11 0"   --->   Operation 46 'icmp' 'icmp_ln824_3' <Predicate = (!and_ln18 & !and_ln18_1)> <Delay = 0.85> <CoreInst = "Cmp">   --->   Core 9 'Cmp' <Latency = 0> <II = 1> <Delay = 0.85> <FuncUnit> <Opcode : 'icmp'> <InPorts = 2> <OutPorts = 1>
ST_1 : Operation 47 [1/1] (0.33ns)   --->   "%and_ln762 = and i1 %icmp_ln824_3, i1 %icmp_ln828" [/wrk/ci/prod/2020.2/rdi_builds/continuous/2020_11_18_3064766/src/shared/hls/clib/hlsmath/include/FloatingPoint/hls_cordic.h:762]   --->   Operation 47 'and' 'and_ln762' <Predicate = (!and_ln18 & !and_ln18_1)> <Delay = 0.33> <CoreInst = "LogicGate">   --->   Core 74 'LogicGate' <Latency = 0> <II = 1> <Delay = 0.44> <FuncUnit> <Opcode : 'and' 'or' 'xor'> <InPorts = 2> <OutPorts = 1>
ST_1 : Operation 48 [1/1] (0.00ns)   --->   "%br_ln762 = br i1 %and_ln762, void %.critedge, void" [/wrk/ci/prod/2020.2/rdi_builds/continuous/2020_11_18_3064766/src/shared/hls/clib/hlsmath/include/FloatingPoint/hls_cordic.h:762]   --->   Operation 48 'br' 'br_ln762' <Predicate = (!and_ln18 & !and_ln18_1)> <Delay = 0.00>
ST_1 : Operation 49 [1/1] (0.85ns)   --->   "%icmp_ln824_4 = icmp_eq  i11 %tmp, i11 0"   --->   Operation 49 'icmp' 'icmp_ln824_4' <Predicate = (!and_ln18 & !and_ln18_1 & !and_ln762)> <Delay = 0.85> <CoreInst = "Cmp">   --->   Core 9 'Cmp' <Latency = 0> <II = 1> <Delay = 0.85> <FuncUnit> <Opcode : 'icmp'> <InPorts = 2> <OutPorts = 1>
ST_1 : Operation 50 [1/1] (0.33ns)   --->   "%and_ln766 = and i1 %icmp_ln824_4, i1 %icmp_ln828_1" [/wrk/ci/prod/2020.2/rdi_builds/continuous/2020_11_18_3064766/src/shared/hls/clib/hlsmath/include/FloatingPoint/hls_cordic.h:766]   --->   Operation 50 'and' 'and_ln766' <Predicate = (!and_ln18 & !and_ln18_1 & !and_ln762)> <Delay = 0.33> <CoreInst = "LogicGate">   --->   Core 74 'LogicGate' <Latency = 0> <II = 1> <Delay = 0.44> <FuncUnit> <Opcode : 'and' 'or' 'xor'> <InPorts = 2> <OutPorts = 1>
ST_1 : Operation 51 [1/1] (0.00ns)   --->   "%br_ln766 = br i1 %and_ln766, void, void" [/wrk/ci/prod/2020.2/rdi_builds/continuous/2020_11_18_3064766/src/shared/hls/clib/hlsmath/include/FloatingPoint/hls_cordic.h:766]   --->   Operation 51 'br' 'br_ln766' <Predicate = (!and_ln18 & !and_ln18_1 & !and_ln762)> <Delay = 0.00>
ST_1 : Operation 52 [1/1] (0.00ns)   --->   "%br_ln771 = br i1 %icmp_ln824_3, void %.critedge265, void" [/wrk/ci/prod/2020.2/rdi_builds/continuous/2020_11_18_3064766/src/shared/hls/clib/hlsmath/include/FloatingPoint/hls_cordic.h:771]   --->   Operation 52 'br' 'br_ln771' <Predicate = (!and_ln18 & !and_ln18_1 & !and_ln762 & !and_ln766)> <Delay = 0.00>
ST_1 : Operation 53 [1/1] (0.00ns)   --->   "%br_ln776 = br i1 %icmp_ln824_4, void, void" [/wrk/ci/prod/2020.2/rdi_builds/continuous/2020_11_18_3064766/src/shared/hls/clib/hlsmath/include/FloatingPoint/hls_cordic.h:776]   --->   Operation 53 'br' 'br_ln776' <Predicate = (!and_ln18 & !and_ln18_1 & !and_ln762 & !and_ln766 & !icmp_ln824_3)> <Delay = 0.00>
ST_1 : Operation 54 [1/1] (0.00ns)   --->   "%tmp_s = bitconcatenate i2 @_ssdm_op_BitConcatenate.i2.i1.i1, i1 %p_Result_s, i1 %p_Result_32" [/wrk/ci/prod/2020.2/rdi_builds/continuous/2020_11_18_3064766/src/shared/hls/clib/hlsmath/include/FloatingPoint/hls_cordic.h:779]   --->   Operation 54 'bitconcatenate' 'tmp_s' <Predicate = (!and_ln18 & !and_ln18_1 & !and_ln762 & !and_ln766 & !icmp_ln824_3 & !icmp_ln824_4)> <Delay = 0.00>
ST_1 : Operation 55 [1/1] (0.33ns)   --->   "%and_ln18_2 = and i1 %icmp_ln824_2, i1 %icmp_ln828_1" [/wrk/ci/prod/2020.2/rdi_builds/continuous/2020_11_18_3064766/src/shared/hls/clib/hlsmath/include/FloatingPoint/hls_isinf.h:18]   --->   Operation 55 'and' 'and_ln18_2' <Predicate = (!and_ln18 & !and_ln18_1 & !and_ln762 & !and_ln766 & !icmp_ln824_3 & !icmp_ln824_4)> <Delay = 0.33> <CoreInst = "LogicGate">   --->   Core 74 'LogicGate' <Latency = 0> <II = 1> <Delay = 0.44> <FuncUnit> <Opcode : 'and' 'or' 'xor'> <InPorts = 2> <OutPorts = 1>
ST_1 : Operation 56 [1/1] (0.33ns)   --->   "%and_ln18_3 = and i1 %icmp_ln824, i1 %icmp_ln828" [/wrk/ci/prod/2020.2/rdi_builds/continuous/2020_11_18_3064766/src/shared/hls/clib/hlsmath/include/FloatingPoint/hls_isinf.h:18]   --->   Operation 56 'and' 'and_ln18_3' <Predicate = (!and_ln18 & !and_ln18_1 & !and_ln762 & !and_ln766 & !icmp_ln824_3 & !icmp_ln824_4)> <Delay = 0.33> <CoreInst = "LogicGate">   --->   Core 74 'LogicGate' <Latency = 0> <II = 1> <Delay = 0.44> <FuncUnit> <Opcode : 'and' 'or' 'xor'> <InPorts = 2> <OutPorts = 1>
ST_1 : Operation 57 [1/1] (0.00ns)   --->   "%br_ln794 = br i1 %and_ln18_2, void %.critedge267, void" [/wrk/ci/prod/2020.2/rdi_builds/continuous/2020_11_18_3064766/src/shared/hls/clib/hlsmath/include/FloatingPoint/hls_cordic.h:794]   --->   Operation 57 'br' 'br_ln794' <Predicate = (!and_ln18 & !and_ln18_1 & !and_ln762 & !and_ln766 & !icmp_ln824_3 & !icmp_ln824_4)> <Delay = 0.00>
ST_1 : Operation 58 [1/1] (0.00ns)   --->   "%br_ln808 = br i1 %and_ln18_3, void, void" [/wrk/ci/prod/2020.2/rdi_builds/continuous/2020_11_18_3064766/src/shared/hls/clib/hlsmath/include/FloatingPoint/hls_cordic.h:808]   --->   Operation 58 'br' 'br_ln808' <Predicate = (!and_ln18 & !and_ln18_1 & !and_ln762 & !and_ln766 & !icmp_ln824_3 & !icmp_ln824_4 & !and_ln18_2)> <Delay = 0.00>
ST_1 : Operation 59 [1/1] (0.00ns)   --->   "%p_Result_39 = trunc i64 %data_V_2"   --->   Operation 59 'trunc' 'p_Result_39' <Predicate = (!and_ln18 & !and_ln18_1 & !and_ln762 & !and_ln766 & !icmp_ln824_3 & !icmp_ln824_4 & !and_ln18_2 & !and_ln18_3)> <Delay = 0.00>
ST_1 : Operation 60 [1/1] (0.00ns)   --->   "%zext_ln368 = zext i63 %p_Result_39"   --->   Operation 60 'zext' 'zext_ln368' <Predicate = (!and_ln18 & !and_ln18_1 & !and_ln762 & !and_ln766 & !icmp_ln824_3 & !icmp_ln824_4 & !and_ln18_2 & !and_ln18_3)> <Delay = 0.00>
ST_1 : Operation 61 [1/1] (0.00ns)   --->   "%a = bitcast i64 %zext_ln368" [/wrk/ci/prod/2020.2/rdi_builds/continuous/2020_11_18_3064766/src/shared/hls/clib/src/hls/utils/x_hls_utils.h:521]   --->   Operation 61 'bitcast' 'a' <Predicate = (!and_ln18 & !and_ln18_1 & !and_ln762 & !and_ln766 & !icmp_ln824_3 & !icmp_ln824_4 & !and_ln18_2 & !and_ln18_3)> <Delay = 0.00>
ST_1 : Operation 62 [1/1] (0.00ns)   --->   "%p_Result_40 = trunc i64 %data_V"   --->   Operation 62 'trunc' 'p_Result_40' <Predicate = (!and_ln18 & !and_ln18_1 & !and_ln762 & !and_ln766 & !icmp_ln824_3 & !icmp_ln824_4 & !and_ln18_2 & !and_ln18_3)> <Delay = 0.00>
ST_1 : Operation 63 [1/1] (0.00ns)   --->   "%zext_ln368_1 = zext i63 %p_Result_40"   --->   Operation 63 'zext' 'zext_ln368_1' <Predicate = (!and_ln18 & !and_ln18_1 & !and_ln762 & !and_ln766 & !icmp_ln824_3 & !icmp_ln824_4 & !and_ln18_2 & !and_ln18_3)> <Delay = 0.00>
ST_1 : Operation 64 [1/1] (0.00ns)   --->   "%b = bitcast i64 %zext_ln368_1" [/wrk/ci/prod/2020.2/rdi_builds/continuous/2020_11_18_3064766/src/shared/hls/clib/src/hls/utils/x_hls_utils.h:521]   --->   Operation 64 'bitcast' 'b' <Predicate = (!and_ln18 & !and_ln18_1 & !and_ln762 & !and_ln766 & !icmp_ln824_3 & !icmp_ln824_4 & !and_ln18_2 & !and_ln18_3)> <Delay = 0.00>
ST_1 : Operation 65 [1/1] (0.00ns)   --->   "%p_Result_41 = bitconcatenate i64 @_ssdm_op_BitConcatenate.i64.i1.i63, i1 0, i63 %p_Result_40"   --->   Operation 65 'bitconcatenate' 'p_Result_41' <Predicate = (!and_ln18 & !and_ln18_1 & !and_ln762 & !and_ln766 & !icmp_ln824_3 & !icmp_ln824_4 & !and_ln18_2 & !and_ln18_3)> <Delay = 0.00>
ST_1 : Operation 66 [1/1] (0.00ns)   --->   "%p_Result_42 = bitconcatenate i64 @_ssdm_op_BitConcatenate.i64.i1.i63, i1 0, i63 %p_Result_39"   --->   Operation 66 'bitconcatenate' 'p_Result_42' <Predicate = (!and_ln18 & !and_ln18_1 & !and_ln762 & !and_ln766 & !icmp_ln824_3 & !icmp_ln824_4 & !and_ln18_2 & !and_ln18_3)> <Delay = 0.00>
ST_1 : Operation 67 [1/1] (1.48ns)   --->   "%icmp_ln824_5 = icmp_eq  i64 %p_Result_41, i64 %p_Result_42"   --->   Operation 67 'icmp' 'icmp_ln824_5' <Predicate = (!and_ln18 & !and_ln18_1 & !and_ln762 & !and_ln766 & !icmp_ln824_3 & !icmp_ln824_4 & !and_ln18_2 & !and_ln18_3)> <Delay = 1.48> <CoreInst = "Cmp">   --->   Core 9 'Cmp' <Latency = 0> <II = 1> <Delay = 0.85> <FuncUnit> <Opcode : 'icmp'> <InPorts = 2> <OutPorts = 1>
ST_1 : Operation 68 [1/1] (0.54ns)   --->   "%br_ln744 = br i1 %icmp_ln824_5, void, void %atan2_cordic_Q1<double>.exit" [/wrk/ci/prod/2020.2/rdi_builds/continuous/2020_11_18_3064766/src/shared/hls/clib/hlsmath/include/FloatingPoint/hls_cordic.h:744->/wrk/ci/prod/2020.2/rdi_builds/continuous/2020_11_18_3064766/src/shared/hls/clib/hlsmath/include/FloatingPoint/hls_cordic.h:816]   --->   Operation 68 'br' 'br_ln744' <Predicate = (!and_ln18 & !and_ln18_1 & !and_ln762 & !and_ln766 & !icmp_ln824_3 & !icmp_ln824_4 & !and_ln18_2 & !and_ln18_3)> <Delay = 0.54>
ST_1 : Operation 69 [1/1] (0.85ns)   --->   "%icmp_ln746 = icmp_ne  i11 %tmp_52, i11 2047" [/wrk/ci/prod/2020.2/rdi_builds/continuous/2020_11_18_3064766/src/shared/hls/clib/hlsmath/include/FloatingPoint/hls_cordic.h:746->/wrk/ci/prod/2020.2/rdi_builds/continuous/2020_11_18_3064766/src/shared/hls/clib/hlsmath/include/FloatingPoint/hls_cordic.h:816]   --->   Operation 69 'icmp' 'icmp_ln746' <Predicate = (!and_ln18 & !and_ln18_1 & !and_ln762 & !and_ln766 & !icmp_ln824_3 & !icmp_ln824_4 & !and_ln18_2 & !and_ln18_3 & !icmp_ln824_5)> <Delay = 0.85> <CoreInst = "Cmp">   --->   Core 9 'Cmp' <Latency = 0> <II = 1> <Delay = 0.85> <FuncUnit> <Opcode : 'icmp'> <InPorts = 2> <OutPorts = 1>
ST_1 : Operation 70 [1/1] (0.85ns)   --->   "%icmp_ln746_1 = icmp_ne  i11 %tmp, i11 2047" [/wrk/ci/prod/2020.2/rdi_builds/continuous/2020_11_18_3064766/src/shared/hls/clib/hlsmath/include/FloatingPoint/hls_cordic.h:746->/wrk/ci/prod/2020.2/rdi_builds/continuous/2020_11_18_3064766/src/shared/hls/clib/hlsmath/include/FloatingPoint/hls_cordic.h:816]   --->   Operation 70 'icmp' 'icmp_ln746_1' <Predicate = (!and_ln18 & !and_ln18_1 & !and_ln762 & !and_ln766 & !icmp_ln824_3 & !icmp_ln824_4 & !and_ln18_2 & !and_ln18_3 & !icmp_ln824_5)> <Delay = 0.85> <CoreInst = "Cmp">   --->   Core 9 'Cmp' <Latency = 0> <II = 1> <Delay = 0.85> <FuncUnit> <Opcode : 'icmp'> <InPorts = 2> <OutPorts = 1>
ST_1 : Operation 71 [2/2] (3.61ns)   --->   "%tmp_9 = fcmp_ogt  i64 %a, i64 %b" [/wrk/ci/prod/2020.2/rdi_builds/continuous/2020_11_18_3064766/src/shared/hls/clib/hlsmath/include/FloatingPoint/hls_cordic.h:746->/wrk/ci/prod/2020.2/rdi_builds/continuous/2020_11_18_3064766/src/shared/hls/clib/hlsmath/include/FloatingPoint/hls_cordic.h:816]   --->   Operation 71 'dcmp' 'tmp_9' <Predicate = (!and_ln18 & !and_ln18_1 & !and_ln762 & !and_ln766 & !icmp_ln824_3 & !icmp_ln824_4 & !and_ln18_2 & !and_ln18_3 & !icmp_ln824_5)> <Delay = 3.61> <CoreInst = "DCompare">   --->   Core 38 'DCompare' <Latency = 1> <II = 1> <Delay = 3.61> <FuncUnit> <Opcode : 'dcmp'> <InPorts = 2> <OutPorts = 1>
ST_1 : Operation 72 [1/1] (0.00ns)   --->   "%br_ln794 = br i1 %and_ln18_3, void, void" [/wrk/ci/prod/2020.2/rdi_builds/continuous/2020_11_18_3064766/src/shared/hls/clib/hlsmath/include/FloatingPoint/hls_cordic.h:794]   --->   Operation 72 'br' 'br_ln794' <Predicate = (!and_ln18 & !and_ln18_1 & !and_ln762 & !and_ln766 & !icmp_ln824_3 & !icmp_ln824_4 & and_ln18_2)> <Delay = 0.00>
ST_1 : Operation 73 [1/1] (0.88ns)   --->   "%switch_ln802 = switch i2 %tmp_s, void %UnifiedReturnBlock, i2 3, void, i2 1, void, i2 2, void" [/wrk/ci/prod/2020.2/rdi_builds/continuous/2020_11_18_3064766/src/shared/hls/clib/hlsmath/include/FloatingPoint/hls_cordic.h:802]   --->   Operation 73 'switch' 'switch_ln802' <Predicate = (!and_ln18 & !and_ln18_1 & !and_ln762 & !and_ln766 & !icmp_ln824_3 & !icmp_ln824_4 & and_ln18_2 & !and_ln18_3)> <Delay = 0.88>
ST_1 : Operation 74 [1/1] (0.88ns)   --->   "%br_ln805 = br void %UnifiedReturnBlock" [/wrk/ci/prod/2020.2/rdi_builds/continuous/2020_11_18_3064766/src/shared/hls/clib/hlsmath/include/FloatingPoint/hls_cordic.h:805]   --->   Operation 74 'br' 'br_ln805' <Predicate = (!and_ln18 & !and_ln18_1 & !and_ln762 & !and_ln766 & !icmp_ln824_3 & !icmp_ln824_4 & and_ln18_2 & !and_ln18_3 & tmp_s == 2)> <Delay = 0.88>
ST_1 : Operation 75 [1/1] (0.88ns)   --->   "%br_ln804 = br void %UnifiedReturnBlock" [/wrk/ci/prod/2020.2/rdi_builds/continuous/2020_11_18_3064766/src/shared/hls/clib/hlsmath/include/FloatingPoint/hls_cordic.h:804]   --->   Operation 75 'br' 'br_ln804' <Predicate = (!and_ln18 & !and_ln18_1 & !and_ln762 & !and_ln766 & !icmp_ln824_3 & !icmp_ln824_4 & and_ln18_2 & !and_ln18_3 & tmp_s == 1)> <Delay = 0.88>
ST_1 : Operation 76 [1/1] (0.88ns)   --->   "%br_ln806 = br void %UnifiedReturnBlock" [/wrk/ci/prod/2020.2/rdi_builds/continuous/2020_11_18_3064766/src/shared/hls/clib/hlsmath/include/FloatingPoint/hls_cordic.h:806]   --->   Operation 76 'br' 'br_ln806' <Predicate = (!and_ln18 & !and_ln18_1 & !and_ln762 & !and_ln766 & !icmp_ln824_3 & !icmp_ln824_4 & and_ln18_2 & !and_ln18_3 & tmp_s == 3)> <Delay = 0.88>
ST_1 : Operation 77 [1/1] (0.88ns)   --->   "%switch_ln795 = switch i2 %tmp_s, void %UnifiedReturnBlock, i2 3, void, i2 1, void, i2 2, void" [/wrk/ci/prod/2020.2/rdi_builds/continuous/2020_11_18_3064766/src/shared/hls/clib/hlsmath/include/FloatingPoint/hls_cordic.h:795]   --->   Operation 77 'switch' 'switch_ln795' <Predicate = (!and_ln18 & !and_ln18_1 & !and_ln762 & !and_ln766 & !icmp_ln824_3 & !icmp_ln824_4 & and_ln18_2 & and_ln18_3)> <Delay = 0.88>
ST_1 : Operation 78 [1/1] (0.88ns)   --->   "%br_ln798 = br void %UnifiedReturnBlock" [/wrk/ci/prod/2020.2/rdi_builds/continuous/2020_11_18_3064766/src/shared/hls/clib/hlsmath/include/FloatingPoint/hls_cordic.h:798]   --->   Operation 78 'br' 'br_ln798' <Predicate = (!and_ln18 & !and_ln18_1 & !and_ln762 & !and_ln766 & !icmp_ln824_3 & !icmp_ln824_4 & and_ln18_2 & and_ln18_3 & tmp_s == 2)> <Delay = 0.88>
ST_1 : Operation 79 [1/1] (0.88ns)   --->   "%br_ln797 = br void %UnifiedReturnBlock" [/wrk/ci/prod/2020.2/rdi_builds/continuous/2020_11_18_3064766/src/shared/hls/clib/hlsmath/include/FloatingPoint/hls_cordic.h:797]   --->   Operation 79 'br' 'br_ln797' <Predicate = (!and_ln18 & !and_ln18_1 & !and_ln762 & !and_ln766 & !icmp_ln824_3 & !icmp_ln824_4 & and_ln18_2 & and_ln18_3 & tmp_s == 1)> <Delay = 0.88>
ST_1 : Operation 80 [1/1] (0.88ns)   --->   "%br_ln799 = br void %UnifiedReturnBlock" [/wrk/ci/prod/2020.2/rdi_builds/continuous/2020_11_18_3064766/src/shared/hls/clib/hlsmath/include/FloatingPoint/hls_cordic.h:799]   --->   Operation 80 'br' 'br_ln799' <Predicate = (!and_ln18 & !and_ln18_1 & !and_ln762 & !and_ln766 & !icmp_ln824_3 & !icmp_ln824_4 & and_ln18_2 & and_ln18_3 & tmp_s == 3)> <Delay = 0.88>
ST_1 : Operation 81 [1/1] (0.00ns)   --->   "%br_ln772 = br i1 %p_Result_s, void %.critedge264, void" [/wrk/ci/prod/2020.2/rdi_builds/continuous/2020_11_18_3064766/src/shared/hls/clib/hlsmath/include/FloatingPoint/hls_cordic.h:772]   --->   Operation 81 'br' 'br_ln772' <Predicate = (!and_ln18 & !and_ln18_1 & !and_ln762 & !and_ln766 & icmp_ln824_3)> <Delay = 0.00>
ST_1 : Operation 82 [1/1] (0.00ns)   --->   "%br_ln762 = br i1 %p_Result_s, void, void" [/wrk/ci/prod/2020.2/rdi_builds/continuous/2020_11_18_3064766/src/shared/hls/clib/hlsmath/include/FloatingPoint/hls_cordic.h:762]   --->   Operation 82 'br' 'br_ln762' <Predicate = (!and_ln18 & !and_ln18_1 & and_ln762)> <Delay = 0.00>

State 2 <SV = 1> <Delay = 3.94>
ST_2 : Operation 83 [1/1] (0.00ns) (grouped into LUT with out node and_ln746_1)   --->   "%or_ln746 = or i1 %icmp_ln828, i1 %icmp_ln746" [/wrk/ci/prod/2020.2/rdi_builds/continuous/2020_11_18_3064766/src/shared/hls/clib/hlsmath/include/FloatingPoint/hls_cordic.h:746->/wrk/ci/prod/2020.2/rdi_builds/continuous/2020_11_18_3064766/src/shared/hls/clib/hlsmath/include/FloatingPoint/hls_cordic.h:816]   --->   Operation 83 'or' 'or_ln746' <Predicate = true> <Delay = 0.00> <CoreInst = "LogicGate">   --->   Core 74 'LogicGate' <Latency = 0> <II = 1> <Delay = 0.44> <FuncUnit> <Opcode : 'and' 'or' 'xor'> <InPorts = 2> <OutPorts = 1>
ST_2 : Operation 84 [1/1] (0.00ns) (grouped into LUT with out node and_ln746_1)   --->   "%or_ln746_1 = or i1 %icmp_ln828_1, i1 %icmp_ln746_1" [/wrk/ci/prod/2020.2/rdi_builds/continuous/2020_11_18_3064766/src/shared/hls/clib/hlsmath/include/FloatingPoint/hls_cordic.h:746->/wrk/ci/prod/2020.2/rdi_builds/continuous/2020_11_18_3064766/src/shared/hls/clib/hlsmath/include/FloatingPoint/hls_cordic.h:816]   --->   Operation 84 'or' 'or_ln746_1' <Predicate = true> <Delay = 0.00> <CoreInst = "LogicGate">   --->   Core 74 'LogicGate' <Latency = 0> <II = 1> <Delay = 0.44> <FuncUnit> <Opcode : 'and' 'or' 'xor'> <InPorts = 2> <OutPorts = 1>
ST_2 : Operation 85 [1/1] (0.00ns) (grouped into LUT with out node and_ln746_1)   --->   "%and_ln746 = and i1 %or_ln746, i1 %or_ln746_1" [/wrk/ci/prod/2020.2/rdi_builds/continuous/2020_11_18_3064766/src/shared/hls/clib/hlsmath/include/FloatingPoint/hls_cordic.h:746->/wrk/ci/prod/2020.2/rdi_builds/continuous/2020_11_18_3064766/src/shared/hls/clib/hlsmath/include/FloatingPoint/hls_cordic.h:816]   --->   Operation 85 'and' 'and_ln746' <Predicate = true> <Delay = 0.00> <CoreInst = "LogicGate">   --->   Core 74 'LogicGate' <Latency = 0> <II = 1> <Delay = 0.44> <FuncUnit> <Opcode : 'and' 'or' 'xor'> <InPorts = 2> <OutPorts = 1>
ST_2 : Operation 86 [1/2] (3.61ns)   --->   "%tmp_9 = fcmp_ogt  i64 %a, i64 %b" [/wrk/ci/prod/2020.2/rdi_builds/continuous/2020_11_18_3064766/src/shared/hls/clib/hlsmath/include/FloatingPoint/hls_cordic.h:746->/wrk/ci/prod/2020.2/rdi_builds/continuous/2020_11_18_3064766/src/shared/hls/clib/hlsmath/include/FloatingPoint/hls_cordic.h:816]   --->   Operation 86 'dcmp' 'tmp_9' <Predicate = true> <Delay = 3.61> <CoreInst = "DCompare">   --->   Core 38 'DCompare' <Latency = 1> <II = 1> <Delay = 3.61> <FuncUnit> <Opcode : 'dcmp'> <InPorts = 2> <OutPorts = 1>
ST_2 : Operation 87 [1/1] (0.33ns) (out node of the LUT)   --->   "%and_ln746_1 = and i1 %and_ln746, i1 %tmp_9" [/wrk/ci/prod/2020.2/rdi_builds/continuous/2020_11_18_3064766/src/shared/hls/clib/hlsmath/include/FloatingPoint/hls_cordic.h:746->/wrk/ci/prod/2020.2/rdi_builds/continuous/2020_11_18_3064766/src/shared/hls/clib/hlsmath/include/FloatingPoint/hls_cordic.h:816]   --->   Operation 87 'and' 'and_ln746_1' <Predicate = true> <Delay = 0.33> <CoreInst = "LogicGate">   --->   Core 74 'LogicGate' <Latency = 0> <II = 1> <Delay = 0.44> <FuncUnit> <Opcode : 'and' 'or' 'xor'> <InPorts = 2> <OutPorts = 1>
ST_2 : Operation 88 [1/1] (0.00ns)   --->   "%br_ln746 = br i1 %and_ln746_1, void, void" [/wrk/ci/prod/2020.2/rdi_builds/continuous/2020_11_18_3064766/src/shared/hls/clib/hlsmath/include/FloatingPoint/hls_cordic.h:746->/wrk/ci/prod/2020.2/rdi_builds/continuous/2020_11_18_3064766/src/shared/hls/clib/hlsmath/include/FloatingPoint/hls_cordic.h:816]   --->   Operation 88 'br' 'br_ln746' <Predicate = true> <Delay = 0.00>

State 3 <SV = 2> <Delay = 7.30>
ST_3 : Operation 89 [2/2] (7.30ns)   --->   "%tmp_i_64 = call i64 @atan2_generic<double>, i64 %a, i64 %b, i126 %cordic_ctab_table_128_V" [/wrk/ci/prod/2020.2/rdi_builds/continuous/2020_11_18_3064766/src/shared/hls/clib/hlsmath/include/FloatingPoint/hls_cordic.h:749->/wrk/ci/prod/2020.2/rdi_builds/continuous/2020_11_18_3064766/src/shared/hls/clib/hlsmath/include/FloatingPoint/hls_cordic.h:816]   --->   Operation 89 'call' 'tmp_i_64' <Predicate = true> <Delay = 7.30> <CoreType = "Generic">   --->   Core 0 '' <Latency = 0> <II = 1> <Delay = 1.00> <Generic> <Opcode : >

State 4 <SV = 3> <Delay = 0.54>
ST_4 : Operation 90 [1/2] (0.54ns)   --->   "%tmp_i_64 = call i64 @atan2_generic<double>, i64 %a, i64 %b, i126 %cordic_ctab_table_128_V" [/wrk/ci/prod/2020.2/rdi_builds/continuous/2020_11_18_3064766/src/shared/hls/clib/hlsmath/include/FloatingPoint/hls_cordic.h:749->/wrk/ci/prod/2020.2/rdi_builds/continuous/2020_11_18_3064766/src/shared/hls/clib/hlsmath/include/FloatingPoint/hls_cordic.h:816]   --->   Operation 90 'call' 'tmp_i_64' <Predicate = true> <Delay = 0.54> <CoreType = "Generic">   --->   Core 0 '' <Latency = 0> <II = 1> <Delay = 1.00> <Generic> <Opcode : >
ST_4 : Operation 91 [1/1] (0.54ns)   --->   "%br_ln749 = br void %atan2_cordic_Q1<double>.exit" [/wrk/ci/prod/2020.2/rdi_builds/continuous/2020_11_18_3064766/src/shared/hls/clib/hlsmath/include/FloatingPoint/hls_cordic.h:749->/wrk/ci/prod/2020.2/rdi_builds/continuous/2020_11_18_3064766/src/shared/hls/clib/hlsmath/include/FloatingPoint/hls_cordic.h:816]   --->   Operation 91 'br' 'br_ln749' <Predicate = true> <Delay = 0.54>

State 5 <SV = 2> <Delay = 7.30>
ST_5 : Operation 92 [2/2] (7.30ns)   --->   "%tmp_i = call i64 @atan2_generic<double>, i64 %b, i64 %a, i126 %cordic_ctab_table_128_V" [/wrk/ci/prod/2020.2/rdi_builds/continuous/2020_11_18_3064766/src/shared/hls/clib/hlsmath/include/FloatingPoint/hls_cordic.h:747->/wrk/ci/prod/2020.2/rdi_builds/continuous/2020_11_18_3064766/src/shared/hls/clib/hlsmath/include/FloatingPoint/hls_cordic.h:816]   --->   Operation 92 'call' 'tmp_i' <Predicate = true> <Delay = 7.30> <CoreType = "Generic">   --->   Core 0 '' <Latency = 0> <II = 1> <Delay = 1.00> <Generic> <Opcode : >

State 6 <SV = 3> <Delay = 0.54>
ST_6 : Operation 93 [1/2] (0.54ns)   --->   "%tmp_i = call i64 @atan2_generic<double>, i64 %b, i64 %a, i126 %cordic_ctab_table_128_V" [/wrk/ci/prod/2020.2/rdi_builds/continuous/2020_11_18_3064766/src/shared/hls/clib/hlsmath/include/FloatingPoint/hls_cordic.h:747->/wrk/ci/prod/2020.2/rdi_builds/continuous/2020_11_18_3064766/src/shared/hls/clib/hlsmath/include/FloatingPoint/hls_cordic.h:816]   --->   Operation 93 'call' 'tmp_i' <Predicate = true> <Delay = 0.54> <CoreType = "Generic">   --->   Core 0 '' <Latency = 0> <II = 1> <Delay = 1.00> <Generic> <Opcode : >

State 7 <SV = 4> <Delay = 6.91>
ST_7 : Operation 94 [5/5] (6.91ns)   --->   "%sub_i = dsub i64 1.5708, i64 %tmp_i" [/wrk/ci/prod/2020.2/rdi_builds/continuous/2020_11_18_3064766/src/shared/hls/clib/hlsmath/include/FloatingPoint/hls_cordic.h:747->/wrk/ci/prod/2020.2/rdi_builds/continuous/2020_11_18_3064766/src/shared/hls/clib/hlsmath/include/FloatingPoint/hls_cordic.h:816]   --->   Operation 94 'dsub' 'sub_i' <Predicate = true> <Delay = 6.91> <CoreInst = "DAddSub_fulldsp">   --->   Core 37 'DAddSub_fulldsp' <Latency = 4> <II = 1> <Delay = 6.91> <FuncUnit> <Opcode : 'dadd' 'dsub'> <InPorts = 2> <OutPorts = 1>

State 8 <SV = 5> <Delay = 6.91>
ST_8 : Operation 95 [4/5] (6.91ns)   --->   "%sub_i = dsub i64 1.5708, i64 %tmp_i" [/wrk/ci/prod/2020.2/rdi_builds/continuous/2020_11_18_3064766/src/shared/hls/clib/hlsmath/include/FloatingPoint/hls_cordic.h:747->/wrk/ci/prod/2020.2/rdi_builds/continuous/2020_11_18_3064766/src/shared/hls/clib/hlsmath/include/FloatingPoint/hls_cordic.h:816]   --->   Operation 95 'dsub' 'sub_i' <Predicate = true> <Delay = 6.91> <CoreInst = "DAddSub_fulldsp">   --->   Core 37 'DAddSub_fulldsp' <Latency = 4> <II = 1> <Delay = 6.91> <FuncUnit> <Opcode : 'dadd' 'dsub'> <InPorts = 2> <OutPorts = 1>

State 9 <SV = 6> <Delay = 6.91>
ST_9 : Operation 96 [3/5] (6.91ns)   --->   "%sub_i = dsub i64 1.5708, i64 %tmp_i" [/wrk/ci/prod/2020.2/rdi_builds/continuous/2020_11_18_3064766/src/shared/hls/clib/hlsmath/include/FloatingPoint/hls_cordic.h:747->/wrk/ci/prod/2020.2/rdi_builds/continuous/2020_11_18_3064766/src/shared/hls/clib/hlsmath/include/FloatingPoint/hls_cordic.h:816]   --->   Operation 96 'dsub' 'sub_i' <Predicate = true> <Delay = 6.91> <CoreInst = "DAddSub_fulldsp">   --->   Core 37 'DAddSub_fulldsp' <Latency = 4> <II = 1> <Delay = 6.91> <FuncUnit> <Opcode : 'dadd' 'dsub'> <InPorts = 2> <OutPorts = 1>

State 10 <SV = 7> <Delay = 6.91>
ST_10 : Operation 97 [2/5] (6.91ns)   --->   "%sub_i = dsub i64 1.5708, i64 %tmp_i" [/wrk/ci/prod/2020.2/rdi_builds/continuous/2020_11_18_3064766/src/shared/hls/clib/hlsmath/include/FloatingPoint/hls_cordic.h:747->/wrk/ci/prod/2020.2/rdi_builds/continuous/2020_11_18_3064766/src/shared/hls/clib/hlsmath/include/FloatingPoint/hls_cordic.h:816]   --->   Operation 97 'dsub' 'sub_i' <Predicate = true> <Delay = 6.91> <CoreInst = "DAddSub_fulldsp">   --->   Core 37 'DAddSub_fulldsp' <Latency = 4> <II = 1> <Delay = 6.91> <FuncUnit> <Opcode : 'dadd' 'dsub'> <InPorts = 2> <OutPorts = 1>

State 11 <SV = 8> <Delay = 6.91>
ST_11 : Operation 98 [1/5] (6.91ns)   --->   "%sub_i = dsub i64 1.5708, i64 %tmp_i" [/wrk/ci/prod/2020.2/rdi_builds/continuous/2020_11_18_3064766/src/shared/hls/clib/hlsmath/include/FloatingPoint/hls_cordic.h:747->/wrk/ci/prod/2020.2/rdi_builds/continuous/2020_11_18_3064766/src/shared/hls/clib/hlsmath/include/FloatingPoint/hls_cordic.h:816]   --->   Operation 98 'dsub' 'sub_i' <Predicate = true> <Delay = 6.91> <CoreInst = "DAddSub_fulldsp">   --->   Core 37 'DAddSub_fulldsp' <Latency = 4> <II = 1> <Delay = 6.91> <FuncUnit> <Opcode : 'dadd' 'dsub'> <InPorts = 2> <OutPorts = 1>

State 12 <SV = 9> <Delay = 0.54>
ST_12 : Operation 99 [1/1] (0.54ns)   --->   "%br_ln747 = br void %atan2_cordic_Q1<double>.exit" [/wrk/ci/prod/2020.2/rdi_builds/continuous/2020_11_18_3064766/src/shared/hls/clib/hlsmath/include/FloatingPoint/hls_cordic.h:747->/wrk/ci/prod/2020.2/rdi_builds/continuous/2020_11_18_3064766/src/shared/hls/clib/hlsmath/include/FloatingPoint/hls_cordic.h:816]   --->   Operation 99 'br' 'br_ln747' <Predicate = true> <Delay = 0.54>

State 13 <SV = 10> <Delay = 6.91>
ST_13 : Operation 100 [1/1] (0.00ns)   --->   "%c = phi i64 %sub_i, void, i64 %tmp_i_64, void, i64 0.785398, void" [/wrk/ci/prod/2020.2/rdi_builds/continuous/2020_11_18_3064766/src/shared/hls/clib/hlsmath/include/FloatingPoint/hls_cordic.h:747->/wrk/ci/prod/2020.2/rdi_builds/continuous/2020_11_18_3064766/src/shared/hls/clib/hlsmath/include/FloatingPoint/hls_cordic.h:816]   --->   Operation 100 'phi' 'c' <Predicate = true> <Delay = 0.00>
ST_13 : Operation 101 [5/5] (6.91ns)   --->   "%d = dsub i64 3.14159, i64 %c" [/wrk/ci/prod/2020.2/rdi_builds/continuous/2020_11_18_3064766/src/shared/hls/clib/hlsmath/include/FloatingPoint/hls_cordic.h:817]   --->   Operation 101 'dsub' 'd' <Predicate = true> <Delay = 6.91> <CoreInst = "DAddSub_fulldsp">   --->   Core 37 'DAddSub_fulldsp' <Latency = 4> <II = 1> <Delay = 6.91> <FuncUnit> <Opcode : 'dadd' 'dsub'> <InPorts = 2> <OutPorts = 1>

State 14 <SV = 11> <Delay = 6.91>
ST_14 : Operation 102 [4/5] (6.91ns)   --->   "%d = dsub i64 3.14159, i64 %c" [/wrk/ci/prod/2020.2/rdi_builds/continuous/2020_11_18_3064766/src/shared/hls/clib/hlsmath/include/FloatingPoint/hls_cordic.h:817]   --->   Operation 102 'dsub' 'd' <Predicate = true> <Delay = 6.91> <CoreInst = "DAddSub_fulldsp">   --->   Core 37 'DAddSub_fulldsp' <Latency = 4> <II = 1> <Delay = 6.91> <FuncUnit> <Opcode : 'dadd' 'dsub'> <InPorts = 2> <OutPorts = 1>

State 15 <SV = 12> <Delay = 6.91>
ST_15 : Operation 103 [3/5] (6.91ns)   --->   "%d = dsub i64 3.14159, i64 %c" [/wrk/ci/prod/2020.2/rdi_builds/continuous/2020_11_18_3064766/src/shared/hls/clib/hlsmath/include/FloatingPoint/hls_cordic.h:817]   --->   Operation 103 'dsub' 'd' <Predicate = true> <Delay = 6.91> <CoreInst = "DAddSub_fulldsp">   --->   Core 37 'DAddSub_fulldsp' <Latency = 4> <II = 1> <Delay = 6.91> <FuncUnit> <Opcode : 'dadd' 'dsub'> <InPorts = 2> <OutPorts = 1>

State 16 <SV = 13> <Delay = 6.91>
ST_16 : Operation 104 [2/5] (6.91ns)   --->   "%d = dsub i64 3.14159, i64 %c" [/wrk/ci/prod/2020.2/rdi_builds/continuous/2020_11_18_3064766/src/shared/hls/clib/hlsmath/include/FloatingPoint/hls_cordic.h:817]   --->   Operation 104 'dsub' 'd' <Predicate = true> <Delay = 6.91> <CoreInst = "DAddSub_fulldsp">   --->   Core 37 'DAddSub_fulldsp' <Latency = 4> <II = 1> <Delay = 6.91> <FuncUnit> <Opcode : 'dadd' 'dsub'> <InPorts = 2> <OutPorts = 1>

State 17 <SV = 14> <Delay = 6.91>
ST_17 : Operation 105 [1/5] (6.91ns)   --->   "%d = dsub i64 3.14159, i64 %c" [/wrk/ci/prod/2020.2/rdi_builds/continuous/2020_11_18_3064766/src/shared/hls/clib/hlsmath/include/FloatingPoint/hls_cordic.h:817]   --->   Operation 105 'dsub' 'd' <Predicate = true> <Delay = 6.91> <CoreInst = "DAddSub_fulldsp">   --->   Core 37 'DAddSub_fulldsp' <Latency = 4> <II = 1> <Delay = 6.91> <FuncUnit> <Opcode : 'dadd' 'dsub'> <InPorts = 2> <OutPorts = 1>
ST_17 : Operation 106 [1/1] (0.88ns)   --->   "%switch_ln818 = switch i2 %tmp_s, void %UnifiedReturnBlock, i2 3, void, i2 1, void, i2 2, void" [/wrk/ci/prod/2020.2/rdi_builds/continuous/2020_11_18_3064766/src/shared/hls/clib/hlsmath/include/FloatingPoint/hls_cordic.h:818]   --->   Operation 106 'switch' 'switch_ln818' <Predicate = true> <Delay = 0.88>
ST_17 : Operation 107 [1/1] (0.00ns)   --->   "%bitcast_ln822 = bitcast i64 %c" [/wrk/ci/prod/2020.2/rdi_builds/continuous/2020_11_18_3064766/src/shared/hls/clib/hlsmath/include/FloatingPoint/hls_cordic.h:822]   --->   Operation 107 'bitcast' 'bitcast_ln822' <Predicate = (tmp_s == 1)> <Delay = 0.00>
ST_17 : Operation 108 [1/1] (0.44ns)   --->   "%xor_ln822 = xor i64 %bitcast_ln822, i64 9223372036854775808" [/wrk/ci/prod/2020.2/rdi_builds/continuous/2020_11_18_3064766/src/shared/hls/clib/hlsmath/include/FloatingPoint/hls_cordic.h:822]   --->   Operation 108 'xor' 'xor_ln822' <Predicate = (tmp_s == 1)> <Delay = 0.44> <CoreInst = "LogicGate">   --->   Core 74 'LogicGate' <Latency = 0> <II = 1> <Delay = 0.44> <FuncUnit> <Opcode : 'and' 'or' 'xor'> <InPorts = 2> <OutPorts = 1>
ST_17 : Operation 109 [1/1] (0.00ns)   --->   "%bitcast_ln822_1 = bitcast i64 %xor_ln822" [/wrk/ci/prod/2020.2/rdi_builds/continuous/2020_11_18_3064766/src/shared/hls/clib/hlsmath/include/FloatingPoint/hls_cordic.h:822]   --->   Operation 109 'bitcast' 'bitcast_ln822_1' <Predicate = (tmp_s == 1)> <Delay = 0.00>
ST_17 : Operation 110 [1/1] (0.88ns)   --->   "%br_ln822 = br void %UnifiedReturnBlock" [/wrk/ci/prod/2020.2/rdi_builds/continuous/2020_11_18_3064766/src/shared/hls/clib/hlsmath/include/FloatingPoint/hls_cordic.h:822]   --->   Operation 110 'br' 'br_ln822' <Predicate = (tmp_s == 1)> <Delay = 0.88>

State 18 <SV = 15> <Delay = 1.32>
ST_18 : Operation 111 [1/1] (0.88ns)   --->   "%br_ln824 = br void %UnifiedReturnBlock" [/wrk/ci/prod/2020.2/rdi_builds/continuous/2020_11_18_3064766/src/shared/hls/clib/hlsmath/include/FloatingPoint/hls_cordic.h:824]   --->   Operation 111 'br' 'br_ln824' <Predicate = (!and_ln18 & !and_ln18_1 & !and_ln762 & !and_ln766 & !icmp_ln824_3 & !icmp_ln824_4 & !and_ln18_2 & !and_ln18_3 & tmp_s == 2)> <Delay = 0.88>
ST_18 : Operation 112 [1/1] (0.00ns)   --->   "%bitcast_ln826 = bitcast i64 %d" [/wrk/ci/prod/2020.2/rdi_builds/continuous/2020_11_18_3064766/src/shared/hls/clib/hlsmath/include/FloatingPoint/hls_cordic.h:826]   --->   Operation 112 'bitcast' 'bitcast_ln826' <Predicate = (!and_ln18 & !and_ln18_1 & !and_ln762 & !and_ln766 & !icmp_ln824_3 & !icmp_ln824_4 & !and_ln18_2 & !and_ln18_3 & tmp_s == 3)> <Delay = 0.00>
ST_18 : Operation 113 [1/1] (0.44ns)   --->   "%xor_ln826 = xor i64 %bitcast_ln826, i64 9223372036854775808" [/wrk/ci/prod/2020.2/rdi_builds/continuous/2020_11_18_3064766/src/shared/hls/clib/hlsmath/include/FloatingPoint/hls_cordic.h:826]   --->   Operation 113 'xor' 'xor_ln826' <Predicate = (!and_ln18 & !and_ln18_1 & !and_ln762 & !and_ln766 & !icmp_ln824_3 & !icmp_ln824_4 & !and_ln18_2 & !and_ln18_3 & tmp_s == 3)> <Delay = 0.44> <CoreInst = "LogicGate">   --->   Core 74 'LogicGate' <Latency = 0> <II = 1> <Delay = 0.44> <FuncUnit> <Opcode : 'and' 'or' 'xor'> <InPorts = 2> <OutPorts = 1>
ST_18 : Operation 114 [1/1] (0.00ns)   --->   "%bitcast_ln826_1 = bitcast i64 %xor_ln826" [/wrk/ci/prod/2020.2/rdi_builds/continuous/2020_11_18_3064766/src/shared/hls/clib/hlsmath/include/FloatingPoint/hls_cordic.h:826]   --->   Operation 114 'bitcast' 'bitcast_ln826_1' <Predicate = (!and_ln18 & !and_ln18_1 & !and_ln762 & !and_ln766 & !icmp_ln824_3 & !icmp_ln824_4 & !and_ln18_2 & !and_ln18_3 & tmp_s == 3)> <Delay = 0.00>
ST_18 : Operation 115 [1/1] (0.88ns)   --->   "%br_ln826 = br void %UnifiedReturnBlock" [/wrk/ci/prod/2020.2/rdi_builds/continuous/2020_11_18_3064766/src/shared/hls/clib/hlsmath/include/FloatingPoint/hls_cordic.h:826]   --->   Operation 115 'br' 'br_ln826' <Predicate = (!and_ln18 & !and_ln18_1 & !and_ln762 & !and_ln766 & !icmp_ln824_3 & !icmp_ln824_4 & !and_ln18_2 & !and_ln18_3 & tmp_s == 3)> <Delay = 0.88>
ST_18 : Operation 116 [1/1] (0.00ns)   --->   "%UnifiedRetVal = phi i64 %select_ln809, void, i64 %bitcast_ln521, void, i64 %bitcast_ln521_1, void, i64 %bitcast_ln521_2, void, i64 %bitcast_ln521_3, void, i64 %bitcast_ln521_4, void %.critedge264, i64 %bitcast_ln521_5, void, i64 -2.35619, void, i64 2.35619, void, i64 -0.785398, void, i64 -3.14159, void, i64 3.14159, void, i64 -0, void, i64 %bitcast_ln826_1, void, i64 %d, void, i64 %bitcast_ln822_1, void, i64 nan, void, i64 nan, void %.critedge378, i64 %c, void %atan2_cordic_Q1<double>.exit, i64 0.785398, void, i64 0, void"   --->   Operation 116 'phi' 'UnifiedRetVal' <Predicate = true> <Delay = 0.00>
ST_18 : Operation 117 [1/1] (0.00ns)   --->   "%ret_ln830 = ret i64 %UnifiedRetVal" [/wrk/ci/prod/2020.2/rdi_builds/continuous/2020_11_18_3064766/src/shared/hls/clib/hlsmath/include/FloatingPoint/hls_cordic.h:830]   --->   Operation 117 'ret' 'ret_ln830' <Predicate = true> <Delay = 0.00>

State 19 <SV = 14> <Delay = 0.88>
ST_19 : Operation 118 [1/1] (0.49ns)   --->   "%select_ln809 = select i1 %p_Result_32, i64 -1.5708, i64 1.5708" [/wrk/ci/prod/2020.2/rdi_builds/continuous/2020_11_18_3064766/src/shared/hls/clib/hlsmath/include/FloatingPoint/hls_cordic.h:809]   --->   Operation 118 'select' 'select_ln809' <Predicate = true> <Delay = 0.49> <CoreInst = "Sel">   --->   Core 73 'Sel' <Latency = 0> <II = 1> <Delay = 0.49> <FuncUnit> <Opcode : 'select'> <InPorts = 3> <OutPorts = 1>
ST_19 : Operation 119 [1/1] (0.88ns)   --->   "%br_ln830 = br void %UnifiedReturnBlock" [/wrk/ci/prod/2020.2/rdi_builds/continuous/2020_11_18_3064766/src/shared/hls/clib/hlsmath/include/FloatingPoint/hls_cordic.h:830]   --->   Operation 119 'br' 'br_ln830' <Predicate = true> <Delay = 0.88>

State 20 <SV = 14> <Delay = 0.88>
ST_20 : Operation 120 [1/1] (0.00ns)   --->   "%p_Result_38 = bitconcatenate i64 @_ssdm_op_BitConcatenate.i64.i1.i63, i1 %p_Result_32, i63 4609753056924675352"   --->   Operation 120 'bitconcatenate' 'p_Result_38' <Predicate = true> <Delay = 0.00>
ST_20 : Operation 121 [1/1] (0.00ns)   --->   "%bitcast_ln521_5 = bitcast i64 %p_Result_38" [/wrk/ci/prod/2020.2/rdi_builds/continuous/2020_11_18_3064766/src/shared/hls/clib/src/hls/utils/x_hls_utils.h:521]   --->   Operation 121 'bitcast' 'bitcast_ln521_5' <Predicate = true> <Delay = 0.00>
ST_20 : Operation 122 [1/1] (0.88ns)   --->   "%br_ln777 = br void %UnifiedReturnBlock" [/wrk/ci/prod/2020.2/rdi_builds/continuous/2020_11_18_3064766/src/shared/hls/clib/hlsmath/include/FloatingPoint/hls_cordic.h:777]   --->   Operation 122 'br' 'br_ln777' <Predicate = true> <Delay = 0.88>

State 21 <SV = 14> <Delay = 0.88>
ST_21 : Operation 123 [1/1] (0.00ns)   --->   "%p_Result_37 = bitconcatenate i64 @_ssdm_op_BitConcatenate.i64.i1.i63, i1 %p_Result_32, i63 0"   --->   Operation 123 'bitconcatenate' 'p_Result_37' <Predicate = true> <Delay = 0.00>
ST_21 : Operation 124 [1/1] (0.00ns)   --->   "%bitcast_ln521_4 = bitcast i64 %p_Result_37" [/wrk/ci/prod/2020.2/rdi_builds/continuous/2020_11_18_3064766/src/shared/hls/clib/src/hls/utils/x_hls_utils.h:521]   --->   Operation 124 'bitcast' 'bitcast_ln521_4' <Predicate = true> <Delay = 0.00>
ST_21 : Operation 125 [1/1] (0.88ns)   --->   "%br_ln775 = br void %UnifiedReturnBlock" [/wrk/ci/prod/2020.2/rdi_builds/continuous/2020_11_18_3064766/src/shared/hls/clib/hlsmath/include/FloatingPoint/hls_cordic.h:775]   --->   Operation 125 'br' 'br_ln775' <Predicate = true> <Delay = 0.88>

State 22 <SV = 14> <Delay = 0.88>
ST_22 : Operation 126 [1/1] (0.00ns)   --->   "%p_Result_36 = bitconcatenate i64 @_ssdm_op_BitConcatenate.i64.i1.i63, i1 %p_Result_32, i63 4614256656552045848"   --->   Operation 126 'bitconcatenate' 'p_Result_36' <Predicate = true> <Delay = 0.00>
ST_22 : Operation 127 [1/1] (0.00ns)   --->   "%bitcast_ln521_3 = bitcast i64 %p_Result_36" [/wrk/ci/prod/2020.2/rdi_builds/continuous/2020_11_18_3064766/src/shared/hls/clib/src/hls/utils/x_hls_utils.h:521]   --->   Operation 127 'bitcast' 'bitcast_ln521_3' <Predicate = true> <Delay = 0.00>
ST_22 : Operation 128 [1/1] (0.88ns)   --->   "%br_ln773 = br void %UnifiedReturnBlock" [/wrk/ci/prod/2020.2/rdi_builds/continuous/2020_11_18_3064766/src/shared/hls/clib/hlsmath/include/FloatingPoint/hls_cordic.h:773]   --->   Operation 128 'br' 'br_ln773' <Predicate = true> <Delay = 0.88>

State 23 <SV = 14> <Delay = 0.88>
ST_23 : Operation 129 [1/1] (0.00ns)   --->   "%p_Result_35 = bitconcatenate i64 @_ssdm_op_BitConcatenate.i64.i1.i63, i1 %p_Result_32, i63 4609753056924675352"   --->   Operation 129 'bitconcatenate' 'p_Result_35' <Predicate = true> <Delay = 0.00>
ST_23 : Operation 130 [1/1] (0.00ns)   --->   "%bitcast_ln521_2 = bitcast i64 %p_Result_35" [/wrk/ci/prod/2020.2/rdi_builds/continuous/2020_11_18_3064766/src/shared/hls/clib/src/hls/utils/x_hls_utils.h:521]   --->   Operation 130 'bitcast' 'bitcast_ln521_2' <Predicate = true> <Delay = 0.00>
ST_23 : Operation 131 [1/1] (0.88ns)   --->   "%br_ln767 = br void %UnifiedReturnBlock" [/wrk/ci/prod/2020.2/rdi_builds/continuous/2020_11_18_3064766/src/shared/hls/clib/hlsmath/include/FloatingPoint/hls_cordic.h:767]   --->   Operation 131 'br' 'br_ln767' <Predicate = true> <Delay = 0.88>

State 24 <SV = 14> <Delay = 0.88>
ST_24 : Operation 132 [1/1] (0.00ns)   --->   "%p_Result_34 = bitconcatenate i64 @_ssdm_op_BitConcatenate.i64.i1.i63, i1 %p_Result_32, i63 0"   --->   Operation 132 'bitconcatenate' 'p_Result_34' <Predicate = true> <Delay = 0.00>
ST_24 : Operation 133 [1/1] (0.00ns)   --->   "%bitcast_ln521_1 = bitcast i64 %p_Result_34" [/wrk/ci/prod/2020.2/rdi_builds/continuous/2020_11_18_3064766/src/shared/hls/clib/src/hls/utils/x_hls_utils.h:521]   --->   Operation 133 'bitcast' 'bitcast_ln521_1' <Predicate = true> <Delay = 0.00>
ST_24 : Operation 134 [1/1] (0.88ns)   --->   "%br_ln765 = br void %UnifiedReturnBlock" [/wrk/ci/prod/2020.2/rdi_builds/continuous/2020_11_18_3064766/src/shared/hls/clib/hlsmath/include/FloatingPoint/hls_cordic.h:765]   --->   Operation 134 'br' 'br_ln765' <Predicate = true> <Delay = 0.88>

State 25 <SV = 14> <Delay = 0.88>
ST_25 : Operation 135 [1/1] (0.00ns)   --->   "%p_Result_33 = bitconcatenate i64 @_ssdm_op_BitConcatenate.i64.i1.i63, i1 %p_Result_32, i63 4614256656552045848"   --->   Operation 135 'bitconcatenate' 'p_Result_33' <Predicate = true> <Delay = 0.00>
ST_25 : Operation 136 [1/1] (0.00ns)   --->   "%bitcast_ln521 = bitcast i64 %p_Result_33" [/wrk/ci/prod/2020.2/rdi_builds/continuous/2020_11_18_3064766/src/shared/hls/clib/src/hls/utils/x_hls_utils.h:521]   --->   Operation 136 'bitcast' 'bitcast_ln521' <Predicate = true> <Delay = 0.00>
ST_25 : Operation 137 [1/1] (0.88ns)   --->   "%br_ln763 = br void %UnifiedReturnBlock" [/wrk/ci/prod/2020.2/rdi_builds/continuous/2020_11_18_3064766/src/shared/hls/clib/hlsmath/include/FloatingPoint/hls_cordic.h:763]   --->   Operation 137 'br' 'br_ln763' <Predicate = true> <Delay = 0.88>


============================================================
+ Verbose Summary: Timing violations
============================================================
Target clock period: 10ns, clock uncertainty: 2.7ns.

 <State 1>: 3.61ns
The critical path consists of the following:
	wire read on port 'x_in' (/wrk/ci/prod/2020.2/rdi_builds/continuous/2020_11_18_3064766/src/shared/hls/clib/hlsmath/include/FloatingPoint/hls_cordic.h:754) [5]  (0 ns)
	'dcmp' operation ('tmp_9', /wrk/ci/prod/2020.2/rdi_builds/continuous/2020_11_18_3064766/src/shared/hls/clib/hlsmath/include/FloatingPoint/hls_cordic.h:746->/wrk/ci/prod/2020.2/rdi_builds/continuous/2020_11_18_3064766/src/shared/hls/clib/hlsmath/include/FloatingPoint/hls_cordic.h:816) [62]  (3.61 ns)

 <State 2>: 3.94ns
The critical path consists of the following:
	'dcmp' operation ('tmp_9', /wrk/ci/prod/2020.2/rdi_builds/continuous/2020_11_18_3064766/src/shared/hls/clib/hlsmath/include/FloatingPoint/hls_cordic.h:746->/wrk/ci/prod/2020.2/rdi_builds/continuous/2020_11_18_3064766/src/shared/hls/clib/hlsmath/include/FloatingPoint/hls_cordic.h:816) [62]  (3.61 ns)
	'and' operation ('and_ln746_1', /wrk/ci/prod/2020.2/rdi_builds/continuous/2020_11_18_3064766/src/shared/hls/clib/hlsmath/include/FloatingPoint/hls_cordic.h:746->/wrk/ci/prod/2020.2/rdi_builds/continuous/2020_11_18_3064766/src/shared/hls/clib/hlsmath/include/FloatingPoint/hls_cordic.h:816) [63]  (0.331 ns)

 <State 3>: 7.3ns
The critical path consists of the following:
	'call' operation ('tmp_i_64', /wrk/ci/prod/2020.2/rdi_builds/continuous/2020_11_18_3064766/src/shared/hls/clib/hlsmath/include/FloatingPoint/hls_cordic.h:749->/wrk/ci/prod/2020.2/rdi_builds/continuous/2020_11_18_3064766/src/shared/hls/clib/hlsmath/include/FloatingPoint/hls_cordic.h:816) to 'atan2_generic<double>' [66]  (7.3 ns)

 <State 4>: 0.547ns
The critical path consists of the following:
	'call' operation ('tmp_i_64', /wrk/ci/prod/2020.2/rdi_builds/continuous/2020_11_18_3064766/src/shared/hls/clib/hlsmath/include/FloatingPoint/hls_cordic.h:749->/wrk/ci/prod/2020.2/rdi_builds/continuous/2020_11_18_3064766/src/shared/hls/clib/hlsmath/include/FloatingPoint/hls_cordic.h:816) to 'atan2_generic<double>' [66]  (0.547 ns)

 <State 5>: 7.3ns
The critical path consists of the following:
	'call' operation ('tmp_i', /wrk/ci/prod/2020.2/rdi_builds/continuous/2020_11_18_3064766/src/shared/hls/clib/hlsmath/include/FloatingPoint/hls_cordic.h:747->/wrk/ci/prod/2020.2/rdi_builds/continuous/2020_11_18_3064766/src/shared/hls/clib/hlsmath/include/FloatingPoint/hls_cordic.h:816) to 'atan2_generic<double>' [69]  (7.3 ns)

 <State 6>: 0.547ns
The critical path consists of the following:
	'call' operation ('tmp_i', /wrk/ci/prod/2020.2/rdi_builds/continuous/2020_11_18_3064766/src/shared/hls/clib/hlsmath/include/FloatingPoint/hls_cordic.h:747->/wrk/ci/prod/2020.2/rdi_builds/continuous/2020_11_18_3064766/src/shared/hls/clib/hlsmath/include/FloatingPoint/hls_cordic.h:816) to 'atan2_generic<double>' [69]  (0.547 ns)

 <State 7>: 6.92ns
The critical path consists of the following:
	'dsub' operation ('sub_i', /wrk/ci/prod/2020.2/rdi_builds/continuous/2020_11_18_3064766/src/shared/hls/clib/hlsmath/include/FloatingPoint/hls_cordic.h:747->/wrk/ci/prod/2020.2/rdi_builds/continuous/2020_11_18_3064766/src/shared/hls/clib/hlsmath/include/FloatingPoint/hls_cordic.h:816) [70]  (6.92 ns)

 <State 8>: 6.92ns
The critical path consists of the following:
	'dsub' operation ('sub_i', /wrk/ci/prod/2020.2/rdi_builds/continuous/2020_11_18_3064766/src/shared/hls/clib/hlsmath/include/FloatingPoint/hls_cordic.h:747->/wrk/ci/prod/2020.2/rdi_builds/continuous/2020_11_18_3064766/src/shared/hls/clib/hlsmath/include/FloatingPoint/hls_cordic.h:816) [70]  (6.92 ns)

 <State 9>: 6.92ns
The critical path consists of the following:
	'dsub' operation ('sub_i', /wrk/ci/prod/2020.2/rdi_builds/continuous/2020_11_18_3064766/src/shared/hls/clib/hlsmath/include/FloatingPoint/hls_cordic.h:747->/wrk/ci/prod/2020.2/rdi_builds/continuous/2020_11_18_3064766/src/shared/hls/clib/hlsmath/include/FloatingPoint/hls_cordic.h:816) [70]  (6.92 ns)

 <State 10>: 6.92ns
The critical path consists of the following:
	'dsub' operation ('sub_i', /wrk/ci/prod/2020.2/rdi_builds/continuous/2020_11_18_3064766/src/shared/hls/clib/hlsmath/include/FloatingPoint/hls_cordic.h:747->/wrk/ci/prod/2020.2/rdi_builds/continuous/2020_11_18_3064766/src/shared/hls/clib/hlsmath/include/FloatingPoint/hls_cordic.h:816) [70]  (6.92 ns)

 <State 11>: 6.92ns
The critical path consists of the following:
	'dsub' operation ('sub_i', /wrk/ci/prod/2020.2/rdi_builds/continuous/2020_11_18_3064766/src/shared/hls/clib/hlsmath/include/FloatingPoint/hls_cordic.h:747->/wrk/ci/prod/2020.2/rdi_builds/continuous/2020_11_18_3064766/src/shared/hls/clib/hlsmath/include/FloatingPoint/hls_cordic.h:816) [70]  (6.92 ns)

 <State 12>: 0.547ns
The critical path consists of the following:
	multiplexor before 'phi' operation ('c', /wrk/ci/prod/2020.2/rdi_builds/continuous/2020_11_18_3064766/src/shared/hls/clib/hlsmath/include/FloatingPoint/hls_cordic.h:747->/wrk/ci/prod/2020.2/rdi_builds/continuous/2020_11_18_3064766/src/shared/hls/clib/hlsmath/include/FloatingPoint/hls_cordic.h:816) with incoming values : ('tmp_i_64', /wrk/ci/prod/2020.2/rdi_builds/continuous/2020_11_18_3064766/src/shared/hls/clib/hlsmath/include/FloatingPoint/hls_cordic.h:749->/wrk/ci/prod/2020.2/rdi_builds/continuous/2020_11_18_3064766/src/shared/hls/clib/hlsmath/include/FloatingPoint/hls_cordic.h:816) ('sub_i', /wrk/ci/prod/2020.2/rdi_builds/continuous/2020_11_18_3064766/src/shared/hls/clib/hlsmath/include/FloatingPoint/hls_cordic.h:747->/wrk/ci/prod/2020.2/rdi_builds/continuous/2020_11_18_3064766/src/shared/hls/clib/hlsmath/include/FloatingPoint/hls_cordic.h:816) [73]  (0.547 ns)

 <State 13>: 6.92ns
The critical path consists of the following:
	'phi' operation ('c', /wrk/ci/prod/2020.2/rdi_builds/continuous/2020_11_18_3064766/src/shared/hls/clib/hlsmath/include/FloatingPoint/hls_cordic.h:747->/wrk/ci/prod/2020.2/rdi_builds/continuous/2020_11_18_3064766/src/shared/hls/clib/hlsmath/include/FloatingPoint/hls_cordic.h:816) with incoming values : ('tmp_i_64', /wrk/ci/prod/2020.2/rdi_builds/continuous/2020_11_18_3064766/src/shared/hls/clib/hlsmath/include/FloatingPoint/hls_cordic.h:749->/wrk/ci/prod/2020.2/rdi_builds/continuous/2020_11_18_3064766/src/shared/hls/clib/hlsmath/include/FloatingPoint/hls_cordic.h:816) ('sub_i', /wrk/ci/prod/2020.2/rdi_builds/continuous/2020_11_18_3064766/src/shared/hls/clib/hlsmath/include/FloatingPoint/hls_cordic.h:747->/wrk/ci/prod/2020.2/rdi_builds/continuous/2020_11_18_3064766/src/shared/hls/clib/hlsmath/include/FloatingPoint/hls_cordic.h:816) [73]  (0 ns)
	'dsub' operation ('d', /wrk/ci/prod/2020.2/rdi_builds/continuous/2020_11_18_3064766/src/shared/hls/clib/hlsmath/include/FloatingPoint/hls_cordic.h:817) [74]  (6.92 ns)

 <State 14>: 6.92ns
The critical path consists of the following:
	'dsub' operation ('d', /wrk/ci/prod/2020.2/rdi_builds/continuous/2020_11_18_3064766/src/shared/hls/clib/hlsmath/include/FloatingPoint/hls_cordic.h:817) [74]  (6.92 ns)

 <State 15>: 6.92ns
The critical path consists of the following:
	'dsub' operation ('d', /wrk/ci/prod/2020.2/rdi_builds/continuous/2020_11_18_3064766/src/shared/hls/clib/hlsmath/include/FloatingPoint/hls_cordic.h:817) [74]  (6.92 ns)

 <State 16>: 6.92ns
The critical path consists of the following:
	'dsub' operation ('d', /wrk/ci/prod/2020.2/rdi_builds/continuous/2020_11_18_3064766/src/shared/hls/clib/hlsmath/include/FloatingPoint/hls_cordic.h:817) [74]  (6.92 ns)

 <State 17>: 6.92ns
The critical path consists of the following:
	'dsub' operation ('d', /wrk/ci/prod/2020.2/rdi_builds/continuous/2020_11_18_3064766/src/shared/hls/clib/hlsmath/include/FloatingPoint/hls_cordic.h:817) [74]  (6.92 ns)

 <State 18>: 1.33ns
The critical path consists of the following:
	'xor' operation ('xor_ln826', /wrk/ci/prod/2020.2/rdi_builds/continuous/2020_11_18_3064766/src/shared/hls/clib/hlsmath/include/FloatingPoint/hls_cordic.h:826) [85]  (0.441 ns)
	multiplexor before 'phi' operation ('c') with incoming values : ('tmp_i_64', /wrk/ci/prod/2020.2/rdi_builds/continuous/2020_11_18_3064766/src/shared/hls/clib/hlsmath/include/FloatingPoint/hls_cordic.h:749->/wrk/ci/prod/2020.2/rdi_builds/continuous/2020_11_18_3064766/src/shared/hls/clib/hlsmath/include/FloatingPoint/hls_cordic.h:816) ('sub_i', /wrk/ci/prod/2020.2/rdi_builds/continuous/2020_11_18_3064766/src/shared/hls/clib/hlsmath/include/FloatingPoint/hls_cordic.h:747->/wrk/ci/prod/2020.2/rdi_builds/continuous/2020_11_18_3064766/src/shared/hls/clib/hlsmath/include/FloatingPoint/hls_cordic.h:816) ('d', /wrk/ci/prod/2020.2/rdi_builds/continuous/2020_11_18_3064766/src/shared/hls/clib/hlsmath/include/FloatingPoint/hls_cordic.h:817) ('bitcast_ln822_1', /wrk/ci/prod/2020.2/rdi_builds/continuous/2020_11_18_3064766/src/shared/hls/clib/hlsmath/include/FloatingPoint/hls_cordic.h:822) ('bitcast_ln826_1', /wrk/ci/prod/2020.2/rdi_builds/continuous/2020_11_18_3064766/src/shared/hls/clib/hlsmath/include/FloatingPoint/hls_cordic.h:826) ('select_ln809', /wrk/ci/prod/2020.2/rdi_builds/continuous/2020_11_18_3064766/src/shared/hls/clib/hlsmath/include/FloatingPoint/hls_cordic.h:809) ('bitcast_ln521_5', /wrk/ci/prod/2020.2/rdi_builds/continuous/2020_11_18_3064766/src/shared/hls/clib/src/hls/utils/x_hls_utils.h:521) ('bitcast_ln521_4', /wrk/ci/prod/2020.2/rdi_builds/continuous/2020_11_18_3064766/src/shared/hls/clib/src/hls/utils/x_hls_utils.h:521) ('bitcast_ln521_3', /wrk/ci/prod/2020.2/rdi_builds/continuous/2020_11_18_3064766/src/shared/hls/clib/src/hls/utils/x_hls_utils.h:521) ('bitcast_ln521_2', /wrk/ci/prod/2020.2/rdi_builds/continuous/2020_11_18_3064766/src/shared/hls/clib/src/hls/utils/x_hls_utils.h:521) ('bitcast_ln521_1', /wrk/ci/prod/2020.2/rdi_builds/continuous/2020_11_18_3064766/src/shared/hls/clib/src/hls/utils/x_hls_utils.h:521) ('bitcast_ln521', /wrk/ci/prod/2020.2/rdi_builds/continuous/2020_11_18_3064766/src/shared/hls/clib/src/hls/utils/x_hls_utils.h:521) [138]  (0.886 ns)
	'phi' operation ('c') with incoming values : ('tmp_i_64', /wrk/ci/prod/2020.2/rdi_builds/continuous/2020_11_18_3064766/src/shared/hls/clib/hlsmath/include/FloatingPoint/hls_cordic.h:749->/wrk/ci/prod/2020.2/rdi_builds/continuous/2020_11_18_3064766/src/shared/hls/clib/hlsmath/include/FloatingPoint/hls_cordic.h:816) ('sub_i', /wrk/ci/prod/2020.2/rdi_builds/continuous/2020_11_18_3064766/src/shared/hls/clib/hlsmath/include/FloatingPoint/hls_cordic.h:747->/wrk/ci/prod/2020.2/rdi_builds/continuous/2020_11_18_3064766/src/shared/hls/clib/hlsmath/include/FloatingPoint/hls_cordic.h:816) ('d', /wrk/ci/prod/2020.2/rdi_builds/continuous/2020_11_18_3064766/src/shared/hls/clib/hlsmath/include/FloatingPoint/hls_cordic.h:817) ('bitcast_ln822_1', /wrk/ci/prod/2020.2/rdi_builds/continuous/2020_11_18_3064766/src/shared/hls/clib/hlsmath/include/FloatingPoint/hls_cordic.h:822) ('bitcast_ln826_1', /wrk/ci/prod/2020.2/rdi_builds/continuous/2020_11_18_3064766/src/shared/hls/clib/hlsmath/include/FloatingPoint/hls_cordic.h:826) ('select_ln809', /wrk/ci/prod/2020.2/rdi_builds/continuous/2020_11_18_3064766/src/shared/hls/clib/hlsmath/include/FloatingPoint/hls_cordic.h:809) ('bitcast_ln521_5', /wrk/ci/prod/2020.2/rdi_builds/continuous/2020_11_18_3064766/src/shared/hls/clib/src/hls/utils/x_hls_utils.h:521) ('bitcast_ln521_4', /wrk/ci/prod/2020.2/rdi_builds/continuous/2020_11_18_3064766/src/shared/hls/clib/src/hls/utils/x_hls_utils.h:521) ('bitcast_ln521_3', /wrk/ci/prod/2020.2/rdi_builds/continuous/2020_11_18_3064766/src/shared/hls/clib/src/hls/utils/x_hls_utils.h:521) ('bitcast_ln521_2', /wrk/ci/prod/2020.2/rdi_builds/continuous/2020_11_18_3064766/src/shared/hls/clib/src/hls/utils/x_hls_utils.h:521) ('bitcast_ln521_1', /wrk/ci/prod/2020.2/rdi_builds/continuous/2020_11_18_3064766/src/shared/hls/clib/src/hls/utils/x_hls_utils.h:521) ('bitcast_ln521', /wrk/ci/prod/2020.2/rdi_builds/continuous/2020_11_18_3064766/src/shared/hls/clib/src/hls/utils/x_hls_utils.h:521) [138]  (0 ns)

 <State 19>: 0.886ns
The critical path consists of the following:
	multiplexor before 'phi' operation ('c') with incoming values : ('tmp_i_64', /wrk/ci/prod/2020.2/rdi_builds/continuous/2020_11_18_3064766/src/shared/hls/clib/hlsmath/include/FloatingPoint/hls_cordic.h:749->/wrk/ci/prod/2020.2/rdi_builds/continuous/2020_11_18_3064766/src/shared/hls/clib/hlsmath/include/FloatingPoint/hls_cordic.h:816) ('sub_i', /wrk/ci/prod/2020.2/rdi_builds/continuous/2020_11_18_3064766/src/shared/hls/clib/hlsmath/include/FloatingPoint/hls_cordic.h:747->/wrk/ci/prod/2020.2/rdi_builds/continuous/2020_11_18_3064766/src/shared/hls/clib/hlsmath/include/FloatingPoint/hls_cordic.h:816) ('d', /wrk/ci/prod/2020.2/rdi_builds/continuous/2020_11_18_3064766/src/shared/hls/clib/hlsmath/include/FloatingPoint/hls_cordic.h:817) ('bitcast_ln822_1', /wrk/ci/prod/2020.2/rdi_builds/continuous/2020_11_18_3064766/src/shared/hls/clib/hlsmath/include/FloatingPoint/hls_cordic.h:822) ('bitcast_ln826_1', /wrk/ci/prod/2020.2/rdi_builds/continuous/2020_11_18_3064766/src/shared/hls/clib/hlsmath/include/FloatingPoint/hls_cordic.h:826) ('select_ln809', /wrk/ci/prod/2020.2/rdi_builds/continuous/2020_11_18_3064766/src/shared/hls/clib/hlsmath/include/FloatingPoint/hls_cordic.h:809) ('bitcast_ln521_5', /wrk/ci/prod/2020.2/rdi_builds/continuous/2020_11_18_3064766/src/shared/hls/clib/src/hls/utils/x_hls_utils.h:521) ('bitcast_ln521_4', /wrk/ci/prod/2020.2/rdi_builds/continuous/2020_11_18_3064766/src/shared/hls/clib/src/hls/utils/x_hls_utils.h:521) ('bitcast_ln521_3', /wrk/ci/prod/2020.2/rdi_builds/continuous/2020_11_18_3064766/src/shared/hls/clib/src/hls/utils/x_hls_utils.h:521) ('bitcast_ln521_2', /wrk/ci/prod/2020.2/rdi_builds/continuous/2020_11_18_3064766/src/shared/hls/clib/src/hls/utils/x_hls_utils.h:521) ('bitcast_ln521_1', /wrk/ci/prod/2020.2/rdi_builds/continuous/2020_11_18_3064766/src/shared/hls/clib/src/hls/utils/x_hls_utils.h:521) ('bitcast_ln521', /wrk/ci/prod/2020.2/rdi_builds/continuous/2020_11_18_3064766/src/shared/hls/clib/src/hls/utils/x_hls_utils.h:521) [138]  (0.886 ns)

 <State 20>: 0.886ns
The critical path consists of the following:
	multiplexor before 'phi' operation ('c') with incoming values : ('tmp_i_64', /wrk/ci/prod/2020.2/rdi_builds/continuous/2020_11_18_3064766/src/shared/hls/clib/hlsmath/include/FloatingPoint/hls_cordic.h:749->/wrk/ci/prod/2020.2/rdi_builds/continuous/2020_11_18_3064766/src/shared/hls/clib/hlsmath/include/FloatingPoint/hls_cordic.h:816) ('sub_i', /wrk/ci/prod/2020.2/rdi_builds/continuous/2020_11_18_3064766/src/shared/hls/clib/hlsmath/include/FloatingPoint/hls_cordic.h:747->/wrk/ci/prod/2020.2/rdi_builds/continuous/2020_11_18_3064766/src/shared/hls/clib/hlsmath/include/FloatingPoint/hls_cordic.h:816) ('d', /wrk/ci/prod/2020.2/rdi_builds/continuous/2020_11_18_3064766/src/shared/hls/clib/hlsmath/include/FloatingPoint/hls_cordic.h:817) ('bitcast_ln822_1', /wrk/ci/prod/2020.2/rdi_builds/continuous/2020_11_18_3064766/src/shared/hls/clib/hlsmath/include/FloatingPoint/hls_cordic.h:822) ('bitcast_ln826_1', /wrk/ci/prod/2020.2/rdi_builds/continuous/2020_11_18_3064766/src/shared/hls/clib/hlsmath/include/FloatingPoint/hls_cordic.h:826) ('select_ln809', /wrk/ci/prod/2020.2/rdi_builds/continuous/2020_11_18_3064766/src/shared/hls/clib/hlsmath/include/FloatingPoint/hls_cordic.h:809) ('bitcast_ln521_5', /wrk/ci/prod/2020.2/rdi_builds/continuous/2020_11_18_3064766/src/shared/hls/clib/src/hls/utils/x_hls_utils.h:521) ('bitcast_ln521_4', /wrk/ci/prod/2020.2/rdi_builds/continuous/2020_11_18_3064766/src/shared/hls/clib/src/hls/utils/x_hls_utils.h:521) ('bitcast_ln521_3', /wrk/ci/prod/2020.2/rdi_builds/continuous/2020_11_18_3064766/src/shared/hls/clib/src/hls/utils/x_hls_utils.h:521) ('bitcast_ln521_2', /wrk/ci/prod/2020.2/rdi_builds/continuous/2020_11_18_3064766/src/shared/hls/clib/src/hls/utils/x_hls_utils.h:521) ('bitcast_ln521_1', /wrk/ci/prod/2020.2/rdi_builds/continuous/2020_11_18_3064766/src/shared/hls/clib/src/hls/utils/x_hls_utils.h:521) ('bitcast_ln521', /wrk/ci/prod/2020.2/rdi_builds/continuous/2020_11_18_3064766/src/shared/hls/clib/src/hls/utils/x_hls_utils.h:521) [138]  (0.886 ns)

 <State 21>: 0.886ns
The critical path consists of the following:
	multiplexor before 'phi' operation ('c') with incoming values : ('tmp_i_64', /wrk/ci/prod/2020.2/rdi_builds/continuous/2020_11_18_3064766/src/shared/hls/clib/hlsmath/include/FloatingPoint/hls_cordic.h:749->/wrk/ci/prod/2020.2/rdi_builds/continuous/2020_11_18_3064766/src/shared/hls/clib/hlsmath/include/FloatingPoint/hls_cordic.h:816) ('sub_i', /wrk/ci/prod/2020.2/rdi_builds/continuous/2020_11_18_3064766/src/shared/hls/clib/hlsmath/include/FloatingPoint/hls_cordic.h:747->/wrk/ci/prod/2020.2/rdi_builds/continuous/2020_11_18_3064766/src/shared/hls/clib/hlsmath/include/FloatingPoint/hls_cordic.h:816) ('d', /wrk/ci/prod/2020.2/rdi_builds/continuous/2020_11_18_3064766/src/shared/hls/clib/hlsmath/include/FloatingPoint/hls_cordic.h:817) ('bitcast_ln822_1', /wrk/ci/prod/2020.2/rdi_builds/continuous/2020_11_18_3064766/src/shared/hls/clib/hlsmath/include/FloatingPoint/hls_cordic.h:822) ('bitcast_ln826_1', /wrk/ci/prod/2020.2/rdi_builds/continuous/2020_11_18_3064766/src/shared/hls/clib/hlsmath/include/FloatingPoint/hls_cordic.h:826) ('select_ln809', /wrk/ci/prod/2020.2/rdi_builds/continuous/2020_11_18_3064766/src/shared/hls/clib/hlsmath/include/FloatingPoint/hls_cordic.h:809) ('bitcast_ln521_5', /wrk/ci/prod/2020.2/rdi_builds/continuous/2020_11_18_3064766/src/shared/hls/clib/src/hls/utils/x_hls_utils.h:521) ('bitcast_ln521_4', /wrk/ci/prod/2020.2/rdi_builds/continuous/2020_11_18_3064766/src/shared/hls/clib/src/hls/utils/x_hls_utils.h:521) ('bitcast_ln521_3', /wrk/ci/prod/2020.2/rdi_builds/continuous/2020_11_18_3064766/src/shared/hls/clib/src/hls/utils/x_hls_utils.h:521) ('bitcast_ln521_2', /wrk/ci/prod/2020.2/rdi_builds/continuous/2020_11_18_3064766/src/shared/hls/clib/src/hls/utils/x_hls_utils.h:521) ('bitcast_ln521_1', /wrk/ci/prod/2020.2/rdi_builds/continuous/2020_11_18_3064766/src/shared/hls/clib/src/hls/utils/x_hls_utils.h:521) ('bitcast_ln521', /wrk/ci/prod/2020.2/rdi_builds/continuous/2020_11_18_3064766/src/shared/hls/clib/src/hls/utils/x_hls_utils.h:521) [138]  (0.886 ns)

 <State 22>: 0.886ns
The critical path consists of the following:
	multiplexor before 'phi' operation ('c') with incoming values : ('tmp_i_64', /wrk/ci/prod/2020.2/rdi_builds/continuous/2020_11_18_3064766/src/shared/hls/clib/hlsmath/include/FloatingPoint/hls_cordic.h:749->/wrk/ci/prod/2020.2/rdi_builds/continuous/2020_11_18_3064766/src/shared/hls/clib/hlsmath/include/FloatingPoint/hls_cordic.h:816) ('sub_i', /wrk/ci/prod/2020.2/rdi_builds/continuous/2020_11_18_3064766/src/shared/hls/clib/hlsmath/include/FloatingPoint/hls_cordic.h:747->/wrk/ci/prod/2020.2/rdi_builds/continuous/2020_11_18_3064766/src/shared/hls/clib/hlsmath/include/FloatingPoint/hls_cordic.h:816) ('d', /wrk/ci/prod/2020.2/rdi_builds/continuous/2020_11_18_3064766/src/shared/hls/clib/hlsmath/include/FloatingPoint/hls_cordic.h:817) ('bitcast_ln822_1', /wrk/ci/prod/2020.2/rdi_builds/continuous/2020_11_18_3064766/src/shared/hls/clib/hlsmath/include/FloatingPoint/hls_cordic.h:822) ('bitcast_ln826_1', /wrk/ci/prod/2020.2/rdi_builds/continuous/2020_11_18_3064766/src/shared/hls/clib/hlsmath/include/FloatingPoint/hls_cordic.h:826) ('select_ln809', /wrk/ci/prod/2020.2/rdi_builds/continuous/2020_11_18_3064766/src/shared/hls/clib/hlsmath/include/FloatingPoint/hls_cordic.h:809) ('bitcast_ln521_5', /wrk/ci/prod/2020.2/rdi_builds/continuous/2020_11_18_3064766/src/shared/hls/clib/src/hls/utils/x_hls_utils.h:521) ('bitcast_ln521_4', /wrk/ci/prod/2020.2/rdi_builds/continuous/2020_11_18_3064766/src/shared/hls/clib/src/hls/utils/x_hls_utils.h:521) ('bitcast_ln521_3', /wrk/ci/prod/2020.2/rdi_builds/continuous/2020_11_18_3064766/src/shared/hls/clib/src/hls/utils/x_hls_utils.h:521) ('bitcast_ln521_2', /wrk/ci/prod/2020.2/rdi_builds/continuous/2020_11_18_3064766/src/shared/hls/clib/src/hls/utils/x_hls_utils.h:521) ('bitcast_ln521_1', /wrk/ci/prod/2020.2/rdi_builds/continuous/2020_11_18_3064766/src/shared/hls/clib/src/hls/utils/x_hls_utils.h:521) ('bitcast_ln521', /wrk/ci/prod/2020.2/rdi_builds/continuous/2020_11_18_3064766/src/shared/hls/clib/src/hls/utils/x_hls_utils.h:521) [138]  (0.886 ns)

 <State 23>: 0.886ns
The critical path consists of the following:
	multiplexor before 'phi' operation ('c') with incoming values : ('tmp_i_64', /wrk/ci/prod/2020.2/rdi_builds/continuous/2020_11_18_3064766/src/shared/hls/clib/hlsmath/include/FloatingPoint/hls_cordic.h:749->/wrk/ci/prod/2020.2/rdi_builds/continuous/2020_11_18_3064766/src/shared/hls/clib/hlsmath/include/FloatingPoint/hls_cordic.h:816) ('sub_i', /wrk/ci/prod/2020.2/rdi_builds/continuous/2020_11_18_3064766/src/shared/hls/clib/hlsmath/include/FloatingPoint/hls_cordic.h:747->/wrk/ci/prod/2020.2/rdi_builds/continuous/2020_11_18_3064766/src/shared/hls/clib/hlsmath/include/FloatingPoint/hls_cordic.h:816) ('d', /wrk/ci/prod/2020.2/rdi_builds/continuous/2020_11_18_3064766/src/shared/hls/clib/hlsmath/include/FloatingPoint/hls_cordic.h:817) ('bitcast_ln822_1', /wrk/ci/prod/2020.2/rdi_builds/continuous/2020_11_18_3064766/src/shared/hls/clib/hlsmath/include/FloatingPoint/hls_cordic.h:822) ('bitcast_ln826_1', /wrk/ci/prod/2020.2/rdi_builds/continuous/2020_11_18_3064766/src/shared/hls/clib/hlsmath/include/FloatingPoint/hls_cordic.h:826) ('select_ln809', /wrk/ci/prod/2020.2/rdi_builds/continuous/2020_11_18_3064766/src/shared/hls/clib/hlsmath/include/FloatingPoint/hls_cordic.h:809) ('bitcast_ln521_5', /wrk/ci/prod/2020.2/rdi_builds/continuous/2020_11_18_3064766/src/shared/hls/clib/src/hls/utils/x_hls_utils.h:521) ('bitcast_ln521_4', /wrk/ci/prod/2020.2/rdi_builds/continuous/2020_11_18_3064766/src/shared/hls/clib/src/hls/utils/x_hls_utils.h:521) ('bitcast_ln521_3', /wrk/ci/prod/2020.2/rdi_builds/continuous/2020_11_18_3064766/src/shared/hls/clib/src/hls/utils/x_hls_utils.h:521) ('bitcast_ln521_2', /wrk/ci/prod/2020.2/rdi_builds/continuous/2020_11_18_3064766/src/shared/hls/clib/src/hls/utils/x_hls_utils.h:521) ('bitcast_ln521_1', /wrk/ci/prod/2020.2/rdi_builds/continuous/2020_11_18_3064766/src/shared/hls/clib/src/hls/utils/x_hls_utils.h:521) ('bitcast_ln521', /wrk/ci/prod/2020.2/rdi_builds/continuous/2020_11_18_3064766/src/shared/hls/clib/src/hls/utils/x_hls_utils.h:521) [138]  (0.886 ns)

 <State 24>: 0.886ns
The critical path consists of the following:
	multiplexor before 'phi' operation ('c') with incoming values : ('tmp_i_64', /wrk/ci/prod/2020.2/rdi_builds/continuous/2020_11_18_3064766/src/shared/hls/clib/hlsmath/include/FloatingPoint/hls_cordic.h:749->/wrk/ci/prod/2020.2/rdi_builds/continuous/2020_11_18_3064766/src/shared/hls/clib/hlsmath/include/FloatingPoint/hls_cordic.h:816) ('sub_i', /wrk/ci/prod/2020.2/rdi_builds/continuous/2020_11_18_3064766/src/shared/hls/clib/hlsmath/include/FloatingPoint/hls_cordic.h:747->/wrk/ci/prod/2020.2/rdi_builds/continuous/2020_11_18_3064766/src/shared/hls/clib/hlsmath/include/FloatingPoint/hls_cordic.h:816) ('d', /wrk/ci/prod/2020.2/rdi_builds/continuous/2020_11_18_3064766/src/shared/hls/clib/hlsmath/include/FloatingPoint/hls_cordic.h:817) ('bitcast_ln822_1', /wrk/ci/prod/2020.2/rdi_builds/continuous/2020_11_18_3064766/src/shared/hls/clib/hlsmath/include/FloatingPoint/hls_cordic.h:822) ('bitcast_ln826_1', /wrk/ci/prod/2020.2/rdi_builds/continuous/2020_11_18_3064766/src/shared/hls/clib/hlsmath/include/FloatingPoint/hls_cordic.h:826) ('select_ln809', /wrk/ci/prod/2020.2/rdi_builds/continuous/2020_11_18_3064766/src/shared/hls/clib/hlsmath/include/FloatingPoint/hls_cordic.h:809) ('bitcast_ln521_5', /wrk/ci/prod/2020.2/rdi_builds/continuous/2020_11_18_3064766/src/shared/hls/clib/src/hls/utils/x_hls_utils.h:521) ('bitcast_ln521_4', /wrk/ci/prod/2020.2/rdi_builds/continuous/2020_11_18_3064766/src/shared/hls/clib/src/hls/utils/x_hls_utils.h:521) ('bitcast_ln521_3', /wrk/ci/prod/2020.2/rdi_builds/continuous/2020_11_18_3064766/src/shared/hls/clib/src/hls/utils/x_hls_utils.h:521) ('bitcast_ln521_2', /wrk/ci/prod/2020.2/rdi_builds/continuous/2020_11_18_3064766/src/shared/hls/clib/src/hls/utils/x_hls_utils.h:521) ('bitcast_ln521_1', /wrk/ci/prod/2020.2/rdi_builds/continuous/2020_11_18_3064766/src/shared/hls/clib/src/hls/utils/x_hls_utils.h:521) ('bitcast_ln521', /wrk/ci/prod/2020.2/rdi_builds/continuous/2020_11_18_3064766/src/shared/hls/clib/src/hls/utils/x_hls_utils.h:521) [138]  (0.886 ns)

 <State 25>: 0.886ns
The critical path consists of the following:
	multiplexor before 'phi' operation ('c') with incoming values : ('tmp_i_64', /wrk/ci/prod/2020.2/rdi_builds/continuous/2020_11_18_3064766/src/shared/hls/clib/hlsmath/include/FloatingPoint/hls_cordic.h:749->/wrk/ci/prod/2020.2/rdi_builds/continuous/2020_11_18_3064766/src/shared/hls/clib/hlsmath/include/FloatingPoint/hls_cordic.h:816) ('sub_i', /wrk/ci/prod/2020.2/rdi_builds/continuous/2020_11_18_3064766/src/shared/hls/clib/hlsmath/include/FloatingPoint/hls_cordic.h:747->/wrk/ci/prod/2020.2/rdi_builds/continuous/2020_11_18_3064766/src/shared/hls/clib/hlsmath/include/FloatingPoint/hls_cordic.h:816) ('d', /wrk/ci/prod/2020.2/rdi_builds/continuous/2020_11_18_3064766/src/shared/hls/clib/hlsmath/include/FloatingPoint/hls_cordic.h:817) ('bitcast_ln822_1', /wrk/ci/prod/2020.2/rdi_builds/continuous/2020_11_18_3064766/src/shared/hls/clib/hlsmath/include/FloatingPoint/hls_cordic.h:822) ('bitcast_ln826_1', /wrk/ci/prod/2020.2/rdi_builds/continuous/2020_11_18_3064766/src/shared/hls/clib/hlsmath/include/FloatingPoint/hls_cordic.h:826) ('select_ln809', /wrk/ci/prod/2020.2/rdi_builds/continuous/2020_11_18_3064766/src/shared/hls/clib/hlsmath/include/FloatingPoint/hls_cordic.h:809) ('bitcast_ln521_5', /wrk/ci/prod/2020.2/rdi_builds/continuous/2020_11_18_3064766/src/shared/hls/clib/src/hls/utils/x_hls_utils.h:521) ('bitcast_ln521_4', /wrk/ci/prod/2020.2/rdi_builds/continuous/2020_11_18_3064766/src/shared/hls/clib/src/hls/utils/x_hls_utils.h:521) ('bitcast_ln521_3', /wrk/ci/prod/2020.2/rdi_builds/continuous/2020_11_18_3064766/src/shared/hls/clib/src/hls/utils/x_hls_utils.h:521) ('bitcast_ln521_2', /wrk/ci/prod/2020.2/rdi_builds/continuous/2020_11_18_3064766/src/shared/hls/clib/src/hls/utils/x_hls_utils.h:521) ('bitcast_ln521_1', /wrk/ci/prod/2020.2/rdi_builds/continuous/2020_11_18_3064766/src/shared/hls/clib/src/hls/utils/x_hls_utils.h:521) ('bitcast_ln521', /wrk/ci/prod/2020.2/rdi_builds/continuous/2020_11_18_3064766/src/shared/hls/clib/src/hls/utils/x_hls_utils.h:521) [138]  (0.886 ns)


============================================================
+ Verbose Summary: Binding
============================================================
N/A
* FSMD analyzer results:
  - Output states:
 - Input state : 
  - Chain level:
	State 1
	State 2
	State 3
	State 4
	State 5
	State 6
	State 7
	State 8
	State 9
	State 10
	State 11
	State 12
	State 13
	State 14
	State 15
	State 16
	State 17
	State 18
	State 19
	State 20
	State 21
	State 22
	State 23
	State 24
	State 25


============================================================
+ Verbose Summary: Datapath Resource usage 
============================================================
N/A
