/home/gabris/Documents/inversekinematics/inversekinematics/solution1/.autopilot/db/inversekinematics.pp.0.cpp:33469:7: warning: Added loop label VITIS_LOOP_1062_1:   [xilinx-label-all-loops]
      for (i = 0; i < __N - 1; ++i) {
      ^~~
      VITIS_LOOP_1062_1: 
/home/gabris/Documents/inversekinematics/inversekinematics/solution1/.autopilot/db/inversekinematics.pp.0.cpp:33469:7: note: FIX-IT applied suggested code changes
/home/gabris/Documents/inversekinematics/inversekinematics/solution1/.autopilot/db/inversekinematics.pp.0.cpp:34436:5: warning: Added loop label VITIS_LOOP_716_1:   [xilinx-label-all-loops]
    for (unsigned i = low; i != high; ++i) {
    ^~~
    VITIS_LOOP_716_1: 
/home/gabris/Documents/inversekinematics/inversekinematics/solution1/.autopilot/db/inversekinematics.pp.0.cpp:34436:5: note: FIX-IT applied suggested code changes
/home/gabris/Documents/inversekinematics/inversekinematics/solution1/.autopilot/db/inversekinematics.pp.0.cpp:34450:5: warning: Added loop label VITIS_LOOP_730_1:   [xilinx-label-all-loops]
    for (unsigned i = low; i != high; ++i) {
    ^~~
    VITIS_LOOP_730_1: 
/home/gabris/Documents/inversekinematics/inversekinematics/solution1/.autopilot/db/inversekinematics.pp.0.cpp:34450:5: note: FIX-IT applied suggested code changes
/home/gabris/Documents/inversekinematics/inversekinematics/solution1/.autopilot/db/inversekinematics.pp.0.cpp:34464:5: warning: Added loop label VITIS_LOOP_744_1:   [xilinx-label-all-loops]
    for (unsigned i = low; i != high; ++i) {
    ^~~
    VITIS_LOOP_744_1: 
/home/gabris/Documents/inversekinematics/inversekinematics/solution1/.autopilot/db/inversekinematics.pp.0.cpp:34464:5: note: FIX-IT applied suggested code changes
/home/gabris/Documents/inversekinematics/inversekinematics/solution1/.autopilot/db/inversekinematics.pp.0.cpp:36009:7: warning: Added loop label VITIS_LOOP_1090_1:   [xilinx-label-all-loops]
      for (i = 0; i < __N - 1; ++i) {
      ^~~
      VITIS_LOOP_1090_1: 
/home/gabris/Documents/inversekinematics/inversekinematics/solution1/.autopilot/db/inversekinematics.pp.0.cpp:36009:7: note: FIX-IT applied suggested code changes
/home/gabris/Documents/inversekinematics/inversekinematics/solution1/.autopilot/db/inversekinematics.pp.0.cpp:40575:5: warning: Added loop label VITIS_LOOP_87_1:   [xilinx-label-all-loops]
    for (int n=0; n<Nmax; n++){
    ^~~
    VITIS_LOOP_87_1: 
/home/gabris/Documents/inversekinematics/inversekinematics/solution1/.autopilot/db/inversekinematics.pp.0.cpp:40575:5: note: FIX-IT applied suggested code changes
/home/gabris/Documents/inversekinematics/inversekinematics/solution1/.autopilot/db/inversekinematics.pp.0.cpp:40621:5: warning: Added loop label VITIS_LOOP_143_1:   [xilinx-label-all-loops]
    for (int n=0; n<Nmax; n++){
    ^~~
    VITIS_LOOP_143_1: 
/home/gabris/Documents/inversekinematics/inversekinematics/solution1/.autopilot/db/inversekinematics.pp.0.cpp:40621:5: note: FIX-IT applied suggested code changes
/home/gabris/Documents/inversekinematics/inversekinematics/solution1/.autopilot/db/inversekinematics.pp.0.cpp:40784:9: warning: Added loop label VITIS_LOOP_315_1:   [xilinx-label-all-loops]
        for(int i=0;i<W-1;i++){
        ^~~
        VITIS_LOOP_315_1: 
/home/gabris/Documents/inversekinematics/inversekinematics/solution1/.autopilot/db/inversekinematics.pp.0.cpp:40784:9: note: FIX-IT applied suggested code changes
/home/gabris/Documents/inversekinematics/inversekinematics/solution1/.autopilot/db/inversekinematics.pp.0.cpp:40936:9: warning: Added loop label VITIS_LOOP_475_1:   [xilinx-label-all-loops]
        for(int i=0;i<W-1;i++){
        ^~~
        VITIS_LOOP_475_1: 
/home/gabris/Documents/inversekinematics/inversekinematics/solution1/.autopilot/db/inversekinematics.pp.0.cpp:40936:9: note: FIX-IT applied suggested code changes
/home/gabris/Documents/inversekinematics/inversekinematics/solution1/.autopilot/db/inversekinematics.pp.0.cpp:41116:5: warning: Added loop label VITIS_LOOP_655_1:   [xilinx-label-all-loops]
    for(int i=0;i<W+1;i++){
    ^~~
    VITIS_LOOP_655_1: 
/home/gabris/Documents/inversekinematics/inversekinematics/solution1/.autopilot/db/inversekinematics.pp.0.cpp:41116:5: note: FIX-IT applied suggested code changes
/home/gabris/Documents/inversekinematics/inversekinematics/solution1/.autopilot/db/inversekinematics.pp.0.cpp:41120:5: warning: Added loop label VITIS_LOOP_659_2:   [xilinx-label-all-loops]
    for(int i=0;i<W+1;i++){
    ^~~
    VITIS_LOOP_659_2: 
/home/gabris/Documents/inversekinematics/inversekinematics/solution1/.autopilot/db/inversekinematics.pp.0.cpp:41120:5: note: FIX-IT applied suggested code changes
/home/gabris/Documents/inversekinematics/inversekinematics/solution1/.autopilot/db/inversekinematics.pp.0.cpp:41230:5: warning: Added loop label VITIS_LOOP_769_1:   [xilinx-label-all-loops]
    for (int n=0; n<Nmax; n++){
    ^~~
    VITIS_LOOP_769_1: 
/home/gabris/Documents/inversekinematics/inversekinematics/solution1/.autopilot/db/inversekinematics.pp.0.cpp:41230:5: note: FIX-IT applied suggested code changes
/home/gabris/Documents/inversekinematics/inversekinematics/solution1/.autopilot/db/inversekinematics.pp.0.cpp:41320:7: warning: Added loop label VITIS_LOOP_866_1:   [xilinx-label-all-loops]
      for(int i=0;i<W-1;i++){
      ^~~
      VITIS_LOOP_866_1: 
/home/gabris/Documents/inversekinematics/inversekinematics/solution1/.autopilot/db/inversekinematics.pp.0.cpp:41320:7: note: FIX-IT applied suggested code changes
/home/gabris/Documents/inversekinematics/inversekinematics/solution1/.autopilot/db/inversekinematics.pp.0.cpp:41339:7: warning: Added loop label VITIS_LOOP_885_2:   [xilinx-label-all-loops]
      for(int i=0;i<W-1;i++){
      ^~~
      VITIS_LOOP_885_2: 
/home/gabris/Documents/inversekinematics/inversekinematics/solution1/.autopilot/db/inversekinematics.pp.0.cpp:41339:7: note: FIX-IT applied suggested code changes
/home/gabris/Documents/inversekinematics/inversekinematics/solution1/.autopilot/db/inversekinematics.pp.0.cpp:41629:5: warning: Added loop label VITIS_LOOP_1199_1:   [xilinx-label-all-loops]
    for(int i=0; i<Nmax; i++) {
    ^~~
    VITIS_LOOP_1199_1: 
/home/gabris/Documents/inversekinematics/inversekinematics/solution1/.autopilot/db/inversekinematics.pp.0.cpp:41629:5: note: FIX-IT applied suggested code changes
/home/gabris/Documents/inversekinematics/inversekinematics/solution1/.autopilot/db/inversekinematics.pp.0.cpp:41712:5: warning: Added loop label VITIS_LOOP_1282_1:   [xilinx-label-all-loops]
    for(int i=0; i<Nmax; i++) {
    ^~~
    VITIS_LOOP_1282_1: 
/home/gabris/Documents/inversekinematics/inversekinematics/solution1/.autopilot/db/inversekinematics.pp.0.cpp:41712:5: note: FIX-IT applied suggested code changes
/home/gabris/Documents/inversekinematics/inversekinematics/solution1/.autopilot/db/inversekinematics.pp.0.cpp:42118:13: warning: Added loop label VITIS_LOOP_94_1:   [xilinx-label-all-loops]
            for (int j = 3; j >= I_+1; j--) {
            ^~~
            VITIS_LOOP_94_1: 
/home/gabris/Documents/inversekinematics/inversekinematics/solution1/.autopilot/db/inversekinematics.pp.0.cpp:42118:13: note: FIX-IT applied suggested code changes
/home/gabris/Documents/inversekinematics/inversekinematics/solution1/.autopilot/db/inversekinematics.pp.0.cpp:42124:17: warning: Added loop label VITIS_LOOP_100_2:   [xilinx-label-all-loops]
                for (int j = 3; j >= I_+1; j--){
                ^~~
                VITIS_LOOP_100_2: 
/home/gabris/Documents/inversekinematics/inversekinematics/solution1/.autopilot/db/inversekinematics.pp.0.cpp:42124:17: note: FIX-IT applied suggested code changes
/home/gabris/Documents/inversekinematics/inversekinematics/solution1/.autopilot/db/inversekinematics.pp.0.cpp:42128:17: warning: Added loop label VITIS_LOOP_104_3:   [xilinx-label-all-loops]
                for (int j = I_; j >= 0; j--){
                ^~~
                VITIS_LOOP_104_3: 
/home/gabris/Documents/inversekinematics/inversekinematics/solution1/.autopilot/db/inversekinematics.pp.0.cpp:42128:17: note: FIX-IT applied suggested code changes
/home/gabris/Documents/inversekinematics/inversekinematics/solution1/.autopilot/db/inversekinematics.pp.0.cpp:42176:13: warning: Added loop label VITIS_LOOP_171_4:   [xilinx-label-all-loops]
            for (int j = 9; j >= I_+4; j--) {
            ^~~
            VITIS_LOOP_171_4: 
/home/gabris/Documents/inversekinematics/inversekinematics/solution1/.autopilot/db/inversekinematics.pp.0.cpp:42176:13: note: FIX-IT applied suggested code changes
/home/gabris/Documents/inversekinematics/inversekinematics/solution1/.autopilot/db/inversekinematics.pp.0.cpp:42182:17: warning: Added loop label VITIS_LOOP_177_5:   [xilinx-label-all-loops]
                for (int j = 9; j >= I_+4; j--){
                ^~~
                VITIS_LOOP_177_5: 
/home/gabris/Documents/inversekinematics/inversekinematics/solution1/.autopilot/db/inversekinematics.pp.0.cpp:42182:17: note: FIX-IT applied suggested code changes
/home/gabris/Documents/inversekinematics/inversekinematics/solution1/.autopilot/db/inversekinematics.pp.0.cpp:42186:17: warning: Added loop label VITIS_LOOP_181_6:   [xilinx-label-all-loops]
                for (int j = I_+3; j >= 0; j--){
                ^~~
                VITIS_LOOP_181_6: 
/home/gabris/Documents/inversekinematics/inversekinematics/solution1/.autopilot/db/inversekinematics.pp.0.cpp:42186:17: note: FIX-IT applied suggested code changes
/home/gabris/Documents/inversekinematics/inversekinematics/solution1/.autopilot/db/inversekinematics.pp.0.cpp:42201:9: warning: Added loop label VITIS_LOOP_196_7:   [xilinx-label-all-loops]
        for (int j = 14; j < 22; j++){
        ^~~
        VITIS_LOOP_196_7: 
/home/gabris/Documents/inversekinematics/inversekinematics/solution1/.autopilot/db/inversekinematics.pp.0.cpp:42201:9: note: FIX-IT applied suggested code changes
/home/gabris/Documents/inversekinematics/inversekinematics/solution1/.autopilot/db/inversekinematics.pp.0.cpp:42209:17: warning: Added loop label VITIS_LOOP_204_8:   [xilinx-label-all-loops]
                for (int j = 0; j < 22; j++){
                ^~~
                VITIS_LOOP_204_8: 
/home/gabris/Documents/inversekinematics/inversekinematics/solution1/.autopilot/db/inversekinematics.pp.0.cpp:42209:17: note: FIX-IT applied suggested code changes
/home/gabris/Documents/inversekinematics/inversekinematics/solution1/.autopilot/db/inversekinematics.pp.0.cpp:42274:13: warning: Added loop label VITIS_LOOP_269_9:   [xilinx-label-all-loops]
            for (int j = 21; j >= I_+10; j--) {
            ^~~
            VITIS_LOOP_269_9: 
/home/gabris/Documents/inversekinematics/inversekinematics/solution1/.autopilot/db/inversekinematics.pp.0.cpp:42274:13: note: FIX-IT applied suggested code changes
/home/gabris/Documents/inversekinematics/inversekinematics/solution1/.autopilot/db/inversekinematics.pp.0.cpp:42280:17: warning: Added loop label VITIS_LOOP_275_10:   [xilinx-label-all-loops]
                for (int j = 21; j >= I_+10; j--) {
                ^~~
                VITIS_LOOP_275_10: 
/home/gabris/Documents/inversekinematics/inversekinematics/solution1/.autopilot/db/inversekinematics.pp.0.cpp:42280:17: note: FIX-IT applied suggested code changes
/home/gabris/Documents/inversekinematics/inversekinematics/solution1/.autopilot/db/inversekinematics.pp.0.cpp:42284:17: warning: Added loop label VITIS_LOOP_279_11:   [xilinx-label-all-loops]
                for (int j = I_+9; j >= 0; j--) {
                ^~~
                VITIS_LOOP_279_11: 
/home/gabris/Documents/inversekinematics/inversekinematics/solution1/.autopilot/db/inversekinematics.pp.0.cpp:42284:17: note: FIX-IT applied suggested code changes
/home/gabris/Documents/inversekinematics/inversekinematics/solution1/.autopilot/db/inversekinematics.pp.0.cpp:42299:9: warning: Added loop label VITIS_LOOP_294_12:   [xilinx-label-all-loops]
        for (int j = 27; j < 46; j++){
        ^~~
        VITIS_LOOP_294_12: 
/home/gabris/Documents/inversekinematics/inversekinematics/solution1/.autopilot/db/inversekinematics.pp.0.cpp:42299:9: note: FIX-IT applied suggested code changes
/home/gabris/Documents/inversekinematics/inversekinematics/solution1/.autopilot/db/inversekinematics.pp.0.cpp:42307:17: warning: Added loop label VITIS_LOOP_302_13:   [xilinx-label-all-loops]
                for (int j = 0; j < 46; j++) {
                ^~~
                VITIS_LOOP_302_13: 
/home/gabris/Documents/inversekinematics/inversekinematics/solution1/.autopilot/db/inversekinematics.pp.0.cpp:42307:17: note: FIX-IT applied suggested code changes
/home/gabris/Documents/inversekinematics/inversekinematics/solution1/.autopilot/db/inversekinematics.pp.0.cpp:42536:13: warning: Added loop label VITIS_LOOP_531_14:   [xilinx-label-all-loops]
            for (int j = 45; j >= I_+22; j--) {
            ^~~
            VITIS_LOOP_531_14: 
/home/gabris/Documents/inversekinematics/inversekinematics/solution1/.autopilot/db/inversekinematics.pp.0.cpp:42536:13: note: FIX-IT applied suggested code changes
/home/gabris/Documents/inversekinematics/inversekinematics/solution1/.autopilot/db/inversekinematics.pp.0.cpp:42542:17: warning: Added loop label VITIS_LOOP_537_15:   [xilinx-label-all-loops]
                for (int j = 45; j >= I_+22; j--){
                ^~~
                VITIS_LOOP_537_15: 
/home/gabris/Documents/inversekinematics/inversekinematics/solution1/.autopilot/db/inversekinematics.pp.0.cpp:42542:17: note: FIX-IT applied suggested code changes
/home/gabris/Documents/inversekinematics/inversekinematics/solution1/.autopilot/db/inversekinematics.pp.0.cpp:42546:17: warning: Added loop label VITIS_LOOP_541_16:   [xilinx-label-all-loops]
                for (int j = I_+21; j >= 0; j--) {
                ^~~
                VITIS_LOOP_541_16: 
/home/gabris/Documents/inversekinematics/inversekinematics/solution1/.autopilot/db/inversekinematics.pp.0.cpp:42546:17: note: FIX-IT applied suggested code changes
/home/gabris/Documents/inversekinematics/inversekinematics/solution1/.autopilot/db/inversekinematics.pp.0.cpp:42556:9: warning: Added loop label VITIS_LOOP_551_17:   [xilinx-label-all-loops]
        for (int j = 32-F_; j < 32+I_; j++){
        ^~~
        VITIS_LOOP_551_17: 
/home/gabris/Documents/inversekinematics/inversekinematics/solution1/.autopilot/db/inversekinematics.pp.0.cpp:42556:9: note: FIX-IT applied suggested code changes
/home/gabris/Documents/inversekinematics/inversekinematics/solution1/.autopilot/db/inversekinematics.pp.0.cpp:42560:9: warning: Added loop label VITIS_LOOP_555_18:   [xilinx-label-all-loops]
        for (int j = 32+I_; j <= 64; j++){
        ^~~
        VITIS_LOOP_555_18: 
/home/gabris/Documents/inversekinematics/inversekinematics/solution1/.autopilot/db/inversekinematics.pp.0.cpp:42560:9: note: FIX-IT applied suggested code changes
/home/gabris/Documents/inversekinematics/inversekinematics/solution1/.autopilot/db/inversekinematics.pp.0.cpp:42570:9: warning: Added loop label VITIS_LOOP_565_19:   [xilinx-label-all-loops]
        for (int j = 37; j < 64; j++) {
        ^~~
        VITIS_LOOP_565_19: 
/home/gabris/Documents/inversekinematics/inversekinematics/solution1/.autopilot/db/inversekinematics.pp.0.cpp:42570:9: note: FIX-IT applied suggested code changes
/home/gabris/Documents/inversekinematics/inversekinematics/solution1/.autopilot/db/inversekinematics.pp.0.cpp:42578:17: warning: Added loop label VITIS_LOOP_573_20:   [xilinx-label-all-loops]
                for (int j = 0; j < 64; j++){
                ^~~
                VITIS_LOOP_573_20: 
/home/gabris/Documents/inversekinematics/inversekinematics/solution1/.autopilot/db/inversekinematics.pp.0.cpp:42578:17: note: FIX-IT applied suggested code changes
/home/gabris/Documents/inversekinematics/inversekinematics/solution1/.autopilot/db/inversekinematics.pp.0.cpp:42939:13: warning: Added loop label VITIS_LOOP_934_21:   [xilinx-label-all-loops]
            for (int j = 63; j >= I_+31; j--) {
            ^~~
            VITIS_LOOP_934_21: 
/home/gabris/Documents/inversekinematics/inversekinematics/solution1/.autopilot/db/inversekinematics.pp.0.cpp:42939:13: note: FIX-IT applied suggested code changes
/home/gabris/Documents/inversekinematics/inversekinematics/solution1/.autopilot/db/inversekinematics.pp.0.cpp:42945:17: warning: Added loop label VITIS_LOOP_940_22:   [xilinx-label-all-loops]
                for (int j = 63; j >= I_+31; j--) {
                ^~~
                VITIS_LOOP_940_22: 
/home/gabris/Documents/inversekinematics/inversekinematics/solution1/.autopilot/db/inversekinematics.pp.0.cpp:42945:17: note: FIX-IT applied suggested code changes
/home/gabris/Documents/inversekinematics/inversekinematics/solution1/.autopilot/db/inversekinematics.pp.0.cpp:42949:17: warning: Added loop label VITIS_LOOP_944_23:   [xilinx-label-all-loops]
                for (int j = I_+30; j >= 0; j--) {
                ^~~
                VITIS_LOOP_944_23: 
/home/gabris/Documents/inversekinematics/inversekinematics/solution1/.autopilot/db/inversekinematics.pp.0.cpp:42949:17: note: FIX-IT applied suggested code changes
/home/gabris/Documents/inversekinematics/inversekinematics/solution1/.autopilot/db/inversekinematics.pp.0.cpp:43065:13: warning: Added loop label VITIS_LOOP_1060_1:   [xilinx-label-all-loops]
            for (int j = 4; j >= I_+1; j--) {
            ^~~
            VITIS_LOOP_1060_1: 
/home/gabris/Documents/inversekinematics/inversekinematics/solution1/.autopilot/db/inversekinematics.pp.0.cpp:43065:13: note: FIX-IT applied suggested code changes
/home/gabris/Documents/inversekinematics/inversekinematics/solution1/.autopilot/db/inversekinematics.pp.0.cpp:43071:17: warning: Added loop label VITIS_LOOP_1066_2:   [xilinx-label-all-loops]
                for (int j = 4; j >= I_+1; j--) {
                ^~~
                VITIS_LOOP_1066_2: 
/home/gabris/Documents/inversekinematics/inversekinematics/solution1/.autopilot/db/inversekinematics.pp.0.cpp:43071:17: note: FIX-IT applied suggested code changes
/home/gabris/Documents/inversekinematics/inversekinematics/solution1/.autopilot/db/inversekinematics.pp.0.cpp:43075:17: warning: Added loop label VITIS_LOOP_1070_3:   [xilinx-label-all-loops]
                for (int j = I_; j >= 0; j--) {
                ^~~
                VITIS_LOOP_1070_3: 
/home/gabris/Documents/inversekinematics/inversekinematics/solution1/.autopilot/db/inversekinematics.pp.0.cpp:43075:17: note: FIX-IT applied suggested code changes
/home/gabris/Documents/inversekinematics/inversekinematics/solution1/.autopilot/db/inversekinematics.pp.0.cpp:43162:13: warning: Added loop label VITIS_LOOP_1157_4:   [xilinx-label-all-loops]
            for (int j = 10; j >= I_+4; j--) {
            ^~~
            VITIS_LOOP_1157_4: 
/home/gabris/Documents/inversekinematics/inversekinematics/solution1/.autopilot/db/inversekinematics.pp.0.cpp:43162:13: note: FIX-IT applied suggested code changes
/home/gabris/Documents/inversekinematics/inversekinematics/solution1/.autopilot/db/inversekinematics.pp.0.cpp:43168:17: warning: Added loop label VITIS_LOOP_1163_5:   [xilinx-label-all-loops]
                for (int j = 10; j >= I_+4; j--) {
                ^~~
                VITIS_LOOP_1163_5: 
/home/gabris/Documents/inversekinematics/inversekinematics/solution1/.autopilot/db/inversekinematics.pp.0.cpp:43168:17: note: FIX-IT applied suggested code changes
/home/gabris/Documents/inversekinematics/inversekinematics/solution1/.autopilot/db/inversekinematics.pp.0.cpp:43172:17: warning: Added loop label VITIS_LOOP_1167_6:   [xilinx-label-all-loops]
                for (int j = I_+3; j >= 0; j--) {
                ^~~
                VITIS_LOOP_1167_6: 
/home/gabris/Documents/inversekinematics/inversekinematics/solution1/.autopilot/db/inversekinematics.pp.0.cpp:43172:17: note: FIX-IT applied suggested code changes
/home/gabris/Documents/inversekinematics/inversekinematics/solution1/.autopilot/db/inversekinematics.pp.0.cpp:43191:9: warning: Added loop label VITIS_LOOP_1186_7:   [xilinx-label-all-loops]
        for (int j = wf+3; j < w-1; j++) {
        ^~~
        VITIS_LOOP_1186_7: 
/home/gabris/Documents/inversekinematics/inversekinematics/solution1/.autopilot/db/inversekinematics.pp.0.cpp:43191:9: note: FIX-IT applied suggested code changes
/home/gabris/Documents/inversekinematics/inversekinematics/solution1/.autopilot/db/inversekinematics.pp.0.cpp:43198:17: warning: Added loop label VITIS_LOOP_1193_8:   [xilinx-label-all-loops]
                for (int j = 0; j < 22; j++) {
                ^~~
                VITIS_LOOP_1193_8: 
/home/gabris/Documents/inversekinematics/inversekinematics/solution1/.autopilot/db/inversekinematics.pp.0.cpp:43198:17: note: FIX-IT applied suggested code changes
/home/gabris/Documents/inversekinematics/inversekinematics/solution1/.autopilot/db/inversekinematics.pp.0.cpp:43314:13: warning: Added loop label VITIS_LOOP_1309_9:   [xilinx-label-all-loops]
            for (int j = 22; j >= I_+10; j--) {
            ^~~
            VITIS_LOOP_1309_9: 
/home/gabris/Documents/inversekinematics/inversekinematics/solution1/.autopilot/db/inversekinematics.pp.0.cpp:43314:13: note: FIX-IT applied suggested code changes
/home/gabris/Documents/inversekinematics/inversekinematics/solution1/.autopilot/db/inversekinematics.pp.0.cpp:43320:17: warning: Added loop label VITIS_LOOP_1315_10:   [xilinx-label-all-loops]
                for (int j = 22; j >= I_+10; j--){
                ^~~
                VITIS_LOOP_1315_10: 
/home/gabris/Documents/inversekinematics/inversekinematics/solution1/.autopilot/db/inversekinematics.pp.0.cpp:43320:17: note: FIX-IT applied suggested code changes
/home/gabris/Documents/inversekinematics/inversekinematics/solution1/.autopilot/db/inversekinematics.pp.0.cpp:43324:17: warning: Added loop label VITIS_LOOP_1319_11:   [xilinx-label-all-loops]
                for (int j = I_+9; j >= 0; j--) {
                ^~~
                VITIS_LOOP_1319_11: 
/home/gabris/Documents/inversekinematics/inversekinematics/solution1/.autopilot/db/inversekinematics.pp.0.cpp:43324:17: note: FIX-IT applied suggested code changes
/home/gabris/Documents/inversekinematics/inversekinematics/solution1/.autopilot/db/inversekinematics.pp.0.cpp:43344:9: warning: Added loop label VITIS_LOOP_1339_12:   [xilinx-label-all-loops]
        for (int j = wf+4; j < w-1; j++){
        ^~~
        VITIS_LOOP_1339_12: 
/home/gabris/Documents/inversekinematics/inversekinematics/solution1/.autopilot/db/inversekinematics.pp.0.cpp:43344:9: note: FIX-IT applied suggested code changes
/home/gabris/Documents/inversekinematics/inversekinematics/solution1/.autopilot/db/inversekinematics.pp.0.cpp:43351:17: warning: Added loop label VITIS_LOOP_1346_13:   [xilinx-label-all-loops]
                for (int j = 0; j < 46; j++) {
                ^~~
                VITIS_LOOP_1346_13: 
/home/gabris/Documents/inversekinematics/inversekinematics/solution1/.autopilot/db/inversekinematics.pp.0.cpp:43351:17: note: FIX-IT applied suggested code changes
/home/gabris/Documents/inversekinematics/inversekinematics/solution1/.autopilot/db/inversekinematics.pp.0.cpp:43613:13: warning: Added loop label VITIS_LOOP_1608_14:   [xilinx-label-all-loops]
            for (int j = 46; j >= I_+22; j--) {
            ^~~
            VITIS_LOOP_1608_14: 
/home/gabris/Documents/inversekinematics/inversekinematics/solution1/.autopilot/db/inversekinematics.pp.0.cpp:43613:13: note: FIX-IT applied suggested code changes
/home/gabris/Documents/inversekinematics/inversekinematics/solution1/.autopilot/db/inversekinematics.pp.0.cpp:43619:17: warning: Added loop label VITIS_LOOP_1614_15:   [xilinx-label-all-loops]
                for (int j = 46; j >= I_+22; j--) {
                ^~~
                VITIS_LOOP_1614_15: 
/home/gabris/Documents/inversekinematics/inversekinematics/solution1/.autopilot/db/inversekinematics.pp.0.cpp:43619:17: note: FIX-IT applied suggested code changes
/home/gabris/Documents/inversekinematics/inversekinematics/solution1/.autopilot/db/inversekinematics.pp.0.cpp:43623:17: warning: Added loop label VITIS_LOOP_1618_16:   [xilinx-label-all-loops]
                for (int j = I_+21; j >= 0; j--) {
                ^~~
                VITIS_LOOP_1618_16: 
/home/gabris/Documents/inversekinematics/inversekinematics/solution1/.autopilot/db/inversekinematics.pp.0.cpp:43623:17: note: FIX-IT applied suggested code changes
/home/gabris/Documents/inversekinematics/inversekinematics/solution1/.autopilot/db/inversekinematics.pp.0.cpp:43647:9: warning: Added loop label VITIS_LOOP_1642_17:   [xilinx-label-all-loops]
        for (int j = wf+5; j < w-1; j++){
        ^~~
        VITIS_LOOP_1642_17: 
/home/gabris/Documents/inversekinematics/inversekinematics/solution1/.autopilot/db/inversekinematics.pp.0.cpp:43647:9: note: FIX-IT applied suggested code changes
/home/gabris/Documents/inversekinematics/inversekinematics/solution1/.autopilot/db/inversekinematics.pp.0.cpp:43654:17: warning: Added loop label VITIS_LOOP_1649_18:   [xilinx-label-all-loops]
                for (int j = 0; j < 64; j++) {
                ^~~
                VITIS_LOOP_1649_18: 
/home/gabris/Documents/inversekinematics/inversekinematics/solution1/.autopilot/db/inversekinematics.pp.0.cpp:43654:17: note: FIX-IT applied suggested code changes
/home/gabris/Documents/inversekinematics/inversekinematics/solution1/.autopilot/db/inversekinematics.pp.0.cpp:44084:13: warning: Added loop label VITIS_LOOP_2079_19:   [xilinx-label-all-loops]
            for (int j = 64; j >= I_+31; j--) {
            ^~~
            VITIS_LOOP_2079_19: 
/home/gabris/Documents/inversekinematics/inversekinematics/solution1/.autopilot/db/inversekinematics.pp.0.cpp:44084:13: note: FIX-IT applied suggested code changes
/home/gabris/Documents/inversekinematics/inversekinematics/solution1/.autopilot/db/inversekinematics.pp.0.cpp:44090:17: warning: Added loop label VITIS_LOOP_2085_20:   [xilinx-label-all-loops]
                for (int j = 64; j >= I_+31; j--) {
                ^~~
                VITIS_LOOP_2085_20: 
/home/gabris/Documents/inversekinematics/inversekinematics/solution1/.autopilot/db/inversekinematics.pp.0.cpp:44090:17: note: FIX-IT applied suggested code changes
/home/gabris/Documents/inversekinematics/inversekinematics/solution1/.autopilot/db/inversekinematics.pp.0.cpp:44094:17: warning: Added loop label VITIS_LOOP_2089_21:   [xilinx-label-all-loops]
                for (int j = I_+30; j >= 0; j--) {
                ^~~
                VITIS_LOOP_2089_21: 
/home/gabris/Documents/inversekinematics/inversekinematics/solution1/.autopilot/db/inversekinematics.pp.0.cpp:44094:17: note: FIX-IT applied suggested code changes
/home/gabris/Documents/inversekinematics/inversekinematics/solution1/.autopilot/db/inversekinematics.pp.0.cpp:44224:13: warning: Added loop label VITIS_LOOP_2219_1:   [xilinx-label-all-loops]
            for(int j=3; j>=I+1; j--) {
            ^~~
            VITIS_LOOP_2219_1: 
/home/gabris/Documents/inversekinematics/inversekinematics/solution1/.autopilot/db/inversekinematics.pp.0.cpp:44224:13: note: FIX-IT applied suggested code changes
/home/gabris/Documents/inversekinematics/inversekinematics/solution1/.autopilot/db/inversekinematics.pp.0.cpp:44231:17: warning: Added loop label VITIS_LOOP_2226_2:   [xilinx-label-all-loops]
                for(int j=3; j>=I+1; j--) {
                ^~~
                VITIS_LOOP_2226_2: 
/home/gabris/Documents/inversekinematics/inversekinematics/solution1/.autopilot/db/inversekinematics.pp.0.cpp:44231:17: note: FIX-IT applied suggested code changes
/home/gabris/Documents/inversekinematics/inversekinematics/solution1/.autopilot/db/inversekinematics.pp.0.cpp:44235:17: warning: Added loop label VITIS_LOOP_2230_3:   [xilinx-label-all-loops]
                for(int j=I; j>=0; j--) {
                ^~~
                VITIS_LOOP_2230_3: 
/home/gabris/Documents/inversekinematics/inversekinematics/solution1/.autopilot/db/inversekinematics.pp.0.cpp:44235:17: note: FIX-IT applied suggested code changes
/home/gabris/Documents/inversekinematics/inversekinematics/solution1/.autopilot/db/inversekinematics.pp.0.cpp:44282:13: warning: Added loop label VITIS_LOOP_2277_4:   [xilinx-label-all-loops]
            for(int j=7; j>=3+I; j--) {
            ^~~
            VITIS_LOOP_2277_4: 
/home/gabris/Documents/inversekinematics/inversekinematics/solution1/.autopilot/db/inversekinematics.pp.0.cpp:44282:13: note: FIX-IT applied suggested code changes
/home/gabris/Documents/inversekinematics/inversekinematics/solution1/.autopilot/db/inversekinematics.pp.0.cpp:44289:17: warning: Added loop label VITIS_LOOP_2284_5:   [xilinx-label-all-loops]
                for(int j=7; j>=3+I; j--) {
                ^~~
                VITIS_LOOP_2284_5: 
/home/gabris/Documents/inversekinematics/inversekinematics/solution1/.autopilot/db/inversekinematics.pp.0.cpp:44289:17: note: FIX-IT applied suggested code changes
/home/gabris/Documents/inversekinematics/inversekinematics/solution1/.autopilot/db/inversekinematics.pp.0.cpp:44293:17: warning: Added loop label VITIS_LOOP_2288_6:   [xilinx-label-all-loops]
                for(int j=I+2; j>=0; j--) {
                ^~~
                VITIS_LOOP_2288_6: 
/home/gabris/Documents/inversekinematics/inversekinematics/solution1/.autopilot/db/inversekinematics.pp.0.cpp:44293:17: note: FIX-IT applied suggested code changes
/home/gabris/Documents/inversekinematics/inversekinematics/solution1/.autopilot/db/inversekinematics.pp.0.cpp:44311:9: warning: Added loop label VITIS_LOOP_2306_7:   [xilinx-label-all-loops]
        for(int j=11; j<16; j++) {
        ^~~
        VITIS_LOOP_2306_7: 
/home/gabris/Documents/inversekinematics/inversekinematics/solution1/.autopilot/db/inversekinematics.pp.0.cpp:44311:9: note: FIX-IT applied suggested code changes
/home/gabris/Documents/inversekinematics/inversekinematics/solution1/.autopilot/db/inversekinematics.pp.0.cpp:44366:13: warning: Added loop label VITIS_LOOP_2361_8:   [xilinx-label-all-loops]
            for(int j=15; j>=7+I; j--) {
            ^~~
            VITIS_LOOP_2361_8: 
/home/gabris/Documents/inversekinematics/inversekinematics/solution1/.autopilot/db/inversekinematics.pp.0.cpp:44366:13: note: FIX-IT applied suggested code changes
/home/gabris/Documents/inversekinematics/inversekinematics/solution1/.autopilot/db/inversekinematics.pp.0.cpp:44373:17: warning: Added loop label VITIS_LOOP_2368_9:   [xilinx-label-all-loops]
                for(int j=15; j>=7+I; j--) {
                ^~~
                VITIS_LOOP_2368_9: 
/home/gabris/Documents/inversekinematics/inversekinematics/solution1/.autopilot/db/inversekinematics.pp.0.cpp:44373:17: note: FIX-IT applied suggested code changes
/home/gabris/Documents/inversekinematics/inversekinematics/solution1/.autopilot/db/inversekinematics.pp.0.cpp:44377:17: warning: Added loop label VITIS_LOOP_2372_10:   [xilinx-label-all-loops]
                for(int j=6+I; j>=0; j--) {
                ^~~
                VITIS_LOOP_2372_10: 
/home/gabris/Documents/inversekinematics/inversekinematics/solution1/.autopilot/db/inversekinematics.pp.0.cpp:44377:17: note: FIX-IT applied suggested code changes
/home/gabris/Documents/inversekinematics/inversekinematics/solution1/.autopilot/db/inversekinematics.pp.0.cpp:44395:9: warning: Added loop label VITIS_LOOP_2390_11:   [xilinx-label-all-loops]
        for(int j=20; j<32; j++) {
        ^~~
        VITIS_LOOP_2390_11: 
/home/gabris/Documents/inversekinematics/inversekinematics/solution1/.autopilot/db/inversekinematics.pp.0.cpp:44395:9: note: FIX-IT applied suggested code changes
/home/gabris/Documents/inversekinematics/inversekinematics/solution1/.autopilot/db/inversekinematics.pp.0.cpp:44484:13: warning: Added loop label VITIS_LOOP_2479_12:   [xilinx-label-all-loops]
            for(int j=31; j>=I+15; j--) {
            ^~~
            VITIS_LOOP_2479_12: 
/home/gabris/Documents/inversekinematics/inversekinematics/solution1/.autopilot/db/inversekinematics.pp.0.cpp:44484:13: note: FIX-IT applied suggested code changes
/home/gabris/Documents/inversekinematics/inversekinematics/solution1/.autopilot/db/inversekinematics.pp.0.cpp:44491:17: warning: Added loop label VITIS_LOOP_2486_13:   [xilinx-label-all-loops]
                for(int j=31; j>=I+15; j--) {
                ^~~
                VITIS_LOOP_2486_13: 
/home/gabris/Documents/inversekinematics/inversekinematics/solution1/.autopilot/db/inversekinematics.pp.0.cpp:44491:17: note: FIX-IT applied suggested code changes
/home/gabris/Documents/inversekinematics/inversekinematics/solution1/.autopilot/db/inversekinematics.pp.0.cpp:44495:17: warning: Added loop label VITIS_LOOP_2490_14:   [xilinx-label-all-loops]
                for(int j=I+14; j>=0; j--) {
                ^~~
                VITIS_LOOP_2490_14: 
/home/gabris/Documents/inversekinematics/inversekinematics/solution1/.autopilot/db/inversekinematics.pp.0.cpp:44495:17: note: FIX-IT applied suggested code changes
/home/gabris/Documents/inversekinematics/inversekinematics/solution1/.autopilot/db/inversekinematics.pp.0.cpp:44505:9: warning: Added loop label VITIS_LOOP_2500_15:   [xilinx-label-all-loops]
        for(int j=32-F; j<32+I; j++) {
        ^~~
        VITIS_LOOP_2500_15: 
/home/gabris/Documents/inversekinematics/inversekinematics/solution1/.autopilot/db/inversekinematics.pp.0.cpp:44505:9: note: FIX-IT applied suggested code changes
/home/gabris/Documents/inversekinematics/inversekinematics/solution1/.autopilot/db/inversekinematics.pp.0.cpp:44509:9: warning: Added loop label VITIS_LOOP_2504_16:   [xilinx-label-all-loops]
        for(int j=32+I; j<=64; j++) {
        ^~~
        VITIS_LOOP_2504_16: 
/home/gabris/Documents/inversekinematics/inversekinematics/solution1/.autopilot/db/inversekinematics.pp.0.cpp:44509:9: note: FIX-IT applied suggested code changes
/home/gabris/Documents/inversekinematics/inversekinematics/solution1/.autopilot/db/inversekinematics.pp.0.cpp:44520:9: warning: Added loop label VITIS_LOOP_2515_17:   [xilinx-label-all-loops]
        for(int j=37; j<64; j++) {
        ^~~
        VITIS_LOOP_2515_17: 
/home/gabris/Documents/inversekinematics/inversekinematics/solution1/.autopilot/db/inversekinematics.pp.0.cpp:44520:9: note: FIX-IT applied suggested code changes
/home/gabris/Documents/inversekinematics/inversekinematics/solution1/.autopilot/db/inversekinematics.pp.0.cpp:44528:17: warning: Added loop label VITIS_LOOP_2523_18:   [xilinx-label-all-loops]
                for(int j=0; j<64; j++) {
                ^~~
                VITIS_LOOP_2523_18: 
/home/gabris/Documents/inversekinematics/inversekinematics/solution1/.autopilot/db/inversekinematics.pp.0.cpp:44528:17: note: FIX-IT applied suggested code changes
/home/gabris/Documents/inversekinematics/inversekinematics/solution1/.autopilot/db/inversekinematics.pp.0.cpp:44853:13: warning: Added loop label VITIS_LOOP_2848_19:   [xilinx-label-all-loops]
            for(int j=63; j>=I+31; j--) {
            ^~~
            VITIS_LOOP_2848_19: 
/home/gabris/Documents/inversekinematics/inversekinematics/solution1/.autopilot/db/inversekinematics.pp.0.cpp:44853:13: note: FIX-IT applied suggested code changes
/home/gabris/Documents/inversekinematics/inversekinematics/solution1/.autopilot/db/inversekinematics.pp.0.cpp:44860:17: warning: Added loop label VITIS_LOOP_2855_20:   [xilinx-label-all-loops]
                for(int j=63; j>=I+31; j--) {
                ^~~
                VITIS_LOOP_2855_20: 
/home/gabris/Documents/inversekinematics/inversekinematics/solution1/.autopilot/db/inversekinematics.pp.0.cpp:44860:17: note: FIX-IT applied suggested code changes
/home/gabris/Documents/inversekinematics/inversekinematics/solution1/.autopilot/db/inversekinematics.pp.0.cpp:44864:17: warning: Added loop label VITIS_LOOP_2859_21:   [xilinx-label-all-loops]
                for(int j=I+30; j>=0; j--) {
                ^~~
                VITIS_LOOP_2859_21: 
/home/gabris/Documents/inversekinematics/inversekinematics/solution1/.autopilot/db/inversekinematics.pp.0.cpp:44864:17: note: FIX-IT applied suggested code changes
/home/gabris/Documents/inversekinematics/inversekinematics/solution1/.autopilot/db/inversekinematics.pp.0.cpp:44952:4: warning: Added loop label VITIS_LOOP_2947_1:   [xilinx-label-all-loops]
   for(int j = 5; j>=I_+2; j--) {
   ^~~
   VITIS_LOOP_2947_1: 
/home/gabris/Documents/inversekinematics/inversekinematics/solution1/.autopilot/db/inversekinematics.pp.0.cpp:44952:4: note: FIX-IT applied suggested code changes
/home/gabris/Documents/inversekinematics/inversekinematics/solution1/.autopilot/db/inversekinematics.pp.0.cpp:44959:5: warning: Added loop label VITIS_LOOP_2954_2:   [xilinx-label-all-loops]
    for(int j = 5; j>=I_+2; j--) {
    ^~~
    VITIS_LOOP_2954_2: 
/home/gabris/Documents/inversekinematics/inversekinematics/solution1/.autopilot/db/inversekinematics.pp.0.cpp:44959:5: note: FIX-IT applied suggested code changes
/home/gabris/Documents/inversekinematics/inversekinematics/solution1/.autopilot/db/inversekinematics.pp.0.cpp:44963:5: warning: Added loop label VITIS_LOOP_2958_3:   [xilinx-label-all-loops]
    for(int j = I_+1; j>=0; j--) {
    ^~~
    VITIS_LOOP_2958_3: 
/home/gabris/Documents/inversekinematics/inversekinematics/solution1/.autopilot/db/inversekinematics.pp.0.cpp:44963:5: note: FIX-IT applied suggested code changes
/home/gabris/Documents/inversekinematics/inversekinematics/solution1/.autopilot/db/inversekinematics.pp.0.cpp:44978:3: warning: Added loop label VITIS_LOOP_2973_4:   [xilinx-label-all-loops]
  for(int j = 11; j >=7; j--) {
  ^~~
  VITIS_LOOP_2973_4: 
/home/gabris/Documents/inversekinematics/inversekinematics/solution1/.autopilot/db/inversekinematics.pp.0.cpp:44978:3: note: FIX-IT applied suggested code changes
/home/gabris/Documents/inversekinematics/inversekinematics/solution1/.autopilot/db/inversekinematics.pp.0.cpp:45010:4: warning: Added loop label VITIS_LOOP_3005_5:   [xilinx-label-all-loops]
   for(int j = 11; j >= I_+5; j--) {
   ^~~
   VITIS_LOOP_3005_5: 
/home/gabris/Documents/inversekinematics/inversekinematics/solution1/.autopilot/db/inversekinematics.pp.0.cpp:45010:4: note: FIX-IT applied suggested code changes
/home/gabris/Documents/inversekinematics/inversekinematics/solution1/.autopilot/db/inversekinematics.pp.0.cpp:45017:5: warning: Added loop label VITIS_LOOP_3012_6:   [xilinx-label-all-loops]
    for(int j = 11; j>= I_+5; j--) {
    ^~~
    VITIS_LOOP_3012_6: 
/home/gabris/Documents/inversekinematics/inversekinematics/solution1/.autopilot/db/inversekinematics.pp.0.cpp:45017:5: note: FIX-IT applied suggested code changes
/home/gabris/Documents/inversekinematics/inversekinematics/solution1/.autopilot/db/inversekinematics.pp.0.cpp:45021:5: warning: Added loop label VITIS_LOOP_3016_7:   [xilinx-label-all-loops]
    for(int j = I_+4; j>=0; j--) {
    ^~~
    VITIS_LOOP_3016_7: 
/home/gabris/Documents/inversekinematics/inversekinematics/solution1/.autopilot/db/inversekinematics.pp.0.cpp:45021:5: note: FIX-IT applied suggested code changes
/home/gabris/Documents/inversekinematics/inversekinematics/solution1/.autopilot/db/inversekinematics.pp.0.cpp:45036:3: warning: Added loop label VITIS_LOOP_3031_8:   [xilinx-label-all-loops]
  for(int j = 25; j>=15; j--) {
  ^~~
  VITIS_LOOP_3031_8: 
/home/gabris/Documents/inversekinematics/inversekinematics/solution1/.autopilot/db/inversekinematics.pp.0.cpp:45036:3: note: FIX-IT applied suggested code changes
/home/gabris/Documents/inversekinematics/inversekinematics/solution1/.autopilot/db/inversekinematics.pp.0.cpp:45086:4: warning: Added loop label VITIS_LOOP_3081_9:   [xilinx-label-all-loops]
   for(int j = 25; j>= I_+12; j--) {
   ^~~
   VITIS_LOOP_3081_9: 
/home/gabris/Documents/inversekinematics/inversekinematics/solution1/.autopilot/db/inversekinematics.pp.0.cpp:45086:4: note: FIX-IT applied suggested code changes
/home/gabris/Documents/inversekinematics/inversekinematics/solution1/.autopilot/db/inversekinematics.pp.0.cpp:45093:5: warning: Added loop label VITIS_LOOP_3088_10:   [xilinx-label-all-loops]
    for(int j = 25; j>=I_+12; j--) {
    ^~~
    VITIS_LOOP_3088_10: 
/home/gabris/Documents/inversekinematics/inversekinematics/solution1/.autopilot/db/inversekinematics.pp.0.cpp:45093:5: note: FIX-IT applied suggested code changes
/home/gabris/Documents/inversekinematics/inversekinematics/solution1/.autopilot/db/inversekinematics.pp.0.cpp:45097:5: warning: Added loop label VITIS_LOOP_3092_11:   [xilinx-label-all-loops]
    for(int j = I_+11; j>=0; j--) {
    ^~~
    VITIS_LOOP_3092_11: 
/home/gabris/Documents/inversekinematics/inversekinematics/solution1/.autopilot/db/inversekinematics.pp.0.cpp:45097:5: note: FIX-IT applied suggested code changes
/home/gabris/Documents/inversekinematics/inversekinematics/solution1/.autopilot/db/inversekinematics.pp.0.cpp:45112:3: warning: Added loop label VITIS_LOOP_3107_12:   [xilinx-label-all-loops]
  for(int j = 51; j >= 29; j--) {
  ^~~
  VITIS_LOOP_3107_12: 
/home/gabris/Documents/inversekinematics/inversekinematics/solution1/.autopilot/db/inversekinematics.pp.0.cpp:45112:3: note: FIX-IT applied suggested code changes
/home/gabris/Documents/inversekinematics/inversekinematics/solution1/.autopilot/db/inversekinematics.pp.0.cpp:45249:4: warning: Added loop label VITIS_LOOP_3244_13:   [xilinx-label-all-loops]
   for(int j = 51; j >= 25 + I_; j--) {
   ^~~
   VITIS_LOOP_3244_13: 
/home/gabris/Documents/inversekinematics/inversekinematics/solution1/.autopilot/db/inversekinematics.pp.0.cpp:45249:4: note: FIX-IT applied suggested code changes
/home/gabris/Documents/inversekinematics/inversekinematics/solution1/.autopilot/db/inversekinematics.pp.0.cpp:45256:5: warning: Added loop label VITIS_LOOP_3251_14:   [xilinx-label-all-loops]
    for(int j = 51; j>=25 + I_; j--) {
    ^~~
    VITIS_LOOP_3251_14: 
/home/gabris/Documents/inversekinematics/inversekinematics/solution1/.autopilot/db/inversekinematics.pp.0.cpp:45256:5: note: FIX-IT applied suggested code changes
/home/gabris/Documents/inversekinematics/inversekinematics/solution1/.autopilot/db/inversekinematics.pp.0.cpp:45260:5: warning: Added loop label VITIS_LOOP_3255_15:   [xilinx-label-all-loops]
    for(int j = 24 + I_; j >= 0; j--) {
    ^~~
    VITIS_LOOP_3255_15: 
/home/gabris/Documents/inversekinematics/inversekinematics/solution1/.autopilot/db/inversekinematics.pp.0.cpp:45260:5: note: FIX-IT applied suggested code changes
/home/gabris/Documents/inversekinematics/inversekinematics/solution1/.autopilot/db/inversekinematics.pp.0.cpp:45275:3: warning: Added loop label VITIS_LOOP_3270_16:   [xilinx-label-all-loops]
  for(int j = 63; j >= 36; j--) {
  ^~~
  VITIS_LOOP_3270_16: 
/home/gabris/Documents/inversekinematics/inversekinematics/solution1/.autopilot/db/inversekinematics.pp.0.cpp:45275:3: note: FIX-IT applied suggested code changes
/home/gabris/Documents/inversekinematics/inversekinematics/solution1/.autopilot/db/inversekinematics.pp.0.cpp:45435:4: warning: Added loop label VITIS_LOOP_3430_17:   [xilinx-label-all-loops]
   for(int j = 63; j >= 31 + I_; j--) {
   ^~~
   VITIS_LOOP_3430_17: 
/home/gabris/Documents/inversekinematics/inversekinematics/solution1/.autopilot/db/inversekinematics.pp.0.cpp:45435:4: note: FIX-IT applied suggested code changes
/home/gabris/Documents/inversekinematics/inversekinematics/solution1/.autopilot/db/inversekinematics.pp.0.cpp:45442:5: warning: Added loop label VITIS_LOOP_3437_18:   [xilinx-label-all-loops]
    for(int j = 63; j >= 31 + I_; j--) {
    ^~~
    VITIS_LOOP_3437_18: 
/home/gabris/Documents/inversekinematics/inversekinematics/solution1/.autopilot/db/inversekinematics.pp.0.cpp:45442:5: note: FIX-IT applied suggested code changes
/home/gabris/Documents/inversekinematics/inversekinematics/solution1/.autopilot/db/inversekinematics.pp.0.cpp:45446:5: warning: Added loop label VITIS_LOOP_3441_19:   [xilinx-label-all-loops]
    for(int j = 30 + I_; j >= 0; j--) {
    ^~~
    VITIS_LOOP_3441_19: 
/home/gabris/Documents/inversekinematics/inversekinematics/solution1/.autopilot/db/inversekinematics.pp.0.cpp:45446:5: note: FIX-IT applied suggested code changes
/home/gabris/Documents/inversekinematics/inversekinematics/solution1/.autopilot/db/inversekinematics.pp.0.cpp:46161:13: warning: Added loop label VITIS_LOOP_729_1:   [xilinx-label-all-loops]
            for (b_exp = I_-1; b_exp >= -F_; b_exp--) {
            ^~~
            VITIS_LOOP_729_1: 
/home/gabris/Documents/inversekinematics/inversekinematics/solution1/.autopilot/db/inversekinematics.pp.0.cpp:46161:13: note: FIX-IT applied suggested code changes
/home/gabris/Documents/inversekinematics/inversekinematics/solution1/.autopilot/db/inversekinematics.pp.0.cpp:46379:13: warning: Added loop label VITIS_LOOP_947_1:   [xilinx-label-all-loops]
            for (b_exp = I_-1; b_exp >= -F_; b_exp--) {
            ^~~
            VITIS_LOOP_947_1: 
/home/gabris/Documents/inversekinematics/inversekinematics/solution1/.autopilot/db/inversekinematics.pp.0.cpp:46379:13: note: FIX-IT applied suggested code changes
/home/gabris/Documents/inversekinematics/inversekinematics/solution1/.autopilot/db/inversekinematics.pp.0.cpp:46796:13: warning: Added loop label VITIS_LOOP_1371_1:   [xilinx-label-all-loops]
            for (b_exp = I_-1; b_exp >= -F_; b_exp--) {
            ^~~
            VITIS_LOOP_1371_1: 
/home/gabris/Documents/inversekinematics/inversekinematics/solution1/.autopilot/db/inversekinematics.pp.0.cpp:46796:13: note: FIX-IT applied suggested code changes
/home/gabris/Documents/inversekinematics/inversekinematics/solution1/.autopilot/db/inversekinematics.pp.0.cpp:47110:9: warning: Added loop label VITIS_LOOP_266_1:   [xilinx-label-all-loops]
        for ( int pos = msbr-1; pos >= 0; pos-- ) {
        ^~~
        VITIS_LOOP_266_1: 
/home/gabris/Documents/inversekinematics/inversekinematics/solution1/.autopilot/db/inversekinematics.pp.0.cpp:47110:9: note: FIX-IT applied suggested code changes
/home/gabris/Documents/inversekinematics/inversekinematics/solution1/.autopilot/db/inversekinematics.pp.0.cpp:47138:9: warning: Added loop label VITIS_LOOP_294_2:   [xilinx-label-all-loops]
        for ( int pos = -1; pos >= -F_-1; pos-- ) {
        ^~~
        VITIS_LOOP_294_2: 
/home/gabris/Documents/inversekinematics/inversekinematics/solution1/.autopilot/db/inversekinematics.pp.0.cpp:47138:9: note: FIX-IT applied suggested code changes
/home/gabris/Documents/inversekinematics/inversekinematics/solution1/.autopilot/db/inversekinematics.pp.0.cpp:47833:13: warning: Added loop label VITIS_LOOP_74_1:   [xilinx-label-all-loops]
            for (int j = 0; j < W_-1; j++){
            ^~~
            VITIS_LOOP_74_1: 
/home/gabris/Documents/inversekinematics/inversekinematics/solution1/.autopilot/db/inversekinematics.pp.0.cpp:47833:13: note: FIX-IT applied suggested code changes
/home/gabris/Documents/inversekinematics/inversekinematics/solution1/.autopilot/db/inversekinematics.pp.0.cpp:47886:5: warning: Added loop label VITIS_LOOP_135_2:   [xilinx-label-all-loops]
    for (int j = F_l+F_+I_m-1; j < F_l+W_+5; j++){
    ^~~
    VITIS_LOOP_135_2: 
/home/gabris/Documents/inversekinematics/inversekinematics/solution1/.autopilot/db/inversekinematics.pp.0.cpp:47886:5: note: FIX-IT applied suggested code changes
/home/gabris/Documents/inversekinematics/inversekinematics/solution1/.autopilot/db/inversekinematics.pp.0.cpp:47900:13: warning: Added loop label VITIS_LOOP_149_3:   [xilinx-label-all-loops]
            for (int j = WO_m-1; j >= W_-1; j--) {
            ^~~
            VITIS_LOOP_149_3: 
/home/gabris/Documents/inversekinematics/inversekinematics/solution1/.autopilot/db/inversekinematics.pp.0.cpp:47900:13: note: FIX-IT applied suggested code changes
/home/gabris/Documents/inversekinematics/inversekinematics/solution1/.autopilot/db/inversekinematics.pp.0.cpp:47930:13: warning: Added loop label VITIS_LOOP_179_4:   [xilinx-label-all-loops]
            for (int j = W_-2; j >= 0; j--){
            ^~~
            VITIS_LOOP_179_4: 
/home/gabris/Documents/inversekinematics/inversekinematics/solution1/.autopilot/db/inversekinematics.pp.0.cpp:47930:13: note: FIX-IT applied suggested code changes
/home/gabris/Documents/inversekinematics/inversekinematics/solution1/.autopilot/db/inversekinematics.pp.0.cpp:48015:12: warning: Added loop label VITIS_LOOP_307_1:   [xilinx-label-all-loops]
           for(int i = wf_log+we_log-2; i > WI_e - 2; --i) {
           ^~~
           VITIS_LOOP_307_1: 
/home/gabris/Documents/inversekinematics/inversekinematics/solution1/.autopilot/db/inversekinematics.pp.0.cpp:48015:12: note: FIX-IT applied suggested code changes
/home/gabris/Documents/inversekinematics/inversekinematics/solution1/.autopilot/db/inversekinematics.pp.0.cpp:48035:16: warning: Added loop label VITIS_LOOP_327_2:   [xilinx-label-all-loops]
               for (int j = WO_e-1; j >= W_-1; j--) {
               ^~~
               VITIS_LOOP_327_2: 
/home/gabris/Documents/inversekinematics/inversekinematics/solution1/.autopilot/db/inversekinematics.pp.0.cpp:48035:16: note: FIX-IT applied suggested code changes
/home/gabris/Documents/inversekinematics/inversekinematics/solution1/.autopilot/db/inversekinematics.pp.0.cpp:48049:20: warning: Added loop label VITIS_LOOP_341_3:   [xilinx-label-all-loops]
                   for(int i = 0; i < W_-1; ++i) {
                   ^~~
                   VITIS_LOOP_341_3: 
/home/gabris/Documents/inversekinematics/inversekinematics/solution1/.autopilot/db/inversekinematics.pp.0.cpp:48049:20: note: FIX-IT applied suggested code changes
/home/gabris/Documents/inversekinematics/inversekinematics/solution1/.autopilot/db/inversekinematics.pp.0.cpp:48142:12: warning: Added loop label VITIS_LOOP_459_1:   [xilinx-label-all-loops]
           for (int j =WO_d-1; j >= W_-1; j--) {
           ^~~
           VITIS_LOOP_459_1: 
/home/gabris/Documents/inversekinematics/inversekinematics/solution1/.autopilot/db/inversekinematics.pp.0.cpp:48142:12: note: FIX-IT applied suggested code changes
/home/gabris/Documents/inversekinematics/inversekinematics/solution1/.autopilot/db/inversekinematics.pp.0.cpp:48156:15: warning: Added loop label VITIS_LOOP_473_2:   [xilinx-label-all-loops]
              for(int i = 0; i < W_-1; ++i) {
              ^~~
              VITIS_LOOP_473_2: 
/home/gabris/Documents/inversekinematics/inversekinematics/solution1/.autopilot/db/inversekinematics.pp.0.cpp:48156:15: note: FIX-IT applied suggested code changes
/home/gabris/Documents/inversekinematics/inversekinematics/solution1/.autopilot/db/inversekinematics.pp.0.cpp:48269:13: warning: Added loop label VITIS_LOOP_59_1:   [xilinx-label-all-loops]
            for (int i = 0; i < W_-1; i++){
            ^~~
            VITIS_LOOP_59_1: 
/home/gabris/Documents/inversekinematics/inversekinematics/solution1/.autopilot/db/inversekinematics.pp.0.cpp:48269:13: note: FIX-IT applied suggested code changes
/home/gabris/Documents/inversekinematics/inversekinematics/solution1/.autopilot/db/inversekinematics.pp.0.cpp:48393:13: warning: Added loop label VITIS_LOOP_209_1:   [xilinx-label-all-loops]
            for (int i = 0; i < W_-1; i++){
            ^~~
            VITIS_LOOP_209_1: 
/home/gabris/Documents/inversekinematics/inversekinematics/solution1/.autopilot/db/inversekinematics.pp.0.cpp:48393:13: note: FIX-IT applied suggested code changes
/home/gabris/Documents/inversekinematics/inversekinematics/solution1/.autopilot/db/inversekinematics.pp.0.cpp:48448:13: warning: Added loop label VITIS_LOOP_274_1:   [xilinx-label-all-loops]
            for (int i = 0; i < W_-1; i++){
            ^~~
            VITIS_LOOP_274_1: 
/home/gabris/Documents/inversekinematics/inversekinematics/solution1/.autopilot/db/inversekinematics.pp.0.cpp:48448:13: note: FIX-IT applied suggested code changes
/home/gabris/Documents/inversekinematics/inversekinematics/solution1/.autopilot/db/inversekinematics.pp.0.cpp:48953:2: warning: Added loop label VITIS_LOOP_42_1:   [xilinx-label-all-loops]
 for (int i=0; i<W_;i++)
 ^~~
 VITIS_LOOP_42_1: 
/home/gabris/Documents/inversekinematics/inversekinematics/solution1/.autopilot/db/inversekinematics.pp.0.cpp:48953:2: note: FIX-IT applied suggested code changes
/home/gabris/Documents/inversekinematics/inversekinematics/solution1/.autopilot/db/inversekinematics.pp.0.cpp:48964:2: warning: Added loop label VITIS_LOOP_53_1:   [xilinx-label-all-loops]
 for (int i=0; i<W_;i++)
 ^~~
 VITIS_LOOP_53_1: 
/home/gabris/Documents/inversekinematics/inversekinematics/solution1/.autopilot/db/inversekinematics.pp.0.cpp:48964:2: note: FIX-IT applied suggested code changes
/home/gabris/Documents/inversekinematics/inversekinematics/solution1/.autopilot/db/inversekinematics.pp.0.cpp:48975:2: warning: Added loop label VITIS_LOOP_64_1:   [xilinx-label-all-loops]
 for (int i=0; i<I_;i++)
 ^~~
 VITIS_LOOP_64_1: 
/home/gabris/Documents/inversekinematics/inversekinematics/solution1/.autopilot/db/inversekinematics.pp.0.cpp:48975:2: note: FIX-IT applied suggested code changes
/home/gabris/Documents/inversekinematics/inversekinematics/solution1/.autopilot/db/inversekinematics.pp.0.cpp:48986:2: warning: Added loop label VITIS_LOOP_75_1:   [xilinx-label-all-loops]
 for (int i=0; i<I_;i++)
 ^~~
 VITIS_LOOP_75_1: 
/home/gabris/Documents/inversekinematics/inversekinematics/solution1/.autopilot/db/inversekinematics.pp.0.cpp:48986:2: note: FIX-IT applied suggested code changes
/home/gabris/Documents/inversekinematics/inversekinematics/solution1/.autopilot/db/inversekinematics.pp.0.cpp:48997:2: warning: Added loop label VITIS_LOOP_86_1:   [xilinx-label-all-loops]
 for (int i=0; i<W_;i++)
 ^~~
 VITIS_LOOP_86_1: 
/home/gabris/Documents/inversekinematics/inversekinematics/solution1/.autopilot/db/inversekinematics.pp.0.cpp:48997:2: note: FIX-IT applied suggested code changes
/home/gabris/Documents/inversekinematics/inversekinematics/solution1/.autopilot/db/inversekinematics.pp.0.cpp:49008:2: warning: Added loop label VITIS_LOOP_97_1:   [xilinx-label-all-loops]
 for (int i=0; i<W_;i++)
 ^~~
 VITIS_LOOP_97_1: 
/home/gabris/Documents/inversekinematics/inversekinematics/solution1/.autopilot/db/inversekinematics.pp.0.cpp:49008:2: note: FIX-IT applied suggested code changes
/home/gabris/Documents/inversekinematics/inversekinematics/solution1/.autopilot/db/inversekinematics.pp.0.cpp:49019:2: warning: Added loop label VITIS_LOOP_108_1:   [xilinx-label-all-loops]
 for (int i=0; i<I_;i++)
 ^~~
 VITIS_LOOP_108_1: 
/home/gabris/Documents/inversekinematics/inversekinematics/solution1/.autopilot/db/inversekinematics.pp.0.cpp:49019:2: note: FIX-IT applied suggested code changes
/home/gabris/Documents/inversekinematics/inversekinematics/solution1/.autopilot/db/inversekinematics.pp.0.cpp:49030:2: warning: Added loop label VITIS_LOOP_119_1:   [xilinx-label-all-loops]
 for (int i=0; i<I_;i++)
 ^~~
 VITIS_LOOP_119_1: 
/home/gabris/Documents/inversekinematics/inversekinematics/solution1/.autopilot/db/inversekinematics.pp.0.cpp:49030:2: note: FIX-IT applied suggested code changes
/home/gabris/Documents/inversekinematics/inversekinematics/solution1/.autopilot/db/inversekinematics.pp.0.cpp:51331:12: warning: Added loop label VITIS_LOOP_23_1:   [xilinx-label-all-loops]
           for(int i = 0; i < W_-1; ++i) {
           ^~~
           VITIS_LOOP_23_1: 
/home/gabris/Documents/inversekinematics/inversekinematics/solution1/.autopilot/db/inversekinematics.pp.0.cpp:51331:12: note: FIX-IT applied suggested code changes
/home/gabris/Documents/inversekinematics/inversekinematics/solution1/.autopilot/db/inversekinematics.pp.0.cpp:51395:7: warning: Added loop label VITIS_LOOP_66_1:   [xilinx-label-all-loops]
      for(int pos = msbr - 1 ; pos >= -F-1; pos--) {
      ^~~
      VITIS_LOOP_66_1: 
/home/gabris/Documents/inversekinematics/inversekinematics/solution1/.autopilot/db/inversekinematics.pp.0.cpp:51395:7: note: FIX-IT applied suggested code changes
/home/gabris/Documents/inversekinematics/inversekinematics/solution1/.autopilot/db/inversekinematics.pp.0.cpp:51512:9: warning: Added loop label VITIS_LOOP_75_1:   [xilinx-label-all-loops]
        for(int pos = msbr - 1; pos >= 0; pos--) {
        ^~~
        VITIS_LOOP_75_1: 
/home/gabris/Documents/inversekinematics/inversekinematics/solution1/.autopilot/db/inversekinematics.pp.0.cpp:51512:9: note: FIX-IT applied suggested code changes
/home/gabris/Documents/inversekinematics/inversekinematics/solution1/.autopilot/db/inversekinematics.pp.0.cpp:51537:5: warning: Added loop label VITIS_LOOP_107_2:   [xilinx-label-all-loops]
    for(int pos = -1; pos >= -F-1; pos--) {
    ^~~
    VITIS_LOOP_107_2: 
/home/gabris/Documents/inversekinematics/inversekinematics/solution1/.autopilot/db/inversekinematics.pp.0.cpp:51537:5: note: FIX-IT applied suggested code changes
/home/gabris/Documents/inversekinematics/inversekinematics/solution1/.autopilot/db/inversekinematics.pp.0.cpp:51607:8: warning: Added loop label VITIS_LOOP_195_3:   [xilinx-label-all-loops]
       for(int i = 0; i < W - 1; ++i) {
       ^~~
       VITIS_LOOP_195_3: 
/home/gabris/Documents/inversekinematics/inversekinematics/solution1/.autopilot/db/inversekinematics.pp.0.cpp:51607:8: note: FIX-IT applied suggested code changes
